<?xml version="1.0"?>
<testsuite name="PhantomJS 1.9.8 (Windows 8 0.0.0)" package="unit" timestamp="2017-01-27T13:57:36" id="0" hostname="T440p-20131227b" tests="0" errors="0" failures="0" time="0.072">
  <properties>
    <property name="browser.fullName" value="Mozilla/5.0 (Windows NT 6.2; WOW64) AppleWebKit/534.34 (KHTML, like Gecko) PhantomJS/1.9.8 Safari/534.34"/>
  </properties>
  <testcase name="chpl.product.controller loading should log an error if the product load doesn't work" time="0.024" classname="PhantomJS_1_9_8_(Windows_8_0_0_0).unit.chpl.product.controller"/>
  <testcase name="chpl.search.controller should have a way to clear search terms and results" time="0.048" classname="PhantomJS_1_9_8_(Windows_8_0_0_0).unit.chpl.search.controller"/>
  <system-out>
    <![CDATA[
]]>
  </system-out>
  <system-err/>
</testsuite>