TN:
SF:C:\Users\alarned\git\chpl-website\src\app\search\search.module.js
FN:1,(anonymous_1)
FNF:1
FNH:1
FNDA:1,(anonymous_1)
DA:1,1
DA:4,1
LF:2
LH:2
BRF:0
BRH:0
end_of_record
TN:
SF:C:\Users\alarned\git\chpl-website\src\app\search\search.controller.js
FN:1,(anonymous_1)
FN:8,SearchController
FN:38,activate
FN:104,(anonymous_4)
FN:110,clearFilters
FN:132,clearPreviouslyCompared
FN:137,clearPreviouslyViewed
FN:142,clearSurveillanceActivityFilter
FN:147,certificationStatusFilter
FN:161,compare
FN:190,isCategoryChanged
FN:193,(anonymous_12)
FN:200,isChangedFromDefault
FN:214,populateSearchOptions
FN:216,(anonymous_15)
FN:243,reloadResults
FN:249,restoreResults
FN:273,search
FN:305,(anonymous_19)
FN:314,(anonymous_20)
FN:321,setRefine
FN:341,(anonymous_22)
FN:344,(anonymous_23)
FN:347,(anonymous_24)
FN:350,(anonymous_25)
FN:353,(anonymous_26)
FN:358,(anonymous_27)
FN:366,statusFont
FN:394,toggleCompare
FN:408,toggleCart
FN:417,truncButton
FN:426,viewProduct
FN:444,(anonymous_33)
FN:452,(anonymous_34)
FN:456,(anonymous_35)
FN:460,(anonymous_36)
FN:466,(anonymous_37)
FN:476,clear
FN:497,(anonymous_39)
FN:507,(anonymous_40)
FNF:40
FNH:22
FNDA:1,(anonymous_1)
FNDA:19,SearchController
FNDA:19,activate
FNDA:0,(anonymous_4)
FNDA:9,clearFilters
FNDA:0,clearPreviouslyCompared
FNDA:0,clearPreviouslyViewed
FNDA:0,clearSurveillanceActivityFilter
FNDA:3,certificationStatusFilter
FNDA:3,compare
FNDA:3,isCategoryChanged
FNDA:30,(anonymous_12)
FNDA:30,isChangedFromDefault
FNDA:19,populateSearchOptions
FNDA:19,(anonymous_15)
FNDA:0,reloadResults
FNDA:19,restoreResults
FNDA:12,search
FNDA:3,(anonymous_19)
FNDA:0,(anonymous_20)
FNDA:13,setRefine
FNDA:39,(anonymous_22)
FNDA:0,(anonymous_23)
FNDA:39,(anonymous_24)
FNDA:91,(anonymous_25)
FNDA:0,(anonymous_26)
FNDA:0,(anonymous_27)
FNDA:7,statusFont
FNDA:5,toggleCompare
FNDA:0,toggleCart
FNDA:0,truncButton
FNDA:0,viewProduct
FNDA:0,(anonymous_33)
FNDA:4,(anonymous_34)
FNDA:0,(anonymous_35)
FNDA:0,(anonymous_36)
FNDA:0,(anonymous_37)
FNDA:1,clear
FNDA:0,(anonymous_39)
FNDA:0,(anonymous_40)
DA:1,1
DA:4,1
DA:8,1
DA:9,19
DA:11,19
DA:12,19
DA:13,19
DA:14,19
DA:15,19
DA:16,19
DA:17,19
DA:18,19
DA:19,19
DA:20,19
DA:21,19
DA:22,19
DA:23,19
DA:24,19
DA:25,19
DA:26,19
DA:27,19
DA:28,19
DA:29,19
DA:30,19
DA:31,19
DA:32,19
DA:34,19
DA:38,1
DA:39,19
DA:40,19
DA:41,19
DA:62,19
DA:63,19
DA:64,19
DA:65,19
DA:67,0
DA:69,19
DA:70,19
DA:71,0
DA:73,19
DA:74,19
DA:75,0
DA:77,19
DA:78,19
DA:79,19
DA:80,19
DA:81,19
DA:82,19
DA:83,19
DA:88,19
DA:94,19
DA:96,19
DA:97,19
DA:99,19
DA:100,0
DA:101,0
DA:104,19
DA:105,0
DA:106,0
DA:110,1
DA:111,9
DA:112,9
DA:114,9
DA:115,9
DA:116,0
DA:118,9
DA:119,0
DA:121,9
DA:122,9
DA:123,9
DA:124,0
DA:126,9
DA:127,0
DA:129,9
DA:132,1
DA:133,0
DA:134,0
DA:137,1
DA:138,0
DA:139,0
DA:142,1
DA:143,0
DA:144,0
DA:147,1
DA:148,3
DA:149,1
DA:151,2
DA:161,1
DA:162,3
DA:163,3
DA:164,3
DA:165,3
DA:167,3
DA:168,3
DA:169,1
DA:170,1
DA:171,1
DA:172,2
DA:173,2
DA:174,1
DA:175,0
DA:178,2
DA:179,2
DA:182,1
DA:183,0
DA:185,1
DA:186,1
DA:190,1
DA:191,3
DA:192,3
DA:193,6
DA:194,30
DA:197,3
DA:200,1
DA:201,30
DA:202,4
DA:203,2
DA:204,1
DA:206,1
DA:210,26
DA:214,1
DA:215,19
DA:217,19
DA:218,19
DA:219,19
DA:220,19
DA:221,19
DA:222,19
DA:223,19
DA:224,19
DA:225,38
DA:226,0
DA:227,0
DA:230,19
DA:231,19
DA:232,38
DA:233,38
DA:235,19
DA:236,38
DA:237,38
DA:239,19
DA:243,1
DA:244,0
DA:245,0
DA:246,0
DA:249,1
DA:250,19
DA:251,19
DA:252,19
DA:253,19
DA:255,19
DA:257,19
DA:258,0
DA:259,0
DA:260,0
DA:261,0
DA:263,0
DA:264,0
DA:265,0
DA:273,1
DA:274,12
DA:275,12
DA:276,0
DA:277,0
DA:278,0
DA:280,0
DA:282,12
DA:284,12
DA:285,0
DA:286,0
DA:287,0
DA:289,0
DA:291,12
DA:293,12
DA:294,0
DA:295,0
DA:296,0
DA:298,0
DA:300,12
DA:302,12
DA:303,12
DA:304,12
DA:306,3
DA:307,3
DA:309,3
DA:310,3
DA:311,3
DA:312,3
DA:313,3
DA:315,0
DA:318,12
DA:321,1
DA:322,13
DA:323,13
DA:324,13
DA:325,13
DA:326,13
DA:327,13
DA:328,13
DA:329,13
DA:330,0
DA:332,13
DA:334,13
DA:335,0
DA:337,13
DA:339,13
DA:341,13
DA:342,39
DA:344,13
DA:345,0
DA:347,13
DA:348,39
DA:350,13
DA:351,91
DA:353,13
DA:354,0
DA:356,13
DA:357,0
DA:358,0
DA:359,0
DA:361,13
DA:362,0
DA:366,1
DA:367,7
DA:368,7
DA:370,1
DA:371,1
DA:373,1
DA:374,1
DA:376,1
DA:377,1
DA:379,1
DA:380,1
DA:382,1
DA:383,1
DA:385,1
DA:386,1
DA:388,1
DA:389,1
DA:391,7
DA:394,1
DA:395,5
DA:396,5
DA:397,2
DA:398,1
DA:399,1
DA:402,5
DA:403,4
DA:405,5
DA:408,1
DA:409,0
DA:410,0
DA:412,0
DA:414,0
DA:417,1
DA:418,0
DA:419,0
DA:420,0
DA:422,0
DA:423,0
DA:426,1
DA:427,0
DA:428,0
DA:429,0
DA:430,0
DA:433,0
DA:434,0
DA:435,0
DA:436,0
DA:438,0
DA:440,0
DA:444,19
DA:445,0
DA:446,0
DA:448,0
DA:452,19
DA:453,4
DA:456,19
DA:457,0
DA:460,19
DA:461,0
DA:462,0
DA:463,0
DA:466,19
DA:467,0
DA:468,0
DA:469,0
DA:470,0
DA:471,0
DA:472,0
DA:473,0
DA:476,1
DA:477,1
DA:478,1
DA:479,1
DA:480,1
DA:481,1
DA:482,1
DA:483,1
DA:484,1
DA:485,1
DA:486,1
DA:487,1
DA:488,1
DA:489,1
DA:490,1
DA:491,1
DA:492,1
DA:495,19
DA:497,19
DA:498,0
DA:499,0
DA:501,0
DA:502,0
DA:504,0
DA:507,19
DA:508,0
DA:509,0
LF:318
LH:226
BRDA:64,1,0,19
BRDA:64,1,1,0
BRDA:70,2,0,0
BRDA:70,2,1,19
BRDA:74,3,0,0
BRDA:74,3,1,19
BRDA:99,4,0,0
BRDA:99,4,1,19
BRDA:115,5,0,0
BRDA:115,5,1,9
BRDA:118,6,0,0
BRDA:118,6,1,9
BRDA:123,7,0,0
BRDA:123,7,1,9
BRDA:126,8,0,0
BRDA:126,8,1,9
BRDA:148,9,0,1
BRDA:148,9,1,2
BRDA:151,10,0,2
BRDA:151,10,1,2
BRDA:151,10,2,1
BRDA:151,10,3,0
BRDA:151,10,4,1
BRDA:151,10,5,0
BRDA:151,10,6,1
BRDA:151,10,7,0
BRDA:151,10,8,1
BRDA:151,10,9,0
BRDA:151,10,10,1
BRDA:151,10,11,0
BRDA:151,10,12,1
BRDA:151,10,13,1
BRDA:168,11,0,1
BRDA:168,11,1,2
BRDA:174,12,0,0
BRDA:174,12,1,1
BRDA:178,13,0,2
BRDA:178,13,1,0
BRDA:194,14,0,30
BRDA:194,14,1,20
BRDA:201,15,0,4
BRDA:201,15,1,26
BRDA:202,16,0,2
BRDA:202,16,1,2
BRDA:203,17,0,1
BRDA:203,17,1,1
BRDA:225,18,0,0
BRDA:225,18,1,38
BRDA:250,19,0,19
BRDA:250,19,1,0
BRDA:257,20,0,0
BRDA:257,20,1,19
BRDA:263,21,0,0
BRDA:263,21,1,0
BRDA:275,22,0,0
BRDA:275,22,1,12
BRDA:276,23,0,0
BRDA:276,23,1,0
BRDA:276,24,0,0
BRDA:276,24,1,0
BRDA:284,25,0,0
BRDA:284,25,1,12
BRDA:285,26,0,0
BRDA:285,26,1,0
BRDA:285,27,0,0
BRDA:285,27,1,0
BRDA:293,28,0,0
BRDA:293,28,1,12
BRDA:294,29,0,0
BRDA:294,29,1,0
BRDA:294,30,0,0
BRDA:294,30,1,0
BRDA:329,31,0,0
BRDA:329,31,1,13
BRDA:334,32,0,0
BRDA:334,32,1,13
BRDA:342,33,0,39
BRDA:342,33,1,0
BRDA:345,34,0,0
BRDA:345,34,1,0
BRDA:348,35,0,26
BRDA:348,35,1,13
BRDA:351,36,0,78
BRDA:351,36,1,13
BRDA:354,37,0,0
BRDA:354,37,1,0
BRDA:356,38,0,0
BRDA:356,38,1,13
BRDA:359,39,0,0
BRDA:359,39,1,0
BRDA:361,40,0,0
BRDA:361,40,1,13
BRDA:368,41,0,1
BRDA:368,41,1,1
BRDA:368,41,2,1
BRDA:368,41,3,1
BRDA:368,41,4,1
BRDA:368,41,5,1
BRDA:368,41,6,1
BRDA:397,42,0,1
BRDA:397,42,1,1
BRDA:402,43,0,4
BRDA:402,43,1,1
BRDA:409,44,0,0
BRDA:409,44,1,0
BRDA:419,45,0,0
BRDA:419,45,1,0
BRDA:429,46,0,0
BRDA:429,46,1,0
BRDA:433,47,0,0
BRDA:433,47,1,0
BRDA:435,48,0,0
BRDA:435,48,1,0
BRDA:445,49,0,0
BRDA:445,49,1,0
BRDA:453,50,0,4
BRDA:453,50,1,4
BRDA:457,51,0,0
BRDA:457,51,1,0
BRDA:491,52,0,1
BRDA:491,52,1,0
BRDA:498,53,0,0
BRDA:498,53,1,0
BRF:123
BRH:60
end_of_record
TN:
SF:C:\Users\alarned\git\chpl-website\src\app\resources\resources.module.js
FN:1,(anonymous_1)
FNF:1
FNH:1
FNDA:1,(anonymous_1)
DA:1,1
DA:4,1
LF:2
LH:2
BRF:0
BRH:0
end_of_record
TN:
SF:C:\Users\alarned\git\chpl-website\src\app\resources\resources.controller.js
FN:1,(anonymous_1)
FN:8,ResourcesController
FN:21,activate
FN:41,convertArrayOfObjectsToCSV
FN:54,(anonymous_5)
FN:60,(anonymous_6)
FN:76,download
FN:97,msieversion
FN:109,lookupCertIds
FN:132,(anonymous_10)
FN:145,(anonymous_11)
FN:152,(anonymous_12)
FN:166,(anonymous_13)
FN:177,clearLookup
FN:183,clearLookupResults
FN:190,viewProduct
FNF:16
FNH:3
FNDA:1,(anonymous_1)
FNDA:2,ResourcesController
FNDA:2,activate
FNDA:0,convertArrayOfObjectsToCSV
FNDA:0,(anonymous_5)
FNDA:0,(anonymous_6)
FNDA:0,download
FNDA:0,msieversion
FNDA:0,lookupCertIds
FNDA:0,(anonymous_10)
FNDA:0,(anonymous_11)
FNDA:0,(anonymous_12)
FNDA:0,(anonymous_13)
FNDA:0,clearLookup
FNDA:0,clearLookupResults
FNDA:0,viewProduct
DA:1,1
DA:4,1
DA:8,1
DA:9,2
DA:11,2
DA:12,2
DA:13,2
DA:14,2
DA:15,2
DA:17,2
DA:21,1
DA:23,2
DA:24,2
DA:25,2
DA:26,2
DA:28,2
DA:29,0
DA:31,2
DA:32,2
DA:33,2
DA:34,2
DA:35,2
DA:37,0
DA:41,1
DA:42,0
DA:44,0
DA:45,0
DA:46,0
DA:49,0
DA:50,0
DA:53,0
DA:54,0
DA:56,0
DA:57,0
DA:58,0
DA:60,0
DA:61,0
DA:62,0
DA:63,0
DA:64,0
DA:65,0
DA:66,0
DA:67,0
DA:68,0
DA:69,0
DA:70,0
DA:73,0
DA:76,1
DA:77,0
DA:78,0
DA:82,0
DA:84,0
DA:85,0
DA:87,0
DA:88,0
DA:90,0
DA:91,0
DA:92,0
DA:93,0
DA:97,1
DA:98,0
DA:99,0
DA:101,0
DA:102,0
DA:104,0
DA:106,0
DA:109,1
DA:110,0
DA:111,0
DA:112,0
DA:114,0
DA:115,0
DA:116,0
DA:119,0
DA:120,0
DA:124,0
DA:125,0
DA:127,0
DA:129,0
DA:132,0
DA:135,0
DA:136,0
DA:139,0
DA:141,0
DA:144,0
DA:147,0
DA:148,0
DA:151,0
DA:152,0
DA:153,0
DA:154,0
DA:155,0
DA:159,0
DA:162,0
DA:163,0
DA:164,0
DA:167,0
DA:168,0
DA:177,1
DA:178,0
DA:179,0
DA:180,0
DA:183,1
DA:184,0
DA:185,0
DA:186,0
DA:187,0
DA:190,1
DA:191,0
LF:109
LH:28
BRDA:28,1,0,0
BRDA:28,1,1,2
BRDA:28,2,0,2
BRDA:28,2,1,0
BRDA:34,3,0,2
BRDA:34,3,1,0
BRDA:44,4,0,0
BRDA:44,4,1,0
BRDA:45,5,0,0
BRDA:45,5,1,0
BRDA:45,6,0,0
BRDA:45,6,1,0
BRDA:49,7,0,0
BRDA:49,7,1,0
BRDA:50,8,0,0
BRDA:50,8,1,0
BRDA:54,9,0,0
BRDA:54,9,1,0
BRDA:61,10,0,0
BRDA:61,10,1,0
BRDA:62,11,0,0
BRDA:62,11,1,0
BRDA:63,12,0,0
BRDA:63,12,1,0
BRDA:64,13,0,0
BRDA:64,13,1,0
BRDA:65,14,0,0
BRDA:65,14,1,0
BRDA:66,15,0,0
BRDA:66,15,1,0
BRDA:67,16,0,0
BRDA:67,16,1,0
BRDA:68,17,0,0
BRDA:68,17,1,0
BRDA:69,18,0,0
BRDA:69,18,1,0
BRDA:82,19,0,0
BRDA:82,19,1,0
BRDA:84,20,0,0
BRDA:84,20,1,0
BRDA:87,21,0,0
BRDA:87,21,1,0
BRDA:101,22,0,0
BRDA:101,22,1,0
BRDA:101,23,0,0
BRDA:101,23,1,0
BRDA:114,24,0,0
BRDA:114,24,1,0
BRDA:114,25,0,0
BRDA:114,25,1,0
BRDA:119,26,0,0
BRDA:119,26,1,0
BRDA:135,27,0,0
BRDA:135,27,1,0
BRDA:139,28,0,0
BRDA:139,28,1,0
BRDA:147,29,0,0
BRDA:147,29,1,0
BRDA:151,30,0,0
BRDA:151,30,1,0
BRF:60
BRH:3
end_of_record
TN:
SF:C:\Users\alarned\git\chpl-website\src\app\registration\registration.module.js
FN:1,(anonymous_1)
FNF:1
FNH:1
FNDA:1,(anonymous_1)
DA:1,1
DA:4,1
LF:2
LH:2
BRF:0
BRH:0
end_of_record
TN:
SF:C:\Users\alarned\git\chpl-website\src\app\registration\create.controller.js
FN:1,(anonymous_1)
FN:8,CreateController
FN:20,activate
FN:34,authorizeUser
FN:39,(anonymous_5)
FN:41,(anonymous_6)
FN:51,createUser
FN:55,(anonymous_8)
FN:61,(anonymous_9)
FN:71,isAuthed
FN:75,misMatchPasswords
FN:79,(anonymous_12)
FNF:12
FNH:8
FNDA:1,(anonymous_1)
FNDA:6,CreateController
FNDA:6,activate
FNDA:6,authorizeUser
FNDA:6,(anonymous_5)
FNDA:0,(anonymous_6)
FNDA:1,createUser
FNDA:0,(anonymous_8)
FNDA:0,(anonymous_9)
FNDA:6,isAuthed
FNDA:0,misMatchPasswords
FNDA:3,(anonymous_12)
DA:1,1
DA:4,1
DA:8,1
DA:9,6
DA:11,6
DA:12,6
DA:13,6
DA:14,6
DA:16,6
DA:20,1
DA:21,6
DA:24,6
DA:25,6
DA:26,6
DA:27,6
DA:28,6
DA:29,6
DA:30,6
DA:34,1
DA:35,6
DA:38,6
DA:40,6
DA:42,0
DA:43,0
DA:44,0
DA:45,0
DA:46,0
DA:51,1
DA:52,1
DA:53,0
DA:54,0
DA:56,0
DA:57,0
DA:58,0
DA:59,0
DA:60,0
DA:62,0
DA:63,0
DA:64,0
DA:65,0
DA:66,0
DA:71,1
DA:72,6
DA:75,1
DA:76,0
DA:79,6
DA:80,3
DA:81,3
DA:82,3
DA:83,3
DA:84,3
DA:85,3
DA:86,3
DA:87,3
DA:88,3
DA:89,3
LF:56
LH:38
BRDA:29,1,0,6
BRDA:29,1,1,0
BRDA:35,2,0,6
BRDA:35,2,1,0
BRDA:35,3,0,6
BRDA:35,3,1,0
BRDA:35,3,2,6
BRDA:35,3,3,6
BRDA:52,4,0,0
BRDA:52,4,1,1
BRDA:81,5,0,3
BRDA:81,5,1,3
BRDA:81,5,2,3
BRDA:82,6,0,3
BRDA:82,6,1,3
BRDA:82,6,2,2
BRDA:83,7,0,3
BRDA:83,7,1,2
BRDA:83,7,2,2
BRDA:84,8,0,3
BRDA:84,8,1,2
BRDA:84,8,2,2
BRDA:85,9,0,3
BRDA:85,9,1,2
BRDA:85,9,2,2
BRDA:86,10,0,3
BRDA:86,10,1,2
BRDA:86,10,2,2
BRDA:87,11,0,3
BRDA:87,11,1,2
BRDA:87,11,2,2
BRDA:88,12,0,3
BRDA:88,12,1,2
BRF:33
BRH:29
end_of_record
TN:
SF:C:\Users\alarned\git\chpl-website\src\app\registration\confirm.controller.js
FN:1,(anonymous_1)
FN:8,ConfirmController
FN:17,activate
FN:23,confirmUser
FN:25,(anonymous_5)
FN:28,(anonymous_6)
FNF:6
FNH:5
FNDA:1,(anonymous_1)
FNDA:3,ConfirmController
FNDA:3,activate
FNDA:3,confirmUser
FNDA:3,(anonymous_5)
FNDA:0,(anonymous_6)
DA:1,1
DA:4,1
DA:8,1
DA:9,3
DA:11,3
DA:13,3
DA:17,1
DA:18,3
DA:19,3
DA:20,3
DA:23,1
DA:24,3
DA:26,3
DA:27,3
DA:29,0
DA:30,0
LF:16
LH:14
BRF:0
BRH:0
end_of_record
TN:
SF:C:\Users\alarned\git\chpl-website\src\app\registration\components\apiKey.directive.js
FN:1,(anonymous_1)
FN:9,aiApiKey
FN:24,ApiKeyController
FN:35,activate
FN:43,loadUsers
FN:45,(anonymous_6)
FN:47,(anonymous_7)
FN:52,register
FN:55,(anonymous_9)
FN:58,(anonymous_10)
FN:64,revoke
FN:67,(anonymous_12)
FN:69,(anonymous_13)
FNF:13
FNH:13
FNDA:1,(anonymous_1)
FNDA:11,aiApiKey
FNDA:22,ApiKeyController
FNDA:22,activate
FNDA:15,loadUsers
FNDA:13,(anonymous_6)
FNDA:1,(anonymous_7)
FNDA:4,register
FNDA:1,(anonymous_9)
FNDA:1,(anonymous_10)
FNDA:4,revoke
FNDA:1,(anonymous_12)
FNDA:1,(anonymous_13)
DA:1,1
DA:4,1
DA:9,1
DA:10,11
DA:24,1
DA:25,22
DA:27,22
DA:28,22
DA:29,22
DA:31,22
DA:35,1
DA:36,22
DA:37,22
DA:38,22
DA:39,11
DA:43,1
DA:44,15
DA:46,13
DA:48,1
DA:52,1
DA:53,4
DA:54,2
DA:56,1
DA:57,1
DA:59,1
DA:64,1
DA:65,4
DA:66,2
DA:68,1
DA:70,1
LF:30
LH:30
BRDA:38,1,0,11
BRDA:38,1,1,11
BRDA:53,2,0,2
BRDA:53,2,1,2
BRDA:53,3,0,4
BRDA:53,3,1,3
BRDA:65,4,0,2
BRDA:65,4,1,2
BRDA:65,5,0,4
BRDA:65,5,1,3
BRF:10
BRH:10
end_of_record
TN:
SF:C:\Users\alarned\git\chpl-website\src\app\product\product.module.js
FN:1,(anonymous_1)
FNF:1
FNH:1
FNDA:1,(anonymous_1)
DA:1,1
DA:4,1
LF:2
LH:2
BRF:0
BRH:0
end_of_record
TN:
SF:C:\Users\alarned\git\chpl-website\src\app\product\product.controller.js
FN:1,(anonymous_1)
FN:8,ProductController
FN:15,activate
FN:18,(anonymous_4)
FN:20,(anonymous_5)
FN:24,(anonymous_6)
FN:26,(anonymous_7)
FNF:7
FNH:5
FNDA:1,(anonymous_1)
FNDA:1,ProductController
FNDA:1,activate
FNDA:1,(anonymous_4)
FNDA:0,(anonymous_5)
FNDA:1,(anonymous_6)
FNDA:0,(anonymous_7)
DA:1,1
DA:4,1
DA:8,1
DA:9,1
DA:11,1
DA:15,1
DA:16,1
DA:17,1
DA:19,1
DA:21,0
DA:23,1
DA:25,1
DA:27,0
DA:29,1
LF:14
LH:12
BRF:0
BRH:0
end_of_record
TN:
SF:C:\Users\alarned\git\chpl-website\src\app\overview\overview.module.js
FN:1,(anonymous_1)
FNF:1
FNH:1
FNDA:1,(anonymous_1)
DA:1,1
DA:4,1
LF:2
LH:2
BRF:0
BRH:0
end_of_record
TN:
SF:C:\Users\alarned\git\chpl-website\src\app\overview\overview.controller.js
FN:1,(anonymous_1)
FN:9,OverviewController
FN:21,activate
FN:27,loadAnnouncements
FN:29,(anonymous_5)
FN:31,(anonymous_6)
FN:36,loadAcbs
FN:38,(anonymous_8)
FN:40,(anonymous_9)
FN:45,loadAtls
FN:47,(anonymous_11)
FN:49,(anonymous_12)
FN:54,toTop
FNF:13
FNH:1
FNDA:1,(anonymous_1)
FNDA:0,OverviewController
FNDA:0,activate
FNDA:0,loadAnnouncements
FNDA:0,(anonymous_5)
FNDA:0,(anonymous_6)
FNDA:0,loadAcbs
FNDA:0,(anonymous_8)
FNDA:0,(anonymous_9)
FNDA:0,loadAtls
FNDA:0,(anonymous_11)
FNDA:0,(anonymous_12)
FNDA:0,toTop
DA:1,1
DA:4,1
DA:9,1
DA:10,0
DA:12,0
DA:13,0
DA:14,0
DA:15,0
DA:17,0
DA:21,1
DA:22,0
DA:23,0
DA:24,0
DA:27,1
DA:28,0
DA:30,0
DA:32,0
DA:36,1
DA:37,0
DA:39,0
DA:41,0
DA:45,1
DA:46,0
DA:48,0
DA:50,0
DA:54,1
DA:55,0
DA:56,0
LF:28
LH:8
BRF:0
BRH:0
end_of_record
TN:
SF:C:\Users\alarned\git\chpl-website\src\app\navigation\navigation.module.js
FN:1,(anonymous_1)
FN:5,authInterceptor
FN:8,(anonymous_3)
FN:22,(anonymous_4)
FN:42,(anonymous_5)
FNF:5
FNH:5
FNDA:1,(anonymous_1)
FNDA:27,authInterceptor
FNDA:22,(anonymous_3)
FNDA:22,(anonymous_4)
FNDA:27,(anonymous_5)
DA:1,1
DA:5,1
DA:6,27
DA:9,22
DA:10,22
DA:11,22
DA:12,2
DA:13,2
DA:14,1
DA:18,22
DA:23,22
DA:24,2
DA:25,2
DA:26,2
DA:28,2
DA:29,2
DA:35,22
DA:40,1
DA:43,27
LF:19
LH:19
BRDA:11,1,0,2
BRDA:11,1,1,20
BRDA:13,2,0,1
BRDA:13,2,1,1
BRDA:23,3,0,2
BRDA:23,3,1,20
BRDA:25,4,0,2
BRDA:25,4,1,0
BRDA:28,5,0,2
BRDA:28,5,1,0
BRF:10
BRH:8
end_of_record
TN:
SF:C:\Users\alarned\git\chpl-website\src\app\navigation\navigation.directive.js
FN:1,(anonymous_1)
FN:10,aiNavigationTop
FN:23,aiNavigationBottom
FN:36,NavigationController
FN:55,activate
FN:59,clear
FN:64,getUsername
FN:68,isAcbAdmin
FN:72,isAcbStaff
FN:76,isActive
FN:80,isAtlAdmin
FN:84,isAuthed
FN:88,isChplAdmin
FN:92,isCmsStaff
FN:96,isOncStaff
FN:100,loadAnnouncements
FN:102,(anonymous_17)
FN:104,(anonymous_18)
FNF:18
FNH:7
FNDA:1,(anonymous_1)
FNDA:0,aiNavigationTop
FNDA:0,aiNavigationBottom
FNDA:4,NavigationController
FNDA:4,activate
FNDA:0,clear
FNDA:1,getUsername
FNDA:0,isAcbAdmin
FNDA:0,isAcbStaff
FNDA:2,isActive
FNDA:0,isAtlAdmin
FNDA:1,isAuthed
FNDA:0,isChplAdmin
FNDA:0,isCmsStaff
FNDA:0,isOncStaff
FNDA:4,loadAnnouncements
FNDA:0,(anonymous_17)
FNDA:0,(anonymous_18)
DA:1,1
DA:4,1
DA:10,1
DA:11,0
DA:23,1
DA:24,0
DA:36,1
DA:37,4
DA:39,4
DA:40,4
DA:41,4
DA:42,4
DA:43,4
DA:44,4
DA:45,4
DA:46,4
DA:47,4
DA:48,4
DA:49,4
DA:51,4
DA:55,1
DA:56,4
DA:59,1
DA:60,0
DA:61,0
DA:64,1
DA:65,1
DA:68,1
DA:69,0
DA:72,1
DA:73,0
DA:76,1
DA:77,2
DA:80,1
DA:81,0
DA:84,1
DA:85,1
DA:88,1
DA:89,0
DA:92,1
DA:93,0
DA:96,1
DA:97,0
DA:100,1
DA:101,4
DA:103,0
DA:105,0
LF:47
LH:35
BRF:0
BRH:0
end_of_record
TN:
SF:C:\Users\alarned\git\chpl-website\src\app\login\login.module.js
FN:1,(anonymous_1)
FNF:1
FNH:1
FNDA:1,(anonymous_1)
DA:1,1
DA:4,1
LF:2
LH:2
BRF:0
BRH:0
end_of_record
TN:
SF:C:\Users\alarned\git\chpl-website\src\app\login\login.services.js
FN:1,(anonymous_1)
FN:8,authService
FN:11,(anonymous_3)
FN:18,(anonymous_4)
FN:22,(anonymous_5)
FN:26,(anonymous_6)
FN:30,(anonymous_7)
FN:40,(anonymous_8)
FN:51,(anonymous_9)
FN:62,(anonymous_10)
FN:73,(anonymous_11)
FN:84,(anonymous_12)
FN:95,(anonymous_13)
FN:106,(anonymous_14)
FN:117,(anonymous_15)
FN:128,(anonymous_16)
FNF:16
FNH:7
FNDA:1,(anonymous_1)
FNDA:17,authService
FNDA:4,(anonymous_3)
FNDA:1,(anonymous_4)
FNDA:20,(anonymous_5)
FNDA:19,(anonymous_6)
FNDA:0,(anonymous_7)
FNDA:0,(anonymous_8)
FNDA:0,(anonymous_9)
FNDA:0,(anonymous_10)
FNDA:0,(anonymous_11)
FNDA:0,(anonymous_12)
FNDA:0,(anonymous_13)
FNDA:0,(anonymous_14)
FNDA:0,(anonymous_15)
FNDA:2,(anonymous_16)
DA:1,1
DA:4,1
DA:8,1
DA:9,17
DA:11,17
DA:12,4
DA:13,4
DA:14,4
DA:18,17
DA:19,1
DA:22,17
DA:23,20
DA:26,17
DA:27,19
DA:30,17
DA:31,0
DA:32,0
DA:33,0
DA:34,0
DA:36,0
DA:40,17
DA:41,0
DA:42,0
DA:43,0
DA:44,0
DA:45,0
DA:48,0
DA:51,17
DA:52,0
DA:53,0
DA:54,0
DA:55,0
DA:56,0
DA:59,0
DA:62,17
DA:63,0
DA:64,0
DA:65,0
DA:66,0
DA:67,0
DA:70,0
DA:73,17
DA:74,0
DA:75,0
DA:76,0
DA:77,0
DA:78,0
DA:81,0
DA:84,17
DA:85,0
DA:86,0
DA:87,0
DA:88,0
DA:89,0
DA:92,0
DA:95,17
DA:96,0
DA:97,0
DA:98,0
DA:99,0
DA:100,0
DA:103,0
DA:106,17
DA:107,0
DA:108,0
DA:109,0
DA:110,0
DA:111,0
DA:114,0
DA:117,17
DA:118,0
DA:119,0
DA:120,0
DA:121,0
DA:123,0
DA:124,0
DA:128,17
DA:129,2
LF:78
LH:25
BRDA:12,1,0,4
BRDA:12,1,1,0
BRDA:32,2,0,0
BRDA:32,2,1,0
BRDA:42,3,0,0
BRDA:42,3,1,0
BRDA:44,4,0,0
BRDA:44,4,1,0
BRDA:53,5,0,0
BRDA:53,5,1,0
BRDA:55,6,0,0
BRDA:55,6,1,0
BRDA:64,7,0,0
BRDA:64,7,1,0
BRDA:66,8,0,0
BRDA:66,8,1,0
BRDA:75,9,0,0
BRDA:75,9,1,0
BRDA:77,10,0,0
BRDA:77,10,1,0
BRDA:86,11,0,0
BRDA:86,11,1,0
BRDA:88,12,0,0
BRDA:88,12,1,0
BRDA:97,13,0,0
BRDA:97,13,1,0
BRDA:99,14,0,0
BRDA:99,14,1,0
BRDA:108,15,0,0
BRDA:108,15,1,0
BRDA:110,16,0,0
BRDA:110,16,1,0
BRDA:118,17,0,0
BRDA:118,17,1,0
BRF:34
BRH:1
end_of_record
TN:
SF:C:\Users\alarned\git\chpl-website\src\app\index.module.js
FN:1,(anonymous_1)
FNF:1
FNH:1
FNDA:1,(anonymous_1)
DA:1,1
DA:4,1
LF:2
LH:2
BRF:0
BRH:0
end_of_record
TN:
SF:C:\Users\alarned\git\chpl-website\src\app\index.run.js
FN:1,(anonymous_1)
FN:9,runBlock
FN:10,(anonymous_3)
FN:17,(anonymous_4)
FNF:4
FNH:3
FNDA:1,(anonymous_1)
FNDA:15,runBlock
FNDA:4,(anonymous_3)
FNDA:0,(anonymous_4)
DA:1,1
DA:4,1
DA:9,1
DA:10,15
DA:11,4
DA:12,2
DA:13,2
DA:15,4
DA:16,0
DA:17,0
DA:18,0
DA:19,0
DA:20,0
DA:21,0
DA:22,0
LF:15
LH:8
BRDA:11,1,0,2
BRDA:11,1,1,2
BRDA:15,2,0,0
BRDA:15,2,1,4
BRDA:20,3,0,0
BRDA:20,3,1,0
BRDA:20,4,0,0
BRDA:20,4,1,0
BRF:8
BRH:3
end_of_record
TN:
SF:C:\Users\alarned\git\chpl-website\src\app\index.route.js
FN:1,(anonymous_1)
FN:8,routeConfig
FNF:2
FNH:2
FNDA:1,(anonymous_1)
FNDA:15,routeConfig
DA:1,1
DA:4,1
DA:8,1
DA:9,15
LF:4
LH:4
BRF:0
BRH:0
end_of_record
TN:
SF:C:\Users\alarned\git\chpl-website\src\app\index.constants.js
FN:1,(anonymous_1)
FNF:1
FNH:1
FNDA:1,(anonymous_1)
DA:1,1
DA:4,1
LF:2
LH:2
BRF:0
BRH:0
end_of_record
TN:
SF:C:\Users\alarned\git\chpl-website\src\app\index.config.js
FN:1,(anonymous_1)
FN:9,config
FNF:2
FNH:2
FNDA:1,(anonymous_1)
FNDA:15,config
DA:1,1
DA:4,1
DA:9,1
DA:11,15
LF:4
LH:4
BRF:0
BRH:0
end_of_record
TN:
SF:C:\Users\alarned\git\chpl-website\src\app\decertifications\decertifications.module.js
FN:1,(anonymous_1)
FNF:1
FNH:1
FNDA:1,(anonymous_1)
DA:1,1
DA:4,1
LF:2
LH:2
BRF:0
BRH:0
end_of_record
TN:
SF:C:\Users\alarned\git\chpl-website\src\app\decertifications\products\products.controller.js
FN:1,(anonymous_1)
FN:8,DecertifiedProductsController
FN:17,activate
FN:21,(anonymous_4)
FN:25,(anonymous_5)
FN:29,(anonymous_6)
FN:35,loadProducts
FNF:7
FNH:6
FNDA:1,(anonymous_1)
FNDA:7,DecertifiedProductsController
FNDA:7,activate
FNDA:7,(anonymous_4)
FNDA:0,(anonymous_5)
FNDA:7,(anonymous_6)
FNDA:7,loadProducts
DA:1,1
DA:4,1
DA:8,1
DA:9,7
DA:11,7
DA:13,7
DA:17,1
DA:18,7
DA:19,7
DA:20,7
DA:22,7
DA:23,7
DA:24,7
DA:26,0
DA:28,7
DA:30,7
DA:31,7
DA:35,1
DA:36,7
DA:37,7
DA:38,14
LF:21
LH:20
BRF:0
BRH:0
end_of_record
TN:
SF:C:\Users\alarned\git\chpl-website\src\app\decertifications\developers\developers.controller.js
FN:1,(anonymous_1)
FN:8,DecertifiedDevelopersController
FN:17,activate
FN:21,(anonymous_4)
FN:25,(anonymous_5)
FN:30,(anonymous_6)
FN:39,loadDevelopers
FNF:7
FNH:6
FNDA:1,(anonymous_1)
FNDA:7,DecertifiedDevelopersController
FNDA:7,activate
FNDA:7,(anonymous_4)
FNDA:0,(anonymous_5)
FNDA:7,(anonymous_6)
FNDA:7,loadDevelopers
DA:1,1
DA:4,1
DA:8,1
DA:9,7
DA:11,7
DA:13,7
DA:17,1
DA:18,7
DA:19,7
DA:20,7
DA:22,7
DA:23,7
DA:24,7
DA:26,0
DA:27,0
DA:29,7
DA:31,7
DA:32,7
DA:35,7
DA:39,1
DA:40,7
DA:41,7
DA:42,7
DA:48,7
DA:49,7
LF:25
LH:23
BRF:0
BRH:0
end_of_record
TN:
SF:C:\Users\alarned\git\chpl-website\src\app\components\util\array.directive.js
FN:1,(anonymous_1)
FN:8,ArrayController
FN:18,activate
FN:25,addItem
FN:41,removeItem
FN:47,(anonymous_6)
FNF:6
FNH:6
FNDA:1,(anonymous_1)
FNDA:11,ArrayController
FNDA:11,activate
FNDA:3,addItem
FNDA:1,removeItem
FNDA:10,(anonymous_6)
DA:1,1
DA:4,1
DA:8,1
DA:9,11
DA:11,11
DA:12,11
DA:14,11
DA:18,1
DA:19,11
DA:20,10
DA:22,11
DA:25,1
DA:26,3
DA:27,3
DA:29,3
DA:30,2
DA:32,3
DA:33,0
DA:35,3
DA:36,3
DA:37,3
DA:38,3
DA:41,1
DA:42,1
DA:46,1
DA:48,10
LF:26
LH:25
BRDA:19,1,0,10
BRDA:19,1,1,1
BRDA:29,2,0,2
BRDA:29,2,1,1
BRDA:32,3,0,0
BRDA:32,3,1,3
BRF:6
BRH:5
end_of_record
TN:
SF:C:\Users\alarned\git\chpl-website\src\app\components\util\a.directive.js
FN:1,(anonymous_1)
FN:5,(anonymous_2)
FN:12,activate
FN:21,(anonymous_4)
FNF:4
FNH:4
FNDA:1,(anonymous_1)
FNDA:4,(anonymous_2)
FNDA:4,activate
FNDA:3,(anonymous_4)
DA:1,1
DA:4,1
DA:6,4
DA:8,4
DA:12,1
DA:13,4
DA:14,4
DA:15,3
DA:20,1
DA:22,3
LF:10
LH:10
BRDA:14,1,0,3
BRDA:14,1,1,1
BRF:2
BRH:2
end_of_record
TN:
SF:C:\Users\alarned\git\chpl-website\src\app\components\surveillance\surveillance.directive.js
FN:1,(anonymous_1)
FN:8,aiSurveillance
FN:24,SurveillanceController
FN:38,activate
FN:44,editSurveillance
FN:55,(anonymous_6)
FN:56,(anonymous_7)
FN:57,(anonymous_8)
FN:60,(anonymous_9)
FN:62,(anonymous_10)
FN:65,(anonymous_11)
FN:72,getTitle
FN:98,initiateSurveillance
FN:109,(anonymous_14)
FN:110,(anonymous_15)
FN:111,(anonymous_16)
FN:114,(anonymous_17)
FN:116,(anonymous_18)
FN:119,(anonymous_19)
FN:126,sortResults
FN:131,surveillanceResults
FN:146,fixRequirementOptions
FNF:22
FNH:1
FNDA:1,(anonymous_1)
FNDA:0,aiSurveillance
FNDA:0,SurveillanceController
FNDA:0,activate
FNDA:0,editSurveillance
FNDA:0,(anonymous_6)
FNDA:0,(anonymous_7)
FNDA:0,(anonymous_8)
FNDA:0,(anonymous_9)
FNDA:0,(anonymous_10)
FNDA:0,(anonymous_11)
FNDA:0,getTitle
FNDA:0,initiateSurveillance
FNDA:0,(anonymous_14)
FNDA:0,(anonymous_15)
FNDA:0,(anonymous_16)
FNDA:0,(anonymous_17)
FNDA:0,(anonymous_18)
FNDA:0,(anonymous_19)
FNDA:0,sortResults
FNDA:0,surveillanceResults
FNDA:0,fixRequirementOptions
DA:1,1
DA:4,1
DA:8,1
DA:9,0
DA:24,1
DA:25,0
DA:27,0
DA:28,0
DA:29,0
DA:30,0
DA:31,0
DA:32,0
DA:34,0
DA:38,1
DA:39,0
DA:40,0
DA:41,0
DA:44,1
DA:45,0
DA:46,0
DA:55,0
DA:56,0
DA:57,0
DA:60,0
DA:61,0
DA:63,0
DA:66,0
DA:67,0
DA:72,1
DA:73,0
DA:74,0
DA:75,0
DA:76,0
DA:78,0
DA:81,0
DA:82,0
DA:83,0
DA:84,0
DA:85,0
DA:89,0
DA:90,0
DA:91,0
DA:93,0
DA:95,0
DA:98,1
DA:99,0
DA:100,0
DA:109,0
DA:110,0
DA:111,0
DA:114,0
DA:115,0
DA:117,0
DA:120,0
DA:121,0
DA:126,1
DA:127,0
DA:128,0
DA:131,1
DA:132,0
DA:133,0
DA:134,0
DA:135,0
DA:138,0
DA:139,0
DA:141,0
DA:146,1
DA:147,0
DA:148,0
DA:149,0
DA:150,0
LF:71
LH:11
BRDA:66,1,0,0
BRDA:66,1,1,0
BRDA:73,2,0,0
BRDA:73,2,1,0
BRDA:75,3,0,0
BRDA:75,3,1,0
BRDA:78,4,0,0
BRDA:78,4,1,0
BRDA:84,5,0,0
BRDA:84,5,1,0
BRDA:90,6,0,0
BRDA:90,6,1,0
BRDA:120,7,0,0
BRDA:120,7,1,0
BRDA:138,8,0,0
BRDA:138,8,1,0
BRDA:147,9,0,0
BRDA:147,9,1,0
BRDA:149,10,0,0
BRDA:149,10,1,0
BRF:20
BRH:0
end_of_record
TN:
SF:C:\Users\alarned\git\chpl-website\src\app\components\smart_table\stSelectMultiple.js
FN:1,(anonymous_1)
FN:5,(anonymous_2)
FN:15,(anonymous_3)
FN:21,initialize
FN:23,(anonymous_5)
FN:28,getPredicate
FN:36,getDropdownLabel
FN:52,getSelectedOptions
FN:55,(anonymous_9)
FN:64,bindCollection
FN:68,(anonymous_11)
FN:73,(anonymous_12)
FN:87,filterChanged
FN:107,fillDistinctItems
FN:123,findItemWithValue
FNF:15
FNH:1
FNDA:1,(anonymous_1)
FNDA:0,(anonymous_2)
FNDA:0,(anonymous_3)
FNDA:0,initialize
FNDA:0,(anonymous_5)
FNDA:0,getPredicate
FNDA:0,getDropdownLabel
FNDA:0,getSelectedOptions
FNDA:0,(anonymous_9)
FNDA:0,bindCollection
FNDA:0,(anonymous_11)
FNDA:0,(anonymous_12)
FNDA:0,filterChanged
FNDA:0,fillDistinctItems
FNDA:0,findItemWithValue
DA:1,1
DA:3,1
DA:6,0
DA:16,0
DA:17,0
DA:19,0
DA:21,1
DA:22,0
DA:23,0
DA:24,0
DA:28,1
DA:29,0
DA:30,0
DA:31,0
DA:33,0
DA:36,1
DA:37,0
DA:39,0
DA:41,0
DA:42,0
DA:45,0
DA:46,0
DA:49,0
DA:52,1
DA:53,0
DA:55,0
DA:56,0
DA:57,0
DA:61,0
DA:64,1
DA:65,0
DA:66,0
DA:68,0
DA:69,0
DA:70,0
DA:73,0
DA:74,0
DA:75,0
DA:76,0
DA:77,0
DA:79,0
DA:82,0
DA:84,0
DA:87,1
DA:88,0
DA:90,0
DA:92,0
DA:96,0
DA:97,0
DA:98,0
DA:99,0
DA:101,0
DA:104,0
DA:107,1
DA:108,0
DA:109,0
DA:111,0
DA:112,0
DA:113,0
DA:114,0
DA:115,0
DA:123,1
DA:124,0
DA:125,0
DA:126,0
DA:128,0
LF:66
LH:10
BRDA:30,1,0,0
BRDA:30,1,1,0
BRDA:30,2,0,0
BRDA:30,2,1,0
BRDA:41,3,0,0
BRDA:41,3,1,0
BRDA:41,4,0,0
BRDA:41,4,1,0
BRDA:45,5,0,0
BRDA:45,5,1,0
BRDA:56,6,0,0
BRDA:56,6,1,0
BRDA:74,7,0,0
BRDA:74,7,1,0
BRDA:76,8,0,0
BRDA:76,8,1,0
BRDA:98,9,0,0
BRDA:98,9,1,0
BRDA:98,10,0,0
BRDA:98,10,1,0
BRDA:108,11,0,0
BRDA:108,11,1,0
BRDA:114,12,0,0
BRDA:114,12,1,0
BRDA:114,13,0,0
BRDA:114,13,1,0
BRDA:114,13,2,0
BRDA:125,14,0,0
BRDA:125,14,1,0
BRF:29
BRH:0
end_of_record
TN:
SF:C:\Users\alarned\git\chpl-website\src\app\components\smart_table\stSelectDistinct.js
FN:1,(anonymous_1)
FN:5,(anonymous_2)
FN:15,(anonymous_3)
FN:16,(anonymous_4)
FN:24,(anonymous_5)
FN:31,(anonymous_6)
FN:46,(anonymous_7)
FNF:7
FNH:1
FNDA:1,(anonymous_1)
FNDA:0,(anonymous_2)
FNDA:0,(anonymous_3)
FNDA:0,(anonymous_4)
FNDA:0,(anonymous_5)
FNDA:0,(anonymous_6)
FNDA:0,(anonymous_7)
DA:1,1
DA:3,1
DA:6,0
DA:16,0
DA:17,0
DA:18,0
DA:19,0
DA:21,0
DA:24,0
DA:25,0
DA:27,0
DA:28,0
DA:29,0
DA:31,0
DA:32,0
DA:34,0
DA:35,0
DA:38,0
DA:40,0
DA:41,0
DA:42,0
DA:46,0
DA:47,0
DA:49,0
DA:51,0
DA:53,0
DA:54,0
DA:57,0
LF:28
LH:2
BRDA:18,1,0,0
BRDA:18,1,1,0
BRDA:18,2,0,0
BRDA:18,2,1,0
BRDA:27,3,0,0
BRDA:27,3,1,0
BRDA:34,4,0,0
BRDA:34,4,1,0
BRDA:34,5,0,0
BRDA:34,5,1,0
BRDA:34,5,2,0
BRDA:53,6,0,0
BRDA:53,6,1,0
BRF:13
BRH:0
end_of_record
TN:
SF:C:\Users\alarned\git\chpl-website\src\app\components\smart_table\stNumberRange.js
FN:1,(anonymous_1)
FN:5,(anonymous_2)
FN:14,(anonymous_3)
FN:20,(anonymous_4)
FN:22,(anonymous_5)
FN:33,(anonymous_6)
FNF:6
FNH:1
FNDA:1,(anonymous_1)
FNDA:0,(anonymous_2)
FNDA:0,(anonymous_3)
FNDA:0,(anonymous_4)
FNDA:0,(anonymous_5)
FNDA:0,(anonymous_6)
DA:1,1
DA:3,1
DA:6,0
DA:15,0
DA:16,0
DA:17,0
DA:18,0
DA:20,0
DA:22,0
DA:23,0
DA:25,0
DA:26,0
DA:29,0
DA:30,0
DA:33,0
DA:34,0
LF:16
LH:2
BRDA:25,1,0,0
BRDA:25,1,1,0
BRDA:29,2,0,0
BRDA:29,2,1,0
BRF:4
BRH:0
end_of_record
TN:
SF:C:\Users\alarned\git\chpl-website\src\app\components\smart_table\stListMultiple.js
FN:1,(anonymous_1)
FN:5,(anonymous_2)
FN:15,(anonymous_3)
FN:21,initialize
FN:23,(anonymous_5)
FN:28,getPredicate
FN:36,getDropdownLabel
FN:52,getSelectedOptions
FN:55,(anonymous_9)
FN:64,bindCollection
FN:68,(anonymous_11)
FN:73,(anonymous_12)
FN:87,filterChanged
FN:107,fillDistinctItems
FN:123,findItemWithValue
FNF:15
FNH:1
FNDA:1,(anonymous_1)
FNDA:0,(anonymous_2)
FNDA:0,(anonymous_3)
FNDA:0,initialize
FNDA:0,(anonymous_5)
FNDA:0,getPredicate
FNDA:0,getDropdownLabel
FNDA:0,getSelectedOptions
FNDA:0,(anonymous_9)
FNDA:0,bindCollection
FNDA:0,(anonymous_11)
FNDA:0,(anonymous_12)
FNDA:0,filterChanged
FNDA:0,fillDistinctItems
FNDA:0,findItemWithValue
DA:1,1
DA:3,1
DA:6,0
DA:16,0
DA:17,0
DA:19,0
DA:21,1
DA:22,0
DA:23,0
DA:24,0
DA:28,1
DA:29,0
DA:30,0
DA:31,0
DA:33,0
DA:36,1
DA:37,0
DA:39,0
DA:41,0
DA:42,0
DA:45,0
DA:46,0
DA:49,0
DA:52,1
DA:53,0
DA:55,0
DA:56,0
DA:57,0
DA:61,0
DA:64,1
DA:65,0
DA:66,0
DA:68,0
DA:69,0
DA:70,0
DA:73,0
DA:74,0
DA:75,0
DA:76,0
DA:77,0
DA:79,0
DA:82,0
DA:84,0
DA:87,1
DA:88,0
DA:90,0
DA:92,0
DA:96,0
DA:97,0
DA:98,0
DA:99,0
DA:101,0
DA:104,0
DA:107,1
DA:108,0
DA:109,0
DA:111,0
DA:112,0
DA:113,0
DA:114,0
DA:115,0
DA:123,1
DA:124,0
DA:125,0
DA:126,0
DA:128,0
LF:66
LH:10
BRDA:30,1,0,0
BRDA:30,1,1,0
BRDA:30,2,0,0
BRDA:30,2,1,0
BRDA:41,3,0,0
BRDA:41,3,1,0
BRDA:41,4,0,0
BRDA:41,4,1,0
BRDA:45,5,0,0
BRDA:45,5,1,0
BRDA:56,6,0,0
BRDA:56,6,1,0
BRDA:74,7,0,0
BRDA:74,7,1,0
BRDA:76,8,0,0
BRDA:76,8,1,0
BRDA:98,9,0,0
BRDA:98,9,1,0
BRDA:98,10,0,0
BRDA:98,10,1,0
BRDA:108,11,0,0
BRDA:108,11,1,0
BRDA:114,12,0,0
BRDA:114,12,1,0
BRDA:114,13,0,0
BRDA:114,13,1,0
BRDA:114,13,2,0
BRDA:125,14,0,0
BRDA:125,14,1,0
BRF:29
BRH:0
end_of_record
TN:
SF:C:\Users\alarned\git\chpl-website\src\app\components\smart_table\stDateRangePopup.js
FN:1,(anonymous_1)
FN:5,(anonymous_2)
FN:14,(anonymous_3)
FN:20,(anonymous_4)
FN:22,(anonymous_5)
FN:34,(anonymous_6)
FN:41,open
FN:42,(anonymous_8)
FNF:8
FNH:1
FNDA:1,(anonymous_1)
FNDA:0,(anonymous_2)
FNDA:0,(anonymous_3)
FNDA:0,(anonymous_4)
FNDA:0,(anonymous_5)
FNDA:0,(anonymous_6)
FNDA:0,open
FNDA:0,(anonymous_8)
DA:1,1
DA:3,1
DA:6,0
DA:15,0
DA:16,0
DA:17,0
DA:18,0
DA:20,0
DA:22,0
DA:23,0
DA:24,0
DA:26,0
DA:27,0
DA:30,0
DA:31,0
DA:34,0
DA:35,0
DA:41,1
DA:42,0
DA:43,0
DA:44,0
DA:46,0
DA:47,0
DA:49,0
DA:54,0
DA:55,0
DA:56,0
LF:27
LH:3
BRDA:24,1,0,0
BRDA:24,1,1,0
BRDA:24,2,0,0
BRDA:24,2,1,0
BRDA:26,3,0,0
BRDA:26,3,1,0
BRDA:30,4,0,0
BRDA:30,4,1,0
BRDA:46,5,0,0
BRDA:46,5,1,0
BRF:10
BRH:0
end_of_record
TN:
SF:C:\Users\alarned\git\chpl-website\src\app\components\smart_table\stDateRange.js
FN:1,(anonymous_1)
FN:5,(anonymous_2)
FN:14,(anonymous_3)
FN:20,(anonymous_4)
FN:22,(anonymous_5)
FN:32,(anonymous_6)
FNF:6
FNH:1
FNDA:1,(anonymous_1)
FNDA:0,(anonymous_2)
FNDA:0,(anonymous_3)
FNDA:0,(anonymous_4)
FNDA:0,(anonymous_5)
FNDA:0,(anonymous_6)
DA:1,1
DA:3,1
DA:6,0
DA:15,0
DA:16,0
DA:17,0
DA:18,0
DA:20,0
DA:22,0
DA:23,0
DA:24,0
DA:25,0
DA:28,0
DA:29,0
DA:32,0
DA:33,0
LF:16
LH:2
BRDA:24,1,0,0
BRDA:24,1,1,0
BRDA:28,2,0,0
BRDA:28,2,1,0
BRF:4
BRH:0
end_of_record
TN:
SF:C:\Users\alarned\git\chpl-website\src\app\common\common.module.js
FN:1,(anonymous_1)
FNF:1
FNH:1
FNDA:1,(anonymous_1)
DA:1,1
DA:4,1
LF:2
LH:2
BRF:0
BRH:0
end_of_record
TN:
SF:C:\Users\alarned\git\chpl-website\src\app\components\smart_table\stCustomFilter.js
FN:1,(anonymous_1)
FN:7,CustomFilter
FN:9,standardComparator
FN:14,customFilter
FN:15,customComparator
FNF:5
FNH:1
FNDA:1,(anonymous_1)
FNDA:0,CustomFilter
FNDA:0,standardComparator
FNDA:0,customFilter
FNDA:0,customComparator
DA:1,1
DA:3,1
DA:7,1
DA:8,0
DA:9,0
DA:10,0
DA:11,0
DA:14,0
DA:15,1
DA:16,0
DA:17,0
DA:18,0
DA:19,0
DA:20,0
DA:21,0
DA:22,0
DA:23,0
DA:25,0
DA:27,0
DA:28,0
DA:29,0
DA:32,0
DA:36,0
DA:37,0
DA:38,0
DA:41,0
DA:42,0
DA:45,0
DA:46,0
DA:47,0
DA:51,0
DA:55,0
DA:56,0
DA:57,0
DA:58,0
DA:60,0
DA:61,0
DA:62,0
DA:63,0
DA:67,0
DA:68,0
DA:70,0
DA:71,0
DA:72,0
DA:73,0
DA:77,0
DA:79,0
DA:82,0
DA:84,0
DA:85,0
DA:87,0
DA:88,0
DA:92,0
DA:93,0
DA:94,0
DA:95,0
DA:99,0
DA:103,0
DA:106,0
DA:109,0
DA:110,0
LF:61
LH:4
BRDA:25,1,0,0
BRDA:25,1,1,0
BRDA:27,2,0,0
BRDA:27,2,1,0
BRDA:28,3,0,0
BRDA:28,3,1,0
BRDA:28,4,0,0
BRDA:28,4,1,0
BRDA:36,5,0,0
BRDA:36,5,1,0
BRDA:37,6,0,0
BRDA:37,6,1,0
BRDA:41,7,0,0
BRDA:41,7,1,0
BRDA:46,8,0,0
BRDA:46,8,1,0
BRDA:55,9,0,0
BRDA:55,9,1,0
BRDA:55,10,0,0
BRDA:55,10,1,0
BRDA:57,11,0,0
BRDA:57,11,1,0
BRDA:62,12,0,0
BRDA:62,12,1,0
BRDA:67,13,0,0
BRDA:67,13,1,0
BRDA:72,14,0,0
BRDA:72,14,1,0
BRDA:82,15,0,0
BRDA:82,15,1,0
BRDA:82,16,0,0
BRDA:82,16,1,0
BRDA:84,17,0,0
BRDA:84,17,1,0
BRDA:87,18,0,0
BRDA:87,18,1,0
BRDA:92,19,0,0
BRDA:92,19,1,0
BRDA:94,20,0,0
BRDA:94,20,1,0
BRF:40
BRH:0
end_of_record
TN:
SF:C:\Users\alarned\git\chpl-website\src\app\components\certificationCriteria\sedTaskModal.controller.js
FN:1,(anonymous_1)
FN:8,EditSedTaskController
FN:24,activate
FN:27,addParticipant
FN:36,(anonymous_5)
FN:39,(anonymous_6)
FN:43,(anonymous_7)
FN:50,cancel
FN:57,changed
FN:63,editParticipant
FN:72,(anonymous_11)
FN:75,(anonymous_12)
FN:77,(anonymous_13)
FN:84,removeParticipant
FN:88,save
FNF:15
FNH:1
FNDA:1,(anonymous_1)
FNDA:0,EditSedTaskController
FNDA:0,activate
FNDA:0,addParticipant
FNDA:0,(anonymous_5)
FNDA:0,(anonymous_6)
FNDA:0,(anonymous_7)
FNDA:0,cancel
FNDA:0,changed
FNDA:0,editParticipant
FNDA:0,(anonymous_11)
FNDA:0,(anonymous_12)
FNDA:0,(anonymous_13)
FNDA:0,removeParticipant
FNDA:0,save
DA:1,1
DA:4,1
DA:8,1
DA:9,0
DA:11,0
DA:13,0
DA:14,0
DA:15,0
DA:16,0
DA:17,0
DA:18,0
DA:20,0
DA:24,1
DA:27,1
DA:28,0
DA:36,0
DA:39,0
DA:40,0
DA:41,0
DA:42,0
DA:44,0
DA:45,0
DA:50,1
DA:51,0
DA:52,0
DA:54,0
DA:57,1
DA:58,0
DA:59,0
DA:63,1
DA:64,0
DA:72,0
DA:75,0
DA:76,0
DA:78,0
DA:79,0
DA:84,1
DA:85,0
DA:88,1
DA:89,0
LF:40
LH:10
BRDA:40,1,0,0
BRDA:40,1,1,0
BRDA:40,2,0,0
BRDA:40,2,1,0
BRDA:44,3,0,0
BRDA:44,3,1,0
BRDA:51,4,0,0
BRDA:51,4,1,0
BRDA:58,5,0,0
BRDA:58,5,1,0
BRDA:78,6,0,0
BRDA:78,6,1,0
BRF:12
BRH:0
end_of_record
TN:
SF:C:\Users\alarned\git\chpl-website\src\app\components\certificationCriteria\sedParticipantModal.controller.js
FN:1,(anonymous_1)
FN:8,EditSedParticipantController
FN:22,activate
FN:24,(anonymous_4)
FN:32,(anonymous_5)
FN:41,cancel
FN:48,changed
FN:54,orderAges
FN:62,save
FNF:9
FNH:1
FNDA:1,(anonymous_1)
FNDA:0,EditSedParticipantController
FNDA:0,activate
FNDA:0,(anonymous_4)
FNDA:0,(anonymous_5)
FNDA:0,cancel
FNDA:0,changed
FNDA:0,orderAges
FNDA:0,save
DA:1,1
DA:4,1
DA:8,1
DA:9,0
DA:11,0
DA:13,0
DA:14,0
DA:15,0
DA:16,0
DA:18,0
DA:22,1
DA:23,0
DA:25,0
DA:27,0
DA:31,0
DA:33,0
DA:35,0
DA:41,1
DA:42,0
DA:43,0
DA:45,0
DA:48,1
DA:49,0
DA:50,0
DA:54,1
DA:55,0
DA:56,0
DA:57,0
DA:58,0
DA:59,0
DA:62,1
DA:63,0
DA:64,0
DA:65,0
DA:66,0
DA:67,0
LF:36
LH:8
BRDA:42,1,0,0
BRDA:42,1,1,0
BRDA:49,2,0,0
BRDA:49,2,1,0
BRDA:55,3,0,0
BRDA:55,3,1,0
BRDA:57,4,0,0
BRDA:57,4,1,0
BRF:8
BRH:0
end_of_record
TN:
SF:C:\Users\alarned\git\chpl-website\src\app\components\certificationCriteria\certs.directive.js
FN:1,(anonymous_1)
FN:9,aiCerts
FN:32,(anonymous_3)
FN:34,(anonymous_4)
FN:44,CertsController
FN:58,activate
FN:67,(anonymous_7)
FN:75,prepCqms
FN:86,saveEdits
FN:185,sortCerts
FN:204,sortCqms
FN:214,showDetails
FN:219,showPanel
FN:225,checkC
FNF:14
FNH:9
FNDA:1,(anonymous_1)
FNDA:2,aiCerts
FNDA:2,(anonymous_3)
FNDA:0,(anonymous_4)
FNDA:2,CertsController
FNDA:2,activate
FNDA:4,(anonymous_7)
FNDA:6,prepCqms
FNDA:0,saveEdits
FNDA:18,sortCerts
FNDA:0,sortCqms
FNDA:0,showDetails
FNDA:0,showPanel
FNDA:72,checkC
DA:1,1
DA:4,1
DA:9,1
DA:10,2
DA:33,2
DA:35,0
DA:38,2
DA:41,2
DA:44,1
DA:45,2
DA:47,2
DA:48,2
DA:49,2
DA:50,2
DA:51,2
DA:52,2
DA:54,2
DA:58,1
DA:59,2
DA:60,2
DA:62,2
DA:63,2
DA:65,2
DA:66,2
DA:67,2
DA:68,4
DA:69,4
DA:70,4
DA:75,1
DA:76,6
DA:77,6
DA:78,18
DA:79,18
DA:80,72
DA:86,1
DA:87,0
DA:88,0
DA:90,0
DA:91,0
DA:93,0
DA:95,0
DA:96,0
DA:97,0
DA:99,0
DA:100,0
DA:102,0
DA:103,0
DA:105,0
DA:106,0
DA:108,0
DA:109,0
DA:111,0
DA:112,0
DA:113,0
DA:114,0
DA:116,0
DA:117,0
DA:118,0
DA:119,0
DA:127,0
DA:128,0
DA:129,0
DA:130,0
DA:131,0
DA:132,0
DA:133,0
DA:134,0
DA:135,0
DA:136,0
DA:137,0
DA:138,0
DA:139,0
DA:140,0
DA:141,0
DA:142,0
DA:143,0
DA:144,0
DA:145,0
DA:146,0
DA:149,0
DA:150,0
DA:151,0
DA:152,0
DA:154,0
DA:155,0
DA:156,0
DA:157,0
DA:158,0
DA:159,0
DA:160,0
DA:161,0
DA:162,0
DA:163,0
DA:172,0
DA:173,0
DA:174,0
DA:175,0
DA:176,0
DA:177,0
DA:178,0
DA:185,1
DA:186,18
DA:187,18
DA:188,0
DA:189,0
DA:190,0
DA:191,0
DA:192,0
DA:193,0
DA:195,0
DA:196,0
DA:197,0
DA:198,0
DA:201,18
DA:204,1
DA:205,0
DA:206,0
DA:207,0
DA:209,0
DA:211,0
DA:214,1
DA:215,0
DA:216,0
DA:219,1
DA:220,0
DA:225,1
DA:226,72
DA:227,72
DA:228,48
DA:229,48
DA:230,0
DA:231,0
DA:235,24
DA:237,72
LF:134
LH:48
BRDA:59,1,0,2
BRDA:59,1,1,0
BRDA:62,2,0,2
BRDA:62,2,1,0
BRDA:68,3,0,4
BRDA:68,3,1,0
BRDA:76,4,0,6
BRDA:76,4,1,0
BRDA:96,5,0,0
BRDA:96,5,1,0
BRDA:99,6,0,0
BRDA:99,6,1,0
BRDA:102,7,0,0
BRDA:102,7,1,0
BRDA:105,8,0,0
BRDA:105,8,1,0
BRDA:108,9,0,0
BRDA:108,9,1,0
BRDA:111,10,0,0
BRDA:111,10,1,0
BRDA:111,11,0,0
BRDA:111,11,1,0
BRDA:113,12,0,0
BRDA:113,12,1,0
BRDA:116,13,0,0
BRDA:116,13,1,0
BRDA:118,14,0,0
BRDA:118,14,1,0
BRDA:128,15,0,0
BRDA:128,15,1,0
BRDA:128,16,0,0
BRDA:128,16,1,0
BRDA:131,17,0,0
BRDA:131,17,1,0
BRDA:131,18,0,0
BRDA:131,18,1,0
BRDA:131,18,2,0
BRDA:149,19,0,0
BRDA:149,19,1,0
BRDA:152,20,0,0
BRDA:152,20,1,0
BRDA:152,21,0,0
BRDA:152,21,1,0
BRDA:152,21,2,0
BRDA:174,22,0,0
BRDA:174,22,1,0
BRDA:174,23,0,0
BRDA:174,23,1,0
BRDA:177,24,0,0
BRDA:177,24,1,0
BRDA:187,25,0,0
BRDA:187,25,1,18
BRDA:191,26,0,0
BRDA:191,26,1,0
BRDA:196,27,0,0
BRDA:196,27,1,0
BRDA:206,28,0,0
BRDA:206,28,1,0
BRDA:215,29,0,0
BRDA:215,29,1,0
BRDA:220,30,0,0
BRDA:220,30,1,0
BRDA:227,31,0,48
BRDA:227,31,1,24
BRDA:229,32,0,0
BRDA:229,32,1,48
BRDA:231,33,0,0
BRDA:231,33,1,0
BRF:68
BRH:8
end_of_record
TN:
SF:C:\Users\alarned\git\chpl-website\src\app\components\certificationCriteria\certificationCriteriaModal.controller.js
FN:1,(anonymous_1)
FN:7,EditCertificationCriteriaController
FN:24,activate
FN:32,addNewValue
FN:41,addTask
FN:51,(anonymous_6)
FN:54,(anonymous_7)
FN:58,(anonymous_8)
FN:65,cancel
FN:69,editTask
FN:79,(anonymous_11)
FN:82,(anonymous_12)
FN:84,(anonymous_13)
FN:91,extendSelect
FN:95,removeTask
FN:99,save
FNF:16
FNH:1
FNDA:1,(anonymous_1)
FNDA:0,EditCertificationCriteriaController
FNDA:0,activate
FNDA:0,addNewValue
FNDA:0,addTask
FNDA:0,(anonymous_6)
FNDA:0,(anonymous_7)
FNDA:0,(anonymous_8)
FNDA:0,cancel
FNDA:0,editTask
FNDA:0,(anonymous_11)
FNDA:0,(anonymous_12)
FNDA:0,(anonymous_13)
FNDA:0,extendSelect
FNDA:0,removeTask
FNDA:0,save
DA:1,1
DA:4,1
DA:7,1
DA:8,0
DA:10,0
DA:12,0
DA:13,0
DA:14,0
DA:15,0
DA:16,0
DA:17,0
DA:18,0
DA:20,0
DA:24,1
DA:25,0
DA:28,0
DA:29,0
DA:32,1
DA:33,0
DA:34,0
DA:36,0
DA:37,0
DA:41,1
DA:42,0
DA:51,0
DA:54,0
DA:55,0
DA:56,0
DA:57,0
DA:59,0
DA:60,0
DA:65,1
DA:66,0
DA:69,1
DA:70,0
DA:79,0
DA:82,0
DA:83,0
DA:85,0
DA:86,0
DA:91,1
DA:92,0
DA:95,1
DA:96,0
DA:99,1
DA:100,0
LF:46
LH:11
BRDA:28,1,0,0
BRDA:28,1,1,0
BRDA:33,2,0,0
BRDA:33,2,1,0
BRDA:36,3,0,0
BRDA:36,3,1,0
BRDA:36,4,0,0
BRDA:36,4,1,0
BRDA:55,5,0,0
BRDA:55,5,1,0
BRDA:59,6,0,0
BRDA:59,6,1,0
BRDA:85,7,0,0
BRDA:85,7,1,0
BRF:14
BRH:0
end_of_record
TN:
SF:C:\Users\alarned\git\chpl-website\src\app\components\certificationCriteria\certificationCriteria.directive.js
FN:1,(anonymous_1)
FN:9,aiCertificationCriteria
FN:24,(anonymous_3)
FN:26,(anonymous_4)
FN:36,CertificationCriteriaController
FN:46,activate
FN:49,editCert
FN:59,(anonymous_8)
FN:60,(anonymous_9)
FN:63,(anonymous_10)
FN:65,(anonymous_11)
FN:75,saveEdits
FNF:12
FNH:2
FNDA:1,(anonymous_1)
FNDA:2,aiCertificationCriteria
FNDA:0,(anonymous_3)
FNDA:0,(anonymous_4)
FNDA:0,CertificationCriteriaController
FNDA:0,activate
FNDA:0,editCert
FNDA:0,(anonymous_8)
FNDA:0,(anonymous_9)
FNDA:0,(anonymous_10)
FNDA:0,(anonymous_11)
FNDA:0,saveEdits
DA:1,1
DA:4,1
DA:9,1
DA:10,2
DA:25,0
DA:27,0
DA:30,0
DA:36,1
DA:37,0
DA:39,0
DA:40,0
DA:42,0
DA:46,1
DA:49,1
DA:50,0
DA:59,0
DA:60,0
DA:63,0
DA:64,0
DA:66,0
DA:67,0
DA:75,1
DA:76,0
DA:77,0
DA:79,0
DA:80,0
DA:82,0
DA:83,0
DA:85,0
DA:86,0
LF:30
LH:8
BRDA:66,1,0,0
BRDA:66,1,1,0
BRDA:76,2,0,0
BRDA:76,2,1,0
BRDA:79,3,0,0
BRDA:79,3,1,0
BRDA:82,4,0,0
BRDA:82,4,1,0
BRDA:85,5,0,0
BRDA:85,5,1,0
BRF:10
BRH:0
end_of_record
TN:
SF:C:\Users\alarned\git\chpl-website\src\app\compare\compare.module.js
FN:1,(anonymous_1)
FNF:1
FNH:1
FNDA:1,(anonymous_1)
DA:1,1
DA:4,1
LF:2
LH:2
BRF:0
BRH:0
end_of_record
TN:
SF:C:\Users\alarned\git\chpl-website\src\app\compare\compare.controller.js
FN:1,(anonymous_1)
FN:8,CompareController
FN:26,activate
FN:37,(anonymous_4)
FN:45,(anonymous_5)
FN:50,fillInBlanks
FN:87,isShowing
FN:91,sortAllCerts
FN:99,sortAllCqms
FN:107,toggle
FN:111,updateCerts
FN:129,updateCqms
FN:153,updateProductList
FNF:13
FNH:12
FNDA:1,(anonymous_1)
FNDA:4,CompareController
FNDA:4,activate
FNDA:8,(anonymous_4)
FNDA:0,(anonymous_5)
FNDA:8,fillInBlanks
FNDA:5,isShowing
FNDA:8,sortAllCerts
FNDA:8,sortAllCqms
FNDA:3,toggle
FNDA:8,updateCerts
FNDA:8,updateCqms
FNDA:8,updateProductList
DA:1,1
DA:4,1
DA:8,1
DA:9,4
DA:11,4
DA:12,4
DA:13,4
DA:14,4
DA:15,4
DA:16,4
DA:17,4
DA:18,4
DA:19,4
DA:20,4
DA:22,4
DA:26,1
DA:27,4
DA:28,4
DA:29,4
DA:30,4
DA:31,4
DA:32,4
DA:33,4
DA:35,4
DA:36,8
DA:38,8
DA:39,8
DA:40,8
DA:41,8
DA:42,8
DA:43,8
DA:44,8
DA:45,0
DA:50,1
DA:51,8
DA:52,8
DA:53,12
DA:54,12
DA:55,0
DA:56,0
DA:57,0
DA:58,0
DA:61,0
DA:62,0
DA:69,12
DA:70,0
DA:71,0
DA:72,0
DA:73,0
DA:76,0
DA:77,0
DA:87,1
DA:88,5
DA:91,1
DA:92,8
DA:93,8
DA:94,0
DA:96,8
DA:99,1
DA:100,8
DA:101,8
DA:102,0
DA:104,8
DA:107,1
DA:108,3
DA:111,1
DA:112,8
DA:113,8
DA:114,0
DA:115,0
DA:116,0
DA:117,0
DA:118,0
DA:120,0
DA:129,1
DA:130,8
DA:131,8
DA:132,0
DA:133,0
DA:134,0
DA:136,0
DA:138,0
DA:139,0
DA:140,0
DA:141,0
DA:143,0
DA:153,1
DA:154,8
DA:155,8
LF:89
LH:59
BRDA:32,1,0,4
BRDA:32,1,1,0
BRDA:32,2,0,4
BRDA:32,2,1,4
BRDA:57,3,0,0
BRDA:57,3,1,0
BRDA:61,4,0,0
BRDA:61,4,1,0
BRDA:72,5,0,0
BRDA:72,5,1,0
BRDA:76,6,0,0
BRDA:76,6,1,0
BRDA:108,7,0,1
BRDA:108,7,1,2
BRDA:115,8,0,0
BRDA:115,8,1,0
BRDA:117,9,0,0
BRDA:117,9,1,0
BRDA:133,10,0,0
BRDA:133,10,1,0
BRDA:138,11,0,0
BRDA:138,11,1,0
BRDA:140,12,0,0
BRDA:140,12,1,0
BRDA:154,13,0,8
BRDA:154,13,1,4
BRF:26
BRH:7
end_of_record
TN:
SF:C:\Users\alarned\git\chpl-website\src\app\common\util.service.js
FN:1,(anonymous_1)
FN:8,utilService
FN:19,extendSelect
FN:34,sortCert
FN:47,sortCqm
FN:60,sortNonconformityTypes
FN:69,sortRequirements
FNF:7
FNH:7
FNDA:1,(anonymous_1)
FNDA:26,utilService
FNDA:3,extendSelect
FNDA:21,sortCert
FNDA:6,sortCqm
FNDA:14,sortNonconformityTypes
FNDA:14,sortRequirements
DA:1,1
DA:4,1
DA:8,1
DA:9,26
DA:11,26
DA:12,26
DA:13,26
DA:14,26
DA:15,26
DA:19,1
DA:20,3
DA:21,3
DA:22,3
DA:23,2
DA:24,2
DA:25,2
DA:28,3
DA:29,1
DA:31,3
DA:34,1
DA:35,21
DA:36,13
DA:38,21
DA:39,21
DA:40,21
DA:41,21
DA:44,21
DA:47,1
DA:48,6
DA:49,0
DA:50,0
DA:51,0
DA:54,6
DA:55,6
DA:56,6
DA:57,6
DA:60,1
DA:61,14
DA:62,1
DA:63,13
DA:64,0
DA:66,13
DA:69,1
DA:70,14
DA:71,14
DA:73,14
DA:74,1
DA:76,13
DA:77,13
DA:78,13
DA:79,13
DA:82,13
LF:52
LH:48
BRDA:23,1,0,2
BRDA:23,1,1,0
BRDA:28,2,0,1
BRDA:28,2,1,2
BRDA:35,3,0,13
BRDA:35,3,1,8
BRDA:40,4,0,20
BRDA:40,4,1,1
BRDA:48,5,0,0
BRDA:48,5,1,6
BRDA:50,6,0,0
BRDA:50,6,1,0
BRDA:55,7,0,3
BRDA:55,7,1,3
BRDA:61,8,0,1
BRDA:61,8,1,13
BRDA:63,9,0,0
BRDA:63,9,1,13
BRDA:70,10,0,14
BRDA:70,10,1,0
BRDA:73,11,0,1
BRDA:73,11,1,13
BRDA:78,12,0,13
BRDA:78,12,1,0
BRF:24
BRH:17
end_of_record
TN:
SF:C:\Users\alarned\git\chpl-website\src\app\common\common.service.js
FN:1,(anonymous_1)
FN:8,commonService
FN:15,addressRequired
FN:26,(anonymous_4)
FN:28,(anonymous_5)
FN:34,(anonymous_6)
FN:39,(anonymous_7)
FN:41,(anonymous_8)
FN:47,(anonymous_9)
FN:52,(anonymous_10)
FN:54,(anonymous_11)
FN:60,(anonymous_12)
FN:65,(anonymous_13)
FN:69,(anonymous_14)
FN:73,(anonymous_15)
FN:77,(anonymous_16)
FN:81,(anonymous_17)
FN:88,(anonymous_18)
FN:92,(anonymous_19)
FN:96,(anonymous_20)
FN:100,(anonymous_21)
FN:104,(anonymous_22)
FN:108,(anonymous_23)
FN:112,(anonymous_24)
FN:116,(anonymous_25)
FN:120,(anonymous_26)
FN:124,(anonymous_27)
FN:127,(anonymous_28)
FN:130,(anonymous_29)
FN:133,(anonymous_30)
FN:136,(anonymous_31)
FN:139,(anonymous_32)
FN:142,(anonymous_33)
FN:153,(anonymous_34)
FN:157,(anonymous_35)
FN:161,(anonymous_36)
FN:165,(anonymous_37)
FN:169,(anonymous_38)
FN:173,(anonymous_39)
FN:181,(anonymous_40)
FN:185,(anonymous_41)
FN:189,(anonymous_42)
FN:193,(anonymous_43)
FN:197,(anonymous_44)
FN:201,(anonymous_45)
FN:205,(anonymous_46)
FN:209,(anonymous_47)
FN:213,(anonymous_48)
FN:228,(anonymous_49)
FN:232,(anonymous_50)
FN:247,(anonymous_51)
FN:262,(anonymous_52)
FN:277,(anonymous_53)
FN:292,(anonymous_54)
FN:307,(anonymous_55)
FN:322,(anonymous_56)
FN:337,(anonymous_57)
FN:352,(anonymous_58)
FN:356,(anonymous_59)
FN:360,(anonymous_60)
FN:364,(anonymous_61)
FN:368,(anonymous_62)
FN:372,(anonymous_63)
FN:376,(anonymous_64)
FN:380,(anonymous_65)
FN:385,(anonymous_66)
FN:390,(anonymous_67)
FN:394,(anonymous_68)
FN:398,(anonymous_69)
FN:402,(anonymous_70)
FN:406,(anonymous_71)
FN:410,(anonymous_72)
FN:414,(anonymous_73)
FN:418,(anonymous_74)
FN:422,(anonymous_75)
FN:426,(anonymous_76)
FN:430,(anonymous_77)
FN:434,(anonymous_78)
FN:438,(anonymous_79)
FN:442,(anonymous_80)
FN:446,(anonymous_81)
FN:450,(anonymous_82)
FN:454,(anonymous_83)
FN:458,(anonymous_84)
FN:462,(anonymous_85)
FN:466,(anonymous_86)
FN:470,(anonymous_87)
FN:474,(anonymous_88)
FN:478,(anonymous_89)
FN:482,(anonymous_90)
FN:486,(anonymous_91)
FN:490,(anonymous_92)
FN:494,(anonymous_93)
FN:498,(anonymous_94)
FN:502,(anonymous_95)
FN:506,(anonymous_96)
FN:510,(anonymous_97)
FN:514,(anonymous_98)
FN:518,(anonymous_99)
FN:522,(anonymous_100)
FN:526,(anonymous_101)
FN:530,(anonymous_102)
FN:534,(anonymous_103)
FN:538,(anonymous_104)
FN:542,(anonymous_105)
FN:546,(anonymous_106)
FN:550,(anonymous_107)
FN:554,(anonymous_108)
FN:558,(anonymous_109)
FN:562,(anonymous_110)
FN:577,(anonymous_111)
FN:595,(anonymous_112)
FN:599,(anonymous_113)
FNF:113
FNH:9
FNDA:1,(anonymous_1)
FNDA:43,commonService
FNDA:0,addressRequired
FNDA:8,(anonymous_4)
FNDA:4,(anonymous_5)
FNDA:0,(anonymous_6)
FNDA:0,(anonymous_7)
FNDA:0,(anonymous_8)
FNDA:0,(anonymous_9)
FNDA:0,(anonymous_10)
FNDA:0,(anonymous_11)
FNDA:0,(anonymous_12)
FNDA:0,(anonymous_13)
FNDA:0,(anonymous_14)
FNDA:0,(anonymous_15)
FNDA:0,(anonymous_16)
FNDA:0,(anonymous_17)
FNDA:0,(anonymous_18)
FNDA:0,(anonymous_19)
FNDA:0,(anonymous_20)
FNDA:0,(anonymous_21)
FNDA:0,(anonymous_22)
FNDA:0,(anonymous_23)
FNDA:0,(anonymous_24)
FNDA:0,(anonymous_25)
FNDA:0,(anonymous_26)
FNDA:0,(anonymous_27)
FNDA:0,(anonymous_28)
FNDA:0,(anonymous_29)
FNDA:0,(anonymous_30)
FNDA:0,(anonymous_31)
FNDA:0,(anonymous_32)
FNDA:0,(anonymous_33)
FNDA:0,(anonymous_34)
FNDA:4,(anonymous_35)
FNDA:0,(anonymous_36)
FNDA:0,(anonymous_37)
FNDA:0,(anonymous_38)
FNDA:1,(anonymous_39)
FNDA:0,(anonymous_40)
FNDA:0,(anonymous_41)
FNDA:0,(anonymous_42)
FNDA:0,(anonymous_43)
FNDA:1,(anonymous_44)
FNDA:1,(anonymous_45)
FNDA:0,(anonymous_46)
FNDA:1,(anonymous_47)
FNDA:0,(anonymous_48)
FNDA:0,(anonymous_49)
FNDA:0,(anonymous_50)
FNDA:0,(anonymous_51)
FNDA:0,(anonymous_52)
FNDA:0,(anonymous_53)
FNDA:0,(anonymous_54)
FNDA:0,(anonymous_55)
FNDA:0,(anonymous_56)
FNDA:0,(anonymous_57)
FNDA:0,(anonymous_58)
FNDA:0,(anonymous_59)
FNDA:0,(anonymous_60)
FNDA:0,(anonymous_61)
FNDA:0,(anonymous_62)
FNDA:0,(anonymous_63)
FNDA:0,(anonymous_64)
FNDA:0,(anonymous_65)
FNDA:0,(anonymous_66)
FNDA:0,(anonymous_67)
FNDA:0,(anonymous_68)
FNDA:0,(anonymous_69)
FNDA:0,(anonymous_70)
FNDA:0,(anonymous_71)
FNDA:0,(anonymous_72)
FNDA:0,(anonymous_73)
FNDA:0,(anonymous_74)
FNDA:0,(anonymous_75)
FNDA:0,(anonymous_76)
FNDA:0,(anonymous_77)
FNDA:0,(anonymous_78)
FNDA:0,(anonymous_79)
FNDA:0,(anonymous_80)
FNDA:0,(anonymous_81)
FNDA:0,(anonymous_82)
FNDA:0,(anonymous_83)
FNDA:0,(anonymous_84)
FNDA:0,(anonymous_85)
FNDA:0,(anonymous_86)
FNDA:0,(anonymous_87)
FNDA:0,(anonymous_88)
FNDA:0,(anonymous_89)
FNDA:0,(anonymous_90)
FNDA:0,(anonymous_91)
FNDA:0,(anonymous_92)
FNDA:0,(anonymous_93)
FNDA:0,(anonymous_94)
FNDA:0,(anonymous_95)
FNDA:0,(anonymous_96)
FNDA:0,(anonymous_97)
FNDA:0,(anonymous_98)
FNDA:0,(anonymous_99)
FNDA:0,(anonymous_100)
FNDA:0,(anonymous_101)
FNDA:0,(anonymous_102)
FNDA:0,(anonymous_103)
FNDA:0,(anonymous_104)
FNDA:0,(anonymous_105)
FNDA:0,(anonymous_106)
FNDA:0,(anonymous_107)
FNDA:0,(anonymous_108)
FNDA:0,(anonymous_109)
FNDA:0,(anonymous_110)
FNDA:0,(anonymous_111)
FNDA:0,(anonymous_112)
FNDA:0,(anonymous_113)
DA:1,1
DA:4,1
DA:8,1
DA:9,43
DA:11,43
DA:15,1
DA:16,0
DA:17,0
DA:18,0
DA:19,0
DA:20,0
DA:21,0
DA:22,0
DA:23,0
DA:26,43
DA:27,8
DA:29,4
DA:30,4
DA:32,0
DA:35,0
DA:39,43
DA:40,0
DA:42,0
DA:43,0
DA:45,0
DA:48,0
DA:52,43
DA:53,0
DA:55,0
DA:56,0
DA:58,0
DA:61,0
DA:65,43
DA:66,0
DA:69,43
DA:70,0
DA:73,43
DA:74,0
DA:77,43
DA:78,0
DA:81,43
DA:82,0
DA:83,0
DA:85,0
DA:88,43
DA:89,0
DA:92,43
DA:93,0
DA:96,43
DA:97,0
DA:100,43
DA:101,0
DA:104,43
DA:105,0
DA:108,43
DA:109,0
DA:112,43
DA:113,0
DA:116,43
DA:117,0
DA:120,43
DA:121,0
DA:124,43
DA:125,0
DA:126,0
DA:128,0
DA:129,0
DA:131,0
DA:132,0
DA:134,0
DA:135,0
DA:137,0
DA:138,0
DA:140,0
DA:141,0
DA:143,0
DA:150,0
DA:153,43
DA:154,0
DA:157,43
DA:158,4
DA:161,43
DA:162,0
DA:165,43
DA:166,0
DA:169,43
DA:170,0
DA:173,43
DA:174,1
DA:175,0
DA:177,1
DA:181,43
DA:182,0
DA:185,43
DA:186,0
DA:189,43
DA:190,0
DA:193,43
DA:194,0
DA:197,43
DA:198,1
DA:201,43
DA:202,1
DA:205,43
DA:206,0
DA:209,43
DA:210,1
DA:213,43
DA:214,0
DA:215,0
DA:216,0
DA:217,0
DA:219,0
DA:220,0
DA:222,0
DA:223,0
DA:225,0
DA:228,43
DA:229,0
DA:232,43
DA:233,0
DA:234,0
DA:235,0
DA:236,0
DA:238,0
DA:239,0
DA:241,0
DA:242,0
DA:244,0
DA:247,43
DA:248,0
DA:249,0
DA:250,0
DA:251,0
DA:253,0
DA:254,0
DA:256,0
DA:257,0
DA:259,0
DA:262,43
DA:263,0
DA:264,0
DA:265,0
DA:266,0
DA:268,0
DA:269,0
DA:271,0
DA:272,0
DA:274,0
DA:277,43
DA:278,0
DA:279,0
DA:280,0
DA:281,0
DA:283,0
DA:284,0
DA:286,0
DA:287,0
DA:289,0
DA:292,43
DA:293,0
DA:294,0
DA:295,0
DA:296,0
DA:298,0
DA:299,0
DA:301,0
DA:302,0
DA:304,0
DA:307,43
DA:308,0
DA:309,0
DA:310,0
DA:311,0
DA:313,0
DA:314,0
DA:316,0
DA:317,0
DA:319,0
DA:322,43
DA:323,0
DA:324,0
DA:325,0
DA:326,0
DA:328,0
DA:329,0
DA:331,0
DA:332,0
DA:334,0
DA:337,43
DA:338,0
DA:339,0
DA:340,0
DA:341,0
DA:343,0
DA:344,0
DA:346,0
DA:347,0
DA:349,0
DA:352,43
DA:353,0
DA:356,43
DA:357,0
DA:360,43
DA:361,0
DA:364,43
DA:365,0
DA:368,43
DA:369,0
DA:372,43
DA:373,0
DA:376,43
DA:377,0
DA:380,43
DA:381,0
DA:382,0
DA:385,43
DA:386,0
DA:387,0
DA:390,43
DA:391,0
DA:394,43
DA:395,0
DA:398,43
DA:399,0
DA:402,43
DA:403,0
DA:406,43
DA:407,0
DA:410,43
DA:411,0
DA:414,43
DA:415,0
DA:418,43
DA:419,0
DA:422,43
DA:423,0
DA:426,43
DA:427,0
DA:430,43
DA:431,0
DA:434,43
DA:435,0
DA:438,43
DA:439,0
DA:442,43
DA:443,0
DA:446,43
DA:447,0
DA:450,43
DA:451,0
DA:454,43
DA:455,0
DA:458,43
DA:459,0
DA:462,43
DA:463,0
DA:466,43
DA:467,0
DA:470,43
DA:471,0
DA:474,43
DA:475,0
DA:478,43
DA:479,0
DA:482,43
DA:483,0
DA:486,43
DA:487,0
DA:490,43
DA:491,0
DA:494,43
DA:495,0
DA:498,43
DA:499,0
DA:502,43
DA:503,0
DA:506,43
DA:507,0
DA:510,43
DA:511,0
DA:514,43
DA:515,0
DA:518,43
DA:519,0
DA:522,43
DA:523,0
DA:526,43
DA:527,0
DA:530,43
DA:531,0
DA:534,43
DA:535,0
DA:538,43
DA:539,0
DA:542,43
DA:543,0
DA:546,43
DA:547,0
DA:550,43
DA:551,0
DA:554,43
DA:555,0
DA:558,43
DA:559,0
DA:562,43
DA:563,0
DA:564,0
DA:565,0
DA:566,0
DA:568,0
DA:569,0
DA:571,0
DA:572,0
DA:574,0
DA:577,43
DA:578,0
DA:579,0
DA:580,0
DA:581,0
DA:582,0
DA:583,0
DA:584,0
DA:585,0
DA:586,0
DA:587,0
DA:588,0
DA:589,0
DA:591,0
DA:592,0
DA:595,43
DA:596,0
DA:599,43
DA:600,0
LF:334
LH:113
BRDA:16,1,0,0
BRDA:16,1,1,0
BRDA:17,2,0,0
BRDA:17,2,1,0
BRDA:17,3,0,0
BRDA:17,3,1,0
BRDA:18,4,0,0
BRDA:18,4,1,0
BRDA:18,5,0,0
BRDA:18,5,1,0
BRDA:19,6,0,0
BRDA:19,6,1,0
BRDA:19,7,0,0
BRDA:19,7,1,0
BRDA:20,8,0,0
BRDA:20,8,1,0
BRDA:20,9,0,0
BRDA:20,9,1,0
BRDA:21,10,0,0
BRDA:21,10,1,0
BRDA:21,11,0,0
BRDA:21,11,1,0
BRDA:22,12,0,0
BRDA:22,12,1,0
BRDA:22,13,0,0
BRDA:22,13,1,0
BRDA:29,14,0,4
BRDA:29,14,1,0
BRDA:42,15,0,0
BRDA:42,15,1,0
BRDA:55,16,0,0
BRDA:55,16,1,0
BRDA:82,17,0,0
BRDA:82,17,1,0
BRDA:174,18,0,0
BRDA:174,18,1,1
BRDA:216,19,0,0
BRDA:216,19,1,0
BRDA:219,20,0,0
BRDA:219,20,1,0
BRDA:222,21,0,0
BRDA:222,21,1,0
BRDA:235,22,0,0
BRDA:235,22,1,0
BRDA:238,23,0,0
BRDA:238,23,1,0
BRDA:241,24,0,0
BRDA:241,24,1,0
BRDA:250,25,0,0
BRDA:250,25,1,0
BRDA:253,26,0,0
BRDA:253,26,1,0
BRDA:256,27,0,0
BRDA:256,27,1,0
BRDA:265,28,0,0
BRDA:265,28,1,0
BRDA:268,29,0,0
BRDA:268,29,1,0
BRDA:271,30,0,0
BRDA:271,30,1,0
BRDA:280,31,0,0
BRDA:280,31,1,0
BRDA:283,32,0,0
BRDA:283,32,1,0
BRDA:286,33,0,0
BRDA:286,33,1,0
BRDA:295,34,0,0
BRDA:295,34,1,0
BRDA:298,35,0,0
BRDA:298,35,1,0
BRDA:301,36,0,0
BRDA:301,36,1,0
BRDA:310,37,0,0
BRDA:310,37,1,0
BRDA:313,38,0,0
BRDA:313,38,1,0
BRDA:316,39,0,0
BRDA:316,39,1,0
BRDA:325,40,0,0
BRDA:325,40,1,0
BRDA:328,41,0,0
BRDA:328,41,1,0
BRDA:331,42,0,0
BRDA:331,42,1,0
BRDA:340,43,0,0
BRDA:340,43,1,0
BRDA:343,44,0,0
BRDA:343,44,1,0
BRDA:346,45,0,0
BRDA:346,45,1,0
BRDA:381,46,0,0
BRDA:381,46,1,0
BRDA:386,47,0,0
BRDA:386,47,1,0
BRDA:565,48,0,0
BRDA:565,48,1,0
BRDA:568,49,0,0
BRDA:568,49,1,0
BRDA:571,50,0,0
BRDA:571,50,1,0
BRDA:580,51,0,0
BRDA:580,51,1,0
BRDA:581,52,0,0
BRDA:581,52,1,0
BRDA:582,53,0,0
BRDA:582,53,1,0
BRDA:583,54,0,0
BRDA:583,54,1,0
BRDA:584,55,0,0
BRDA:584,55,1,0
BRDA:585,56,0,0
BRDA:585,56,1,0
BRDA:587,57,0,0
BRDA:587,57,1,0
BRDA:591,58,0,0
BRDA:591,58,1,0
BRF:116
BRH:2
end_of_record
TN:
SF:C:\Users\alarned\git\chpl-website\src\app\admin\admin.module.js
FN:1,(anonymous_1)
FN:5,(anonymous_2)
FNF:2
FNH:2
FNDA:1,(anonymous_1)
FNDA:52,(anonymous_2)
DA:1,1
DA:4,1
DA:7,52
DA:8,52
DA:9,52
LF:5
LH:5
BRF:0
BRH:0
end_of_record
TN:
SF:C:\Users\alarned\git\chpl-website\src\app\admin\components\user\userManagement.directive.js
FN:1,(anonymous_1)
FN:6,(anonymous_2)
FN:22,UserManagementController
FN:32,activate
FN:49,updateUser
FN:58,(anonymous_6)
FN:59,(anonymous_7)
FN:60,(anonymous_8)
FN:61,(anonymous_9)
FN:64,(anonymous_10)
FN:66,(anonymous_11)
FN:73,inviteUser
FN:82,(anonymous_13)
FN:83,(anonymous_14)
FN:84,(anonymous_15)
FN:85,(anonymous_16)
FN:88,(anonymous_17)
FN:90,(anonymous_18)
FN:97,(anonymous_19)
FN:100,(anonymous_20)
FN:102,(anonymous_21)
FN:107,(anonymous_22)
FN:109,(anonymous_23)
FN:114,(anonymous_24)
FN:116,(anonymous_25)
FNF:25
FNH:6
FNDA:1,(anonymous_1)
FNDA:3,(anonymous_2)
FNDA:6,UserManagementController
FNDA:6,activate
FNDA:0,updateUser
FNDA:0,(anonymous_6)
FNDA:0,(anonymous_7)
FNDA:0,(anonymous_8)
FNDA:0,(anonymous_9)
FNDA:0,(anonymous_10)
FNDA:0,(anonymous_11)
FNDA:0,inviteUser
FNDA:0,(anonymous_13)
FNDA:0,(anonymous_14)
FNDA:0,(anonymous_15)
FNDA:0,(anonymous_16)
FNDA:0,(anonymous_17)
FNDA:0,(anonymous_18)
FNDA:6,(anonymous_19)
FNDA:0,(anonymous_20)
FNDA:0,(anonymous_21)
FNDA:0,(anonymous_22)
FNDA:0,(anonymous_23)
FNDA:6,(anonymous_24)
FNDA:0,(anonymous_25)
DA:1,1
DA:4,1
DA:7,3
DA:22,1
DA:23,6
DA:25,6
DA:26,6
DA:28,6
DA:32,1
DA:33,6
DA:34,6
DA:35,6
DA:36,6
DA:37,6
DA:39,6
DA:40,6
DA:41,6
DA:43,6
DA:44,6
DA:45,6
DA:49,1
DA:50,0
DA:58,0
DA:59,0
DA:60,0
DA:61,0
DA:64,0
DA:65,0
DA:67,0
DA:68,0
DA:73,1
DA:74,0
DA:82,0
DA:83,0
DA:84,0
DA:85,0
DA:88,0
DA:89,0
DA:91,0
DA:92,0
DA:97,6
DA:98,6
DA:99,0
DA:101,0
DA:103,0
DA:105,6
DA:106,0
DA:108,0
DA:110,0
DA:113,6
DA:115,6
DA:117,0
DA:121,6
LF:53
LH:28
BRDA:34,1,0,6
BRDA:34,1,1,0
BRDA:34,2,0,6
BRDA:34,2,1,6
BRDA:39,3,0,6
BRDA:39,3,1,0
BRDA:43,4,0,6
BRDA:43,4,1,0
BRDA:67,5,0,0
BRDA:67,5,1,0
BRDA:91,6,0,0
BRDA:91,6,1,0
BRDA:98,7,0,0
BRDA:98,7,1,6
BRDA:105,8,0,0
BRDA:105,8,1,6
BRF:16
BRH:7
end_of_record
TN:
SF:C:\Users\alarned\git\chpl-website\src\app\admin\components\user\userEdit.controller.js
FN:1,(anonymous_1)
FN:8,EditUserController
FN:24,activate
FN:43,save
FN:59,(anonymous_5)
FN:66,(anonymous_6)
FN:72,cancel
FN:76,deleteUser
FN:82,(anonymous_9)
FN:89,(anonymous_10)
FN:97,(anonymous_11)
FN:104,(anonymous_12)
FN:110,(anonymous_13)
FN:117,(anonymous_14)
FN:124,invite
FN:133,(anonymous_16)
FN:140,(anonymous_17)
FN:148,errorMessage
FNF:18
FNH:1
FNDA:1,(anonymous_1)
FNDA:0,EditUserController
FNDA:0,activate
FNDA:0,save
FNDA:0,(anonymous_5)
FNDA:0,(anonymous_6)
FNDA:0,cancel
FNDA:0,deleteUser
FNDA:0,(anonymous_9)
FNDA:0,(anonymous_10)
FNDA:0,(anonymous_11)
FNDA:0,(anonymous_12)
FNDA:0,(anonymous_13)
FNDA:0,(anonymous_14)
FNDA:0,invite
FNDA:0,(anonymous_16)
FNDA:0,(anonymous_17)
FNDA:0,errorMessage
DA:1,1
DA:4,1
DA:8,1
DA:9,0
DA:10,0
DA:11,0
DA:12,0
DA:13,0
DA:15,0
DA:16,0
DA:17,0
DA:18,0
DA:20,0
DA:24,1
DA:25,0
DA:26,0
DA:27,0
DA:28,0
DA:29,0
DA:30,0
DA:31,0
DA:33,0
DA:34,0
DA:35,0
DA:37,0
DA:38,0
DA:39,0
DA:43,1
DA:44,0
DA:45,0
DA:47,0
DA:48,0
DA:49,0
DA:50,0
DA:51,0
DA:52,0
DA:53,0
DA:54,0
DA:58,0
DA:60,0
DA:61,0
DA:63,0
DA:67,0
DA:72,1
DA:73,0
DA:76,1
DA:77,0
DA:78,0
DA:79,0
DA:81,0
DA:83,0
DA:84,0
DA:86,0
DA:90,0
DA:93,0
DA:94,0
DA:96,0
DA:98,0
DA:99,0
DA:101,0
DA:105,0
DA:109,0
DA:111,0
DA:112,0
DA:114,0
DA:118,0
DA:124,1
DA:125,0
DA:126,0
DA:128,0
DA:129,0
DA:131,0
DA:132,0
DA:134,0
DA:135,0
DA:137,0
DA:141,0
DA:148,1
DA:149,0
LF:79
LH:9
BRDA:28,1,0,0
BRDA:28,1,1,0
BRDA:28,2,0,0
BRDA:28,2,1,0
BRDA:33,3,0,0
BRDA:33,3,1,0
BRDA:37,4,0,0
BRDA:37,4,1,0
BRDA:44,5,0,0
BRDA:44,5,1,0
BRDA:51,6,0,0
BRDA:51,6,1,0
BRDA:53,7,0,0
BRDA:53,7,1,0
BRDA:53,8,0,0
BRDA:53,8,1,0
BRDA:60,9,0,0
BRDA:60,9,1,0
BRDA:60,10,0,0
BRDA:60,10,1,0
BRDA:78,11,0,0
BRDA:78,11,1,0
BRDA:83,12,0,0
BRDA:83,12,1,0
BRDA:83,13,0,0
BRDA:83,13,1,0
BRDA:93,14,0,0
BRDA:93,14,1,0
BRDA:98,15,0,0
BRDA:98,15,1,0
BRDA:98,16,0,0
BRDA:98,16,1,0
BRDA:111,17,0,0
BRDA:111,17,1,0
BRDA:111,18,0,0
BRDA:111,18,1,0
BRDA:125,19,0,0
BRDA:125,19,1,0
BRDA:128,20,0,0
BRDA:128,20,1,0
BRDA:131,21,0,0
BRDA:131,21,1,0
BRDA:131,22,0,0
BRDA:131,22,1,0
BRDA:131,22,2,0
BRDA:134,23,0,0
BRDA:134,23,1,0
BRDA:134,24,0,0
BRDA:134,24,1,0
BRF:49
BRH:0
end_of_record
TN:
SF:C:\Users\alarned\git\chpl-website\src\app\admin\components\surveillance\surveillanceInspect.controller.js
FN:1,(anonymous_1)
FN:8,SurveillanceInspectController
FN:22,activate
FN:28,cancel
FN:32,confirm
FN:34,(anonymous_6)
FN:36,(anonymous_7)
FN:45,editSurveillance
FN:56,(anonymous_9)
FN:57,(anonymous_10)
FN:58,(anonymous_11)
FN:61,(anonymous_12)
FN:63,(anonymous_13)
FN:70,inspectNonconformities
FN:79,(anonymous_15)
FN:83,(anonymous_16)
FN:85,(anonymous_17)
FN:90,reject
FN:92,(anonymous_19)
FN:94,(anonymous_20)
FN:101,fixRequirementOptions
FNF:21
FNH:1
FNDA:1,(anonymous_1)
FNDA:0,SurveillanceInspectController
FNDA:0,activate
FNDA:0,cancel
FNDA:0,confirm
FNDA:0,(anonymous_6)
FNDA:0,(anonymous_7)
FNDA:0,editSurveillance
FNDA:0,(anonymous_9)
FNDA:0,(anonymous_10)
FNDA:0,(anonymous_11)
FNDA:0,(anonymous_12)
FNDA:0,(anonymous_13)
FNDA:0,inspectNonconformities
FNDA:0,(anonymous_15)
FNDA:0,(anonymous_16)
FNDA:0,(anonymous_17)
FNDA:0,reject
FNDA:0,(anonymous_19)
FNDA:0,(anonymous_20)
FNDA:0,fixRequirementOptions
DA:1,1
DA:4,1
DA:8,1
DA:9,0
DA:11,0
DA:12,0
DA:13,0
DA:14,0
DA:15,0
DA:16,0
DA:18,0
DA:22,1
DA:23,0
DA:24,0
DA:25,0
DA:28,1
DA:29,0
DA:32,1
DA:33,0
DA:35,0
DA:37,0
DA:38,0
DA:40,0
DA:45,1
DA:46,0
DA:47,0
DA:56,0
DA:57,0
DA:58,0
DA:61,0
DA:62,0
DA:64,0
DA:65,0
DA:70,1
DA:71,0
DA:79,0
DA:83,0
DA:84,0
DA:86,0
DA:90,1
DA:91,0
DA:93,0
DA:95,0
DA:101,1
DA:102,0
DA:103,0
DA:104,0
DA:105,0
LF:48
LH:10
BRDA:37,1,0,0
BRDA:37,1,1,0
BRDA:64,2,0,0
BRDA:64,2,1,0
BRDA:102,3,0,0
BRDA:102,3,1,0
BRDA:104,4,0,0
BRDA:104,4,1,0
BRF:8
BRH:0
end_of_record
TN:
SF:C:\Users\alarned\git\chpl-website\src\app\admin\components\surveillance\nonconformityInspect.controller.js
FN:1,(anonymous_1)
FN:8,NonconformityInspectController
FN:17,activate
FN:21,cancel
FNF:4
FNH:1
FNDA:1,(anonymous_1)
FNDA:0,NonconformityInspectController
FNDA:0,activate
FNDA:0,cancel
DA:1,1
DA:4,1
DA:8,1
DA:9,0
DA:11,0
DA:13,0
DA:17,1
DA:18,0
DA:21,1
DA:22,0
LF:10
LH:5
BRF:0
BRH:0
end_of_record
TN:
SF:C:\Users\alarned\git\chpl-website\src\app\admin\components\surveillance\editSurveillance.controller.js
FN:1,(anonymous_1)
FN:8,EditSurveillanceController
FN:24,activate
FN:41,addRequirement
FN:50,(anonymous_5)
FN:51,(anonymous_6)
FN:52,(anonymous_7)
FN:53,(anonymous_8)
FN:54,(anonymous_9)
FN:55,(anonymous_10)
FN:59,(anonymous_11)
FN:64,(anonymous_12)
FN:69,cancel
FN:73,deleteSurveillance
FN:75,(anonymous_15)
FN:81,(anonymous_16)
FN:86,editRequirement
FN:96,(anonymous_18)
FN:97,(anonymous_19)
FN:98,(anonymous_20)
FN:99,(anonymous_21)
FN:100,(anonymous_22)
FN:101,(anonymous_23)
FN:105,(anonymous_24)
FN:116,(anonymous_25)
FN:121,deleteRequirement
FN:129,inspectNonconformities
FN:138,(anonymous_28)
FN:142,(anonymous_29)
FN:144,(anonymous_30)
FN:149,save
FN:161,(anonymous_32)
FN:167,(anonymous_33)
FN:176,(anonymous_34)
FN:182,(anonymous_35)
FN:194,findModel
FNF:36
FNH:1
FNDA:1,(anonymous_1)
FNDA:0,EditSurveillanceController
FNDA:0,activate
FNDA:0,addRequirement
FNDA:0,(anonymous_5)
FNDA:0,(anonymous_6)
FNDA:0,(anonymous_7)
FNDA:0,(anonymous_8)
FNDA:0,(anonymous_9)
FNDA:0,(anonymous_10)
FNDA:0,(anonymous_11)
FNDA:0,(anonymous_12)
FNDA:0,cancel
FNDA:0,deleteSurveillance
FNDA:0,(anonymous_15)
FNDA:0,(anonymous_16)
FNDA:0,editRequirement
FNDA:0,(anonymous_18)
FNDA:0,(anonymous_19)
FNDA:0,(anonymous_20)
FNDA:0,(anonymous_21)
FNDA:0,(anonymous_22)
FNDA:0,(anonymous_23)
FNDA:0,(anonymous_24)
FNDA:0,(anonymous_25)
FNDA:0,deleteRequirement
FNDA:0,inspectNonconformities
FNDA:0,(anonymous_28)
FNDA:0,(anonymous_29)
FNDA:0,(anonymous_30)
FNDA:0,save
FNDA:0,(anonymous_32)
FNDA:0,(anonymous_33)
FNDA:0,(anonymous_34)
FNDA:0,(anonymous_35)
FNDA:0,findModel
DA:1,1
DA:4,1
DA:8,1
DA:9,0
DA:11,0
DA:12,0
DA:13,0
DA:14,0
DA:15,0
DA:16,0
DA:17,0
DA:18,0
DA:20,0
DA:24,1
DA:25,0
DA:26,0
DA:27,0
DA:29,0
DA:30,0
DA:32,0
DA:33,0
DA:34,0
DA:35,0
DA:36,0
DA:37,0
DA:41,1
DA:42,0
DA:50,0
DA:51,0
DA:52,0
DA:53,0
DA:54,0
DA:55,0
DA:59,0
DA:60,0
DA:61,0
DA:63,0
DA:65,0
DA:69,1
DA:70,0
DA:73,1
DA:74,0
DA:76,0
DA:77,0
DA:79,0
DA:82,0
DA:86,1
DA:87,0
DA:88,0
DA:96,0
DA:97,0
DA:98,0
DA:99,0
DA:100,0
DA:101,0
DA:105,0
DA:106,0
DA:107,0
DA:108,0
DA:109,0
DA:110,0
DA:113,0
DA:114,0
DA:117,0
DA:121,1
DA:122,0
DA:123,0
DA:124,0
DA:129,1
DA:130,0
DA:138,0
DA:142,0
DA:143,0
DA:145,0
DA:149,1
DA:150,0
DA:151,0
DA:152,0
DA:154,0
DA:156,0
DA:157,0
DA:158,0
DA:159,0
DA:160,0
DA:162,0
DA:163,0
DA:165,0
DA:168,0
DA:169,0
DA:171,0
DA:174,0
DA:175,0
DA:177,0
DA:178,0
DA:180,0
DA:183,0
DA:184,0
DA:186,0
DA:194,1
DA:195,0
DA:196,0
DA:197,0
DA:200,0
LF:103
LH:12
BRDA:26,1,0,0
BRDA:26,1,1,0
BRDA:29,2,0,0
BRDA:29,2,1,0
BRDA:32,3,0,0
BRDA:32,3,1,0
BRDA:36,4,0,0
BRDA:36,4,1,0
BRDA:60,5,0,0
BRDA:60,5,1,0
BRDA:76,6,0,0
BRDA:76,6,1,0
BRDA:76,7,0,0
BRDA:76,7,1,0
BRDA:76,7,2,0
BRDA:87,8,0,0
BRDA:87,8,1,0
BRDA:108,9,0,0
BRDA:108,9,1,0
BRDA:113,10,0,0
BRDA:113,10,1,0
BRDA:123,11,0,0
BRDA:123,11,1,0
BRDA:151,12,0,0
BRDA:151,12,1,0
BRDA:156,13,0,0
BRDA:156,13,1,0
BRDA:158,14,0,0
BRDA:158,14,1,0
BRDA:162,15,0,0
BRDA:162,15,1,0
BRDA:162,16,0,0
BRDA:162,16,1,0
BRDA:162,16,2,0
BRDA:168,17,0,0
BRDA:168,17,1,0
BRDA:168,18,0,0
BRDA:168,18,1,0
BRDA:174,19,0,0
BRDA:174,19,1,0
BRDA:177,20,0,0
BRDA:177,20,1,0
BRDA:177,21,0,0
BRDA:177,21,1,0
BRDA:177,21,2,0
BRDA:183,22,0,0
BRDA:183,22,1,0
BRDA:183,23,0,0
BRDA:183,23,1,0
BRDA:196,24,0,0
BRDA:196,24,1,0
BRF:51
BRH:0
end_of_record
TN:
SF:C:\Users\alarned\git\chpl-website\src\app\admin\components\surveillance\editRequirement.controller.js
FN:1,(anonymous_1)
FN:8,EditRequirementController
FN:23,activate
FN:40,addNonconformity
FN:49,(anonymous_5)
FN:50,(anonymous_6)
FN:51,(anonymous_7)
FN:52,(anonymous_8)
FN:53,(anonymous_9)
FN:54,(anonymous_10)
FN:55,(anonymous_11)
FN:59,(anonymous_12)
FN:64,(anonymous_13)
FN:69,cancel
FN:73,deleteNonconformity
FN:81,editNonconformity
FN:91,(anonymous_17)
FN:92,(anonymous_18)
FN:93,(anonymous_19)
FN:94,(anonymous_20)
FN:95,(anonymous_21)
FN:96,(anonymous_22)
FN:97,(anonymous_23)
FN:101,(anonymous_24)
FN:112,(anonymous_25)
FN:117,isNonconformityRequired
FN:122,save
FN:128,findModel
FNF:28
FNH:1
FNDA:1,(anonymous_1)
FNDA:0,EditRequirementController
FNDA:0,activate
FNDA:0,addNonconformity
FNDA:0,(anonymous_5)
FNDA:0,(anonymous_6)
FNDA:0,(anonymous_7)
FNDA:0,(anonymous_8)
FNDA:0,(anonymous_9)
FNDA:0,(anonymous_10)
FNDA:0,(anonymous_11)
FNDA:0,(anonymous_12)
FNDA:0,(anonymous_13)
FNDA:0,cancel
FNDA:0,deleteNonconformity
FNDA:0,editNonconformity
FNDA:0,(anonymous_17)
FNDA:0,(anonymous_18)
FNDA:0,(anonymous_19)
FNDA:0,(anonymous_20)
FNDA:0,(anonymous_21)
FNDA:0,(anonymous_22)
FNDA:0,(anonymous_23)
FNDA:0,(anonymous_24)
FNDA:0,(anonymous_25)
FNDA:0,isNonconformityRequired
FNDA:0,save
FNDA:0,findModel
DA:1,1
DA:4,1
DA:8,1
DA:9,0
DA:11,0
DA:12,0
DA:13,0
DA:14,0
DA:15,0
DA:16,0
DA:17,0
DA:19,0
DA:23,1
DA:24,0
DA:25,0
DA:26,0
DA:27,0
DA:28,0
DA:29,0
DA:30,0
DA:31,0
DA:32,0
DA:33,0
DA:35,0
DA:36,0
DA:40,1
DA:41,0
DA:49,0
DA:50,0
DA:51,0
DA:52,0
DA:53,0
DA:54,0
DA:55,0
DA:59,0
DA:60,0
DA:61,0
DA:63,0
DA:65,0
DA:69,1
DA:70,0
DA:73,1
DA:74,0
DA:75,0
DA:76,0
DA:81,1
DA:82,0
DA:83,0
DA:91,0
DA:92,0
DA:93,0
DA:94,0
DA:95,0
DA:96,0
DA:97,0
DA:101,0
DA:102,0
DA:103,0
DA:104,0
DA:105,0
DA:106,0
DA:109,0
DA:110,0
DA:113,0
DA:117,1
DA:118,0
DA:122,1
DA:123,0
DA:128,1
DA:129,0
DA:130,0
DA:131,0
DA:134,0
LF:73
LH:11
BRDA:32,1,0,0
BRDA:32,1,1,0
BRDA:35,2,0,0
BRDA:35,2,1,0
BRDA:60,3,0,0
BRDA:60,3,1,0
BRDA:75,4,0,0
BRDA:75,4,1,0
BRDA:82,5,0,0
BRDA:82,5,1,0
BRDA:104,6,0,0
BRDA:104,6,1,0
BRDA:109,7,0,0
BRDA:109,7,1,0
BRDA:118,8,0,0
BRDA:118,8,1,0
BRDA:118,8,2,0
BRDA:130,9,0,0
BRDA:130,9,1,0
BRF:19
BRH:0
end_of_record
TN:
SF:C:\Users\alarned\git\chpl-website\src\app\admin\components\surveillance\editNonconformity.controller.js
FN:1,(anonymous_1)
FN:8,EditNonconformityController
FN:20,activate
FN:55,cancel
FN:59,deleteDoc
FN:61,(anonymous_6)
FN:67,(anonymous_7)
FN:72,save
FN:103,buildFileUploader
FN:112,(anonymous_10)
FN:116,(anonymous_11)
FN:119,(anonymous_12)
FN:122,(anonymous_13)
FN:127,findModel
FNF:14
FNH:1
FNDA:1,(anonymous_1)
FNDA:0,EditNonconformityController
FNDA:0,activate
FNDA:0,cancel
FNDA:0,deleteDoc
FNDA:0,(anonymous_6)
FNDA:0,(anonymous_7)
FNDA:0,save
FNDA:0,buildFileUploader
FNDA:0,(anonymous_10)
FNDA:0,(anonymous_11)
FNDA:0,(anonymous_12)
FNDA:0,(anonymous_13)
FNDA:0,findModel
DA:1,1
DA:4,1
DA:8,1
DA:9,0
DA:11,0
DA:12,0
DA:13,0
DA:14,0
DA:16,0
DA:20,1
DA:21,0
DA:22,0
DA:23,0
DA:24,0
DA:25,0
DA:26,0
DA:27,0
DA:28,0
DA:29,0
DA:30,0
DA:32,0
DA:33,0
DA:35,0
DA:36,0
DA:38,0
DA:39,0
DA:41,0
DA:42,0
DA:44,0
DA:45,0
DA:47,0
DA:48,0
DA:50,0
DA:51,0
DA:55,1
DA:56,0
DA:59,1
DA:60,0
DA:62,0
DA:63,0
DA:64,0
DA:68,0
DA:72,1
DA:73,0
DA:74,0
DA:76,0
DA:78,0
DA:79,0
DA:81,0
DA:83,0
DA:84,0
DA:86,0
DA:88,0
DA:89,0
DA:91,0
DA:93,0
DA:94,0
DA:96,0
DA:98,0
DA:103,1
DA:104,0
DA:112,0
DA:113,0
DA:114,0
DA:116,0
DA:117,0
DA:119,0
DA:120,0
DA:122,0
DA:123,0
DA:127,1
DA:128,0
DA:129,0
DA:130,0
DA:133,0
LF:75
LH:9
BRDA:29,1,0,0
BRDA:29,1,1,0
BRDA:32,2,0,0
BRDA:32,2,1,0
BRDA:35,3,0,0
BRDA:35,3,1,0
BRDA:38,4,0,0
BRDA:38,4,1,0
BRDA:41,5,0,0
BRDA:41,5,1,0
BRDA:44,6,0,0
BRDA:44,6,1,0
BRDA:47,7,0,0
BRDA:47,7,1,0
BRDA:50,8,0,0
BRDA:50,8,1,0
BRDA:63,9,0,0
BRDA:63,9,1,0
BRDA:73,10,0,0
BRDA:73,10,1,0
BRDA:78,11,0,0
BRDA:78,11,1,0
BRDA:83,12,0,0
BRDA:83,12,1,0
BRDA:88,13,0,0
BRDA:88,13,1,0
BRDA:93,14,0,0
BRDA:93,14,1,0
BRDA:129,15,0,0
BRDA:129,15,1,0
BRF:30
BRH:0
end_of_record
TN:
SF:C:\Users\alarned\git\chpl-website\src\app\admin\components\reports\reports.directive.js
FN:1,(anonymous_1)
FN:6,(anonymous_2)
FN:16,(anonymous_3)
FN:18,(anonymous_4)
FN:28,ReportController
FN:59,activate
FN:75,refreshActivity
FN:91,refreshCp
FN:93,(anonymous_9)
FN:103,refreshDeveloper
FN:105,(anonymous_11)
FN:111,refreshProduct
FN:113,(anonymous_13)
FN:118,(anonymous_14)
FN:124,refreshAcb
FN:126,(anonymous_16)
FN:132,refreshAtl
FN:134,(anonymous_18)
FN:140,refreshAnnouncement
FN:142,(anonymous_20)
FN:148,refreshUser
FN:151,(anonymous_22)
FN:156,(anonymous_23)
FN:163,refreshApi
FN:166,(anonymous_25)
FN:172,refreshApiKeyUsage
FN:176,(anonymous_27)
FN:182,clearApiKeyFilter
FN:191,compareSurveillances
FN:200,(anonymous_30)
FN:201,(anonymous_31)
FN:207,loadApiKeys
FN:209,(anonymous_33)
FN:211,(anonymous_34)
FN:216,refreshVisitors
FN:218,(anonymous_36)
FN:222,(anonymous_37)
FN:227,(anonymous_38)
FN:232,(anonymous_39)
FN:245,singleCp
FN:247,(anonymous_41)
FN:254,changeTab
FN:329,(anonymous_43)
FN:337,(anonymous_44)
FN:344,interpretCps
FN:597,compareCerts
FN:610,(anonymous_47)
FN:611,(anonymous_48)
FN:673,compareCapCerts
FN:683,(anonymous_50)
FN:684,(anonymous_51)
FN:699,compareSedTasks
FN:715,(anonymous_53)
FN:716,(anonymous_54)
FN:758,compareCqms
FN:761,(anonymous_56)
FN:762,(anonymous_57)
FN:790,interpretDevelopers
FN:815,(anonymous_59)
FN:861,interpretProducts
FN:925,(anonymous_61)
FN:945,(anonymous_62)
FN:975,(anonymous_63)
FN:1005,(anonymous_64)
FN:1010,(anonymous_65)
FN:1015,(anonymous_66)
FN:1020,(anonymous_67)
FN:1036,compareAddress
FN:1048,compareContact
FN:1059,compareObject
FN:1070,(anonymous_71)
FN:1082,compareArray
FN:1113,compareItem
FN:1134,nestedCompare
FN:1138,dateAdjust
FN:1145,coerceToMidnight
FN:1155,getResponsibleUser
FNF:77
FNH:52
FNDA:1,(anonymous_1)
FNDA:2,(anonymous_2)
FNDA:2,(anonymous_3)
FNDA:0,(anonymous_4)
FNDA:4,ReportController
FNDA:4,activate
FNDA:4,refreshActivity
FNDA:4,refreshCp
FNDA:4,(anonymous_9)
FNDA:4,refreshDeveloper
FNDA:4,(anonymous_11)
FNDA:4,refreshProduct
FNDA:4,(anonymous_13)
FNDA:4,(anonymous_14)
FNDA:4,refreshAcb
FNDA:4,(anonymous_16)
FNDA:4,refreshAtl
FNDA:4,(anonymous_18)
FNDA:4,refreshAnnouncement
FNDA:4,(anonymous_20)
FNDA:4,refreshUser
FNDA:4,(anonymous_22)
FNDA:4,(anonymous_23)
FNDA:4,refreshApi
FNDA:4,(anonymous_25)
FNDA:4,refreshApiKeyUsage
FNDA:4,(anonymous_27)
FNDA:0,clearApiKeyFilter
FNDA:0,compareSurveillances
FNDA:0,(anonymous_30)
FNDA:0,(anonymous_31)
FNDA:4,loadApiKeys
FNDA:4,(anonymous_33)
FNDA:0,(anonymous_34)
FNDA:4,refreshVisitors
FNDA:4,(anonymous_36)
FNDA:4,(anonymous_37)
FNDA:4,(anonymous_38)
FNDA:4,(anonymous_39)
FNDA:0,singleCp
FNDA:0,(anonymous_41)
FNDA:0,changeTab
FNDA:0,(anonymous_43)
FNDA:0,(anonymous_44)
FNDA:4,interpretCps
FNDA:0,compareCerts
FNDA:0,(anonymous_47)
FNDA:0,(anonymous_48)
FNDA:0,compareCapCerts
FNDA:0,(anonymous_50)
FNDA:0,(anonymous_51)
FNDA:0,compareSedTasks
FNDA:0,(anonymous_53)
FNDA:0,(anonymous_54)
FNDA:0,compareCqms
FNDA:0,(anonymous_56)
FNDA:0,(anonymous_57)
FNDA:4,interpretDevelopers
FNDA:0,(anonymous_59)
FNDA:4,interpretProducts
FNDA:4,(anonymous_61)
FNDA:4,(anonymous_62)
FNDA:4,(anonymous_63)
FNDA:4,(anonymous_64)
FNDA:4,(anonymous_65)
FNDA:4,(anonymous_66)
FNDA:24,(anonymous_67)
FNDA:4,compareAddress
FNDA:4,compareContact
FNDA:8,compareObject
FNDA:0,(anonymous_71)
FNDA:4,compareArray
FNDA:84,compareItem
FNDA:4,nestedCompare
FNDA:44,dateAdjust
FNDA:88,coerceToMidnight
FNDA:8,getResponsibleUser
DA:1,1
DA:4,1
DA:7,2
DA:17,2
DA:19,0
DA:22,2
DA:28,1
DA:29,4
DA:30,4
DA:31,4
DA:32,4
DA:33,4
DA:34,4
DA:35,4
DA:37,4
DA:38,4
DA:39,4
DA:40,4
DA:41,4
DA:42,4
DA:43,4
DA:44,4
DA:45,4
DA:46,4
DA:47,4
DA:48,4
DA:49,4
DA:50,4
DA:51,4
DA:52,4
DA:54,4
DA:59,1
DA:60,4
DA:61,4
DA:62,4
DA:63,4
DA:69,4
DA:70,4
DA:71,4
DA:72,4
DA:75,1
DA:76,4
DA:77,0
DA:79,4
DA:81,4
DA:82,4
DA:83,4
DA:84,4
DA:85,4
DA:86,4
DA:87,4
DA:88,4
DA:91,1
DA:92,4
DA:94,4
DA:95,4
DA:96,4
DA:97,4
DA:98,4
DA:99,4
DA:103,1
DA:104,4
DA:106,4
DA:107,4
DA:111,1
DA:112,4
DA:114,4
DA:115,4
DA:117,4
DA:119,4
DA:120,4
DA:124,1
DA:125,4
DA:127,4
DA:128,4
DA:132,1
DA:133,4
DA:135,4
DA:136,4
DA:140,1
DA:141,4
DA:143,4
DA:144,4
DA:148,1
DA:149,4
DA:150,4
DA:152,4
DA:153,4
DA:155,4
DA:157,4
DA:158,4
DA:163,1
DA:164,4
DA:165,4
DA:167,4
DA:168,4
DA:172,1
DA:173,4
DA:174,4
DA:175,4
DA:177,4
DA:182,1
DA:183,0
DA:191,1
DA:192,0
DA:200,0
DA:201,0
DA:207,1
DA:208,4
DA:210,4
DA:212,0
DA:216,1
DA:217,4
DA:219,4
DA:221,4
DA:223,4
DA:224,4
DA:226,4
DA:228,4
DA:229,4
DA:231,4
DA:233,4
DA:234,4
DA:235,4
DA:236,0
DA:237,0
DA:241,4
DA:245,1
DA:246,0
DA:248,0
DA:249,0
DA:250,0
DA:254,1
DA:255,0
DA:257,0
DA:258,0
DA:260,0
DA:261,0
DA:263,0
DA:264,0
DA:266,0
DA:267,0
DA:269,0
DA:270,0
DA:272,0
DA:273,0
DA:275,0
DA:281,4
DA:288,4
DA:295,4
DA:302,4
DA:312,4
DA:317,4
DA:328,4
DA:329,0
DA:330,0
DA:331,0
DA:332,0
DA:336,4
DA:337,1
DA:338,0
DA:339,0
DA:340,0
DA:344,1
DA:345,4
DA:346,4
DA:362,4
DA:369,4
DA:376,4
DA:377,4
DA:379,4
DA:380,4
DA:381,8
DA:386,8
DA:387,8
DA:388,0
DA:389,0
DA:390,0
DA:391,0
DA:392,0
DA:393,0
DA:394,0
DA:395,0
DA:396,0
DA:397,8
DA:398,0
DA:399,0
DA:400,0
DA:401,0
DA:402,0
DA:403,0
DA:404,0
DA:405,0
DA:406,0
DA:407,0
DA:408,0
DA:409,0
DA:410,0
DA:411,0
DA:413,0
DA:414,0
DA:415,0
DA:416,0
DA:417,0
DA:418,0
DA:420,0
DA:421,0
DA:422,0
DA:423,0
DA:424,0
DA:426,0
DA:429,0
DA:430,0
DA:431,0
DA:432,0
DA:434,0
DA:435,0
DA:436,0
DA:438,0
DA:439,0
DA:440,0
DA:442,0
DA:443,0
DA:444,0
DA:445,0
DA:447,0
DA:448,0
DA:449,0
DA:450,0
DA:452,0
DA:453,0
DA:455,0
DA:456,0
DA:458,8
DA:459,0
DA:460,0
DA:461,0
DA:462,0
DA:463,0
DA:464,0
DA:465,0
DA:466,0
DA:467,0
DA:468,0
DA:469,0
DA:470,0
DA:471,0
DA:472,0
DA:485,0
DA:486,0
DA:487,0
DA:488,0
DA:490,0
DA:491,0
DA:492,0
DA:494,0
DA:496,0
DA:498,0
DA:499,8
DA:500,0
DA:501,0
DA:502,0
DA:503,0
DA:504,0
DA:505,8
DA:506,0
DA:507,0
DA:508,0
DA:509,0
DA:510,0
DA:511,8
DA:512,0
DA:513,0
DA:514,0
DA:515,0
DA:516,0
DA:517,0
DA:518,0
DA:519,0
DA:520,0
DA:521,0
DA:522,0
DA:523,0
DA:524,0
DA:525,0
DA:526,0
DA:527,0
DA:528,0
DA:529,0
DA:535,0
DA:539,0
DA:540,0
DA:541,0
DA:543,0
DA:544,0
DA:545,0
DA:546,0
DA:554,0
DA:555,0
DA:560,0
DA:561,0
DA:562,0
DA:566,0
DA:568,0
DA:569,8
DA:570,0
DA:571,0
DA:572,0
DA:573,0
DA:574,0
DA:575,0
DA:576,0
DA:577,8
DA:578,0
DA:579,0
DA:580,0
DA:581,0
DA:582,0
DA:583,0
DA:584,0
DA:586,8
DA:587,8
DA:590,4
DA:591,4
DA:592,4
DA:593,4
DA:594,4
DA:597,1
DA:598,0
DA:599,0
DA:600,0
DA:609,0
DA:610,0
DA:611,0
DA:612,0
DA:613,0
DA:614,0
DA:615,0
DA:616,0
DA:617,0
DA:618,0
DA:620,0
DA:623,0
DA:629,0
DA:630,0
DA:631,0
DA:633,0
DA:634,0
DA:635,0
DA:636,0
DA:638,0
DA:639,0
DA:640,0
DA:641,0
DA:643,0
DA:644,0
DA:645,0
DA:646,0
DA:648,0
DA:649,0
DA:650,0
DA:651,0
DA:653,0
DA:654,0
DA:655,0
DA:656,0
DA:658,0
DA:659,0
DA:660,0
DA:661,0
DA:663,0
DA:664,0
DA:665,0
DA:667,0
DA:668,0
DA:670,0
DA:673,1
DA:674,0
DA:675,0
DA:676,0
DA:683,0
DA:684,0
DA:685,0
DA:686,0
DA:687,0
DA:688,0
DA:689,0
DA:690,0
DA:693,0
DA:694,0
DA:696,0
DA:699,1
DA:700,0
DA:701,0
DA:702,0
DA:713,0
DA:714,0
DA:715,0
DA:716,0
DA:717,0
DA:718,0
DA:719,0
DA:720,0
DA:721,0
DA:722,0
DA:723,0
DA:725,0
DA:735,0
DA:736,0
DA:737,0
DA:739,0
DA:740,0
DA:741,0
DA:742,0
DA:745,0
DA:746,0
DA:749,0
DA:750,0
DA:751,0
DA:755,0
DA:758,1
DA:759,0
DA:760,0
DA:761,0
DA:762,0
DA:763,0
DA:764,0
DA:765,0
DA:766,0
DA:767,0
DA:768,0
DA:769,0
DA:771,0
DA:773,0
DA:774,0
DA:775,0
DA:776,0
DA:777,0
DA:779,0
DA:780,0
DA:781,0
DA:782,0
DA:784,0
DA:785,0
DA:787,0
DA:790,1
DA:791,4
DA:798,4
DA:801,4
DA:802,4
DA:803,4
DA:805,4
DA:806,4
DA:813,4
DA:814,4
DA:815,0
DA:816,0
DA:818,4
DA:819,0
DA:821,4
DA:822,4
DA:823,4
DA:824,4
DA:825,16
DA:826,16
DA:828,4
DA:829,4
DA:830,4
DA:831,0
DA:833,4
DA:834,4
DA:835,4
DA:837,4
DA:838,4
DA:839,4
DA:841,4
DA:842,4
DA:843,4
DA:844,0
DA:846,4
DA:847,0
DA:849,4
DA:851,4
DA:853,0
DA:854,0
DA:856,4
DA:858,4
DA:861,1
DA:862,4
DA:863,4
DA:865,4
DA:866,4
DA:867,4
DA:873,4
DA:874,4
DA:876,0
DA:878,4
DA:879,4
DA:880,4
DA:881,4
DA:882,4
DA:883,4
DA:884,4
DA:885,4
DA:886,4
DA:888,4
DA:889,4
DA:890,0
DA:891,0
DA:893,4
DA:894,0
DA:895,0
DA:896,0
DA:898,0
DA:899,0
DA:902,0
DA:903,0
DA:904,0
DA:906,0
DA:907,0
DA:910,0
DA:911,0
DA:912,0
DA:914,4
DA:916,0
DA:917,0
DA:919,4
DA:920,4
DA:922,4
DA:925,4
DA:926,4
DA:927,4
DA:929,4
DA:930,8
DA:931,8
DA:932,0
DA:933,0
DA:934,0
DA:935,0
DA:936,0
DA:938,8
DA:940,8
DA:942,4
DA:945,4
DA:946,4
DA:947,4
DA:949,4
DA:950,8
DA:951,8
DA:952,0
DA:953,0
DA:954,0
DA:956,0
DA:957,0
DA:958,0
DA:959,0
DA:960,0
DA:961,0
DA:962,0
DA:963,0
DA:965,0
DA:968,8
DA:970,8
DA:972,4
DA:975,4
DA:976,4
DA:977,4
DA:979,4
DA:980,8
DA:981,8
DA:982,0
DA:983,0
DA:984,0
DA:986,0
DA:987,0
DA:988,0
DA:989,0
DA:990,0
DA:991,0
DA:992,0
DA:993,0
DA:995,0
DA:998,8
DA:1000,8
DA:1002,4
DA:1005,4
DA:1006,4
DA:1007,4
DA:1010,4
DA:1011,4
DA:1012,4
DA:1015,4
DA:1016,4
DA:1017,4
DA:1020,4
DA:1021,24
DA:1022,24
DA:1023,0
DA:1024,0
DA:1026,24
DA:1027,0
DA:1028,0
DA:1030,24
DA:1031,0
DA:1032,0
DA:1036,1
DA:1037,4
DA:1045,4
DA:1048,1
DA:1049,4
DA:1056,4
DA:1059,1
DA:1060,8
DA:1061,8
DA:1063,8
DA:1064,44
DA:1065,44
DA:1067,8
DA:1070,4
DA:1071,0
DA:1072,0
DA:1073,0
DA:1074,0
DA:1075,0
DA:1076,0
DA:1078,0
DA:1082,1
DA:1083,4
DA:1084,4
DA:1085,4
DA:1086,4
DA:1087,12
DA:1088,36
DA:1089,36
DA:1090,12
DA:1091,12
DA:1092,12
DA:1094,12
DA:1095,12
DA:1097,36
DA:1098,0
DA:1100,12
DA:1101,0
DA:1104,4
DA:1105,12
DA:1106,0
DA:1110,4
DA:1113,1
DA:1114,84
DA:1115,4
DA:1116,0
DA:1118,4
DA:1120,80
DA:1121,36
DA:1122,0
DA:1124,36
DA:1126,44
DA:1127,0
DA:1128,0
DA:1130,0
DA:1134,1
DA:1135,4
DA:1138,1
DA:1139,44
DA:1140,44
DA:1141,44
DA:1142,44
DA:1145,1
DA:1146,88
DA:1147,88
DA:1148,88
DA:1149,44
DA:1151,88
DA:1155,1
DA:1156,8
LF:675
LH:313
BRDA:76,1,0,0
BRDA:76,1,1,4
BRDA:149,2,0,4
BRDA:149,2,1,0
BRDA:149,3,0,4
BRDA:149,3,1,0
BRDA:164,4,0,4
BRDA:164,4,1,0
BRDA:164,5,0,4
BRDA:164,5,1,0
BRDA:173,6,0,4
BRDA:173,6,1,0
BRDA:173,7,0,4
BRDA:173,7,1,0
BRDA:255,8,0,0
BRDA:255,8,1,0
BRDA:255,8,2,0
BRDA:255,8,3,0
BRDA:255,8,4,0
BRDA:255,8,5,0
BRDA:328,9,0,0
BRDA:328,9,1,4
BRDA:331,10,0,0
BRDA:331,10,1,0
BRDA:336,11,0,1
BRDA:336,11,1,3
BRDA:339,12,0,0
BRDA:339,12,1,0
BRDA:387,13,0,0
BRDA:387,13,1,8
BRDA:397,14,0,0
BRDA:397,14,1,8
BRDA:408,15,0,0
BRDA:408,15,1,0
BRDA:413,16,0,0
BRDA:413,16,1,0
BRDA:418,17,0,0
BRDA:418,17,1,0
BRDA:422,18,0,0
BRDA:422,18,1,0
BRDA:423,19,0,0
BRDA:423,19,1,0
BRDA:423,20,0,0
BRDA:423,20,1,0
BRDA:452,21,0,0
BRDA:452,21,1,0
BRDA:458,22,0,0
BRDA:458,22,1,8
BRDA:460,23,0,0
BRDA:460,23,1,0
BRDA:464,24,0,0
BRDA:464,24,1,0
BRDA:468,25,0,0
BRDA:468,25,1,0
BRDA:488,26,0,0
BRDA:488,26,1,0
BRDA:499,27,0,0
BRDA:499,27,1,8
BRDA:505,28,0,0
BRDA:505,28,1,8
BRDA:511,29,0,0
BRDA:511,29,1,8
BRDA:517,30,0,0
BRDA:517,30,1,0
BRDA:519,31,0,0
BRDA:519,31,1,0
BRDA:521,32,0,0
BRDA:521,32,1,0
BRDA:523,33,0,0
BRDA:523,33,1,0
BRDA:541,34,0,0
BRDA:541,34,1,0
BRDA:545,35,0,0
BRDA:545,35,1,0
BRDA:554,36,0,0
BRDA:554,36,1,0
BRDA:569,37,0,0
BRDA:569,37,1,8
BRDA:577,38,0,0
BRDA:577,38,1,8
BRDA:610,39,0,0
BRDA:610,39,1,0
BRDA:610,40,0,0
BRDA:610,40,1,0
BRDA:611,41,0,0
BRDA:611,41,1,0
BRDA:611,42,0,0
BRDA:611,42,1,0
BRDA:616,43,0,0
BRDA:616,43,1,0
BRDA:617,44,0,0
BRDA:617,44,1,0
BRDA:617,45,0,0
BRDA:617,45,1,0
BRDA:667,46,0,0
BRDA:667,46,1,0
BRDA:683,47,0,0
BRDA:683,47,1,0
BRDA:683,48,0,0
BRDA:683,48,1,0
BRDA:684,49,0,0
BRDA:684,49,1,0
BRDA:684,50,0,0
BRDA:684,50,1,0
BRDA:689,51,0,0
BRDA:689,51,1,0
BRDA:693,52,0,0
BRDA:693,52,1,0
BRDA:714,53,0,0
BRDA:714,53,1,0
BRDA:715,54,0,0
BRDA:715,54,1,0
BRDA:715,55,0,0
BRDA:715,55,1,0
BRDA:716,56,0,0
BRDA:716,56,1,0
BRDA:716,57,0,0
BRDA:716,57,1,0
BRDA:719,58,0,0
BRDA:719,58,1,0
BRDA:723,59,0,0
BRDA:723,59,1,0
BRDA:739,60,0,0
BRDA:739,60,1,0
BRDA:745,61,0,0
BRDA:745,61,1,0
BRDA:750,62,0,0
BRDA:750,62,1,0
BRDA:761,63,0,0
BRDA:761,63,1,0
BRDA:761,64,0,0
BRDA:761,64,1,0
BRDA:762,65,0,0
BRDA:762,65,1,0
BRDA:762,66,0,0
BRDA:762,66,1,0
BRDA:767,67,0,0
BRDA:767,67,1,0
BRDA:768,68,0,0
BRDA:768,68,1,0
BRDA:774,69,0,0
BRDA:774,69,1,0
BRDA:774,70,0,0
BRDA:774,70,1,0
BRDA:776,71,0,0
BRDA:776,71,1,0
BRDA:776,72,0,0
BRDA:776,72,1,0
BRDA:784,73,0,0
BRDA:784,73,1,0
BRDA:814,74,0,0
BRDA:814,74,1,4
BRDA:818,75,0,0
BRDA:818,75,1,4
BRDA:821,76,0,4
BRDA:821,76,1,0
BRDA:821,77,0,4
BRDA:821,77,1,4
BRDA:821,77,2,4
BRDA:826,78,0,4
BRDA:826,78,1,12
BRDA:830,79,0,0
BRDA:830,79,1,4
BRDA:834,80,0,4
BRDA:834,80,1,0
BRDA:834,81,0,4
BRDA:834,81,1,4
BRDA:838,82,0,4
BRDA:838,82,1,0
BRDA:838,83,0,4
BRDA:838,83,1,4
BRDA:846,84,0,0
BRDA:846,84,1,4
BRDA:873,85,0,4
BRDA:873,85,1,0
BRDA:880,86,0,4
BRDA:880,86,1,0
BRDA:880,87,0,4
BRDA:880,87,1,4
BRDA:880,87,2,4
BRDA:884,88,0,4
BRDA:884,88,1,0
BRDA:889,89,0,0
BRDA:889,89,1,4
BRDA:893,90,0,0
BRDA:893,90,1,4
BRDA:895,91,0,0
BRDA:895,91,1,0
BRDA:903,92,0,0
BRDA:903,92,1,0
BRDA:919,93,0,4
BRDA:919,93,1,0
BRDA:931,94,0,0
BRDA:931,94,1,8
BRDA:931,95,0,8
BRDA:931,95,1,0
BRDA:931,95,2,0
BRDA:935,96,0,0
BRDA:935,96,1,0
BRDA:951,97,0,0
BRDA:951,97,1,8
BRDA:951,98,0,8
BRDA:951,98,1,0
BRDA:951,98,2,0
BRDA:953,99,0,0
BRDA:953,99,1,0
BRDA:954,100,0,0
BRDA:954,100,1,0
BRDA:958,101,0,0
BRDA:958,101,1,0
BRDA:960,102,0,0
BRDA:960,102,1,0
BRDA:962,103,0,0
BRDA:962,103,1,0
BRDA:962,104,0,0
BRDA:962,104,1,0
BRDA:981,105,0,0
BRDA:981,105,1,8
BRDA:981,106,0,8
BRDA:981,106,1,0
BRDA:981,106,2,0
BRDA:983,107,0,0
BRDA:983,107,1,0
BRDA:984,108,0,0
BRDA:984,108,1,0
BRDA:988,109,0,0
BRDA:988,109,1,0
BRDA:990,110,0,0
BRDA:990,110,1,0
BRDA:992,111,0,0
BRDA:992,111,1,0
BRDA:992,112,0,0
BRDA:992,112,1,0
BRDA:1021,113,0,16
BRDA:1021,113,1,8
BRDA:1022,114,0,0
[...]
DA:225,0
DA:226,0
DA:228,0
DA:229,0
DA:230,0
DA:232,0
DA:233,0
DA:235,0
DA:239,1
DA:240,0
DA:241,0
DA:242,0
DA:243,0
DA:244,0
DA:245,0
DA:246,0
DA:248,0
DA:252,1
DA:253,0
DA:255,0
DA:256,0
DA:257,0
DA:259,0
DA:260,0
DA:261,0
DA:263,0
DA:264,0
DA:265,0
DA:267,0
DA:271,1
DA:272,0
DA:275,1
DA:276,0
DA:277,0
DA:279,0
LF:144
LH:21
BRDA:59,1,0,0
BRDA:59,1,1,0
BRDA:64,2,0,0
BRDA:64,2,1,0
BRDA:70,3,0,0
BRDA:70,3,1,0
BRDA:96,4,0,0
BRDA:96,4,1,0
BRDA:106,5,0,0
BRDA:106,5,1,0
BRDA:106,6,0,0
BRDA:106,6,1,0
BRDA:114,7,0,0
BRDA:114,7,1,0
BRDA:143,8,0,0
BRDA:143,8,1,0
BRDA:143,9,0,0
BRDA:143,9,1,0
BRDA:151,10,0,0
BRDA:151,10,1,0
BRDA:215,11,0,0
BRDA:215,11,1,0
BRDA:222,12,0,0
BRDA:222,12,1,0
BRDA:222,12,2,0
BRDA:222,12,3,0
BRDA:240,13,0,0
BRDA:240,13,1,0
BRDA:240,13,2,0
BRDA:240,13,3,0
BRDA:253,14,0,0
BRDA:253,14,1,0
BRDA:253,14,2,0
BRDA:253,14,3,0
BRDA:255,15,0,0
BRDA:255,15,1,0
BRDA:255,16,0,0
BRDA:255,16,1,0
BRDA:259,17,0,0
BRDA:259,17,1,0
BRDA:259,18,0,0
BRDA:259,18,1,0
BRDA:263,19,0,0
BRDA:263,19,1,0
BRDA:263,20,0,0
BRDA:263,20,1,0
BRDA:276,21,0,0
BRDA:276,21,1,0
BRDA:279,22,0,0
BRDA:279,22,1,0
BRF:50
BRH:0
end_of_record
TN:
SF:C:\Users\alarned\git\chpl-website\src\app\admin\components\cp\vpEditVersion.controller.js
FN:1,(anonymous_1)
FN:8,EditVersionController
FN:18,save
FN:21,(anonymous_4)
FN:28,(anonymous_5)
FN:33,cancel
FNF:6
FNH:1
FNDA:1,(anonymous_1)
FNDA:0,EditVersionController
FNDA:0,save
FNDA:0,(anonymous_4)
FNDA:0,(anonymous_5)
FNDA:0,cancel
DA:1,1
DA:4,1
DA:8,1
DA:9,0
DA:10,0
DA:11,0
DA:13,0
DA:14,0
DA:18,1
DA:19,0
DA:20,0
DA:22,0
DA:23,0
DA:24,0
DA:26,0
DA:29,0
DA:33,1
DA:34,0
LF:18
LH:5
BRDA:22,1,0,0
BRDA:22,1,1,0
BRDA:22,2,0,0
BRDA:22,2,1,0
BRF:4
BRH:0
end_of_record
TN:
SF:C:\Users\alarned\git\chpl-website\src\app\admin\components\cp\vpEditProduct.controller.js
FN:1,(anonymous_1)
FN:8,EditProductController
FN:23,activate
FN:24,(anonymous_4)
FN:32,addPreviousOwner
FN:36,changeCurrent
FN:45,removePreviousOwner
FN:49,save
FN:56,(anonymous_9)
FN:63,(anonymous_10)
FN:68,cancel
FNF:11
FNH:1
FNDA:1,(anonymous_1)
FNDA:0,EditProductController
FNDA:0,activate
FNDA:0,(anonymous_4)
FNDA:0,addPreviousOwner
FNDA:0,changeCurrent
FNDA:0,removePreviousOwner
FNDA:0,save
FNDA:0,(anonymous_9)
FNDA:0,(anonymous_10)
FNDA:0,cancel
DA:1,1
DA:4,1
DA:8,1
DA:9,0
DA:10,0
DA:11,0
DA:13,0
DA:14,0
DA:15,0
DA:16,0
DA:17,0
DA:19,0
DA:23,1
DA:24,0
DA:25,0
DA:27,0
DA:28,0
DA:32,1
DA:33,0
DA:36,1
DA:37,0
DA:45,1
DA:46,0
DA:49,1
DA:50,0
DA:51,0
DA:53,0
DA:54,0
DA:55,0
DA:57,0
DA:58,0
DA:59,0
DA:61,0
DA:64,0
DA:68,1
DA:69,0
LF:36
LH:9
BRDA:57,1,0,0
BRDA:57,1,1,0
BRDA:57,2,0,0
BRDA:57,2,1,0
BRF:4
BRH:0
end_of_record
TN:
SF:C:\Users\alarned\git\chpl-website\src\app\admin\components\cp\vpEditDeveloper.controller.js
FN:1,(anonymous_1)
FN:8,EditDeveloperController
FN:23,activate
FN:30,addressRequired
FN:34,isBeingActivatedFromOncInactiveStatus
FN:38,save
FN:40,(anonymous_7)
FN:53,(anonymous_8)
FN:59,(anonymous_9)
FN:64,cancel
FNF:10
FNH:1
FNDA:1,(anonymous_1)
FNDA:0,EditDeveloperController
FNDA:0,activate
FNDA:0,addressRequired
FNDA:0,isBeingActivatedFromOncInactiveStatus
FNDA:0,save
FNDA:0,(anonymous_7)
FNDA:0,(anonymous_8)
FNDA:0,(anonymous_9)
FNDA:0,cancel
DA:1,1
DA:4,1
DA:8,1
DA:9,0
DA:10,0
DA:11,0
DA:12,0
DA:14,0
DA:15,0
DA:16,0
DA:17,0
DA:19,0
DA:23,1
DA:24,0
DA:25,0
DA:26,0
DA:27,0
DA:30,1
DA:31,0
DA:34,1
DA:35,0
DA:38,1
DA:39,0
DA:40,0
DA:41,0
DA:42,0
DA:43,0
DA:44,0
DA:45,0
DA:48,0
DA:49,0
DA:52,0
DA:54,0
DA:55,0
DA:57,0
DA:60,0
DA:64,1
DA:65,0
LF:38
LH:8
BRDA:27,1,0,0
BRDA:27,1,1,0
BRDA:35,2,0,0
BRDA:35,2,1,0
BRDA:35,2,2,0
BRDA:43,3,0,0
BRDA:43,3,1,0
BRDA:48,4,0,0
BRDA:48,4,1,0
BRDA:54,5,0,0
BRDA:54,5,1,0
BRDA:54,6,0,0
BRDA:54,6,1,0
BRDA:54,6,2,0
BRF:14
BRH:0
end_of_record
TN:
SF:C:\Users\alarned\git\chpl-website\src\app\admin\components\cp\vpEditCertifiedProduct.controller.js
FN:1,(anonymous_1)
FN:8,EditCertifiedProductController
FN:26,activate
FN:60,addNewValue
FN:69,attachModel
FN:79,cancel
FN:83,directCertsDirective
FN:84,(anonymous_8)
FN:89,disabledStatus
FN:93,extendSelect
FN:97,findModel
FN:106,prep
FN:111,registerCerts
FN:113,(anonymous_14)
FN:114,(anonymous_15)
FN:121,save
FN:134,(anonymous_17)
FN:140,(anonymous_18)
FNF:18
FNH:1
FNDA:1,(anonymous_1)
FNDA:0,EditCertifiedProductController
FNDA:0,activate
FNDA:0,addNewValue
FNDA:0,attachModel
FNDA:0,cancel
FNDA:0,directCertsDirective
FNDA:0,(anonymous_8)
FNDA:0,disabledStatus
FNDA:0,extendSelect
FNDA:0,findModel
FNDA:0,prep
FNDA:0,registerCerts
FNDA:0,(anonymous_14)
FNDA:0,(anonymous_15)
FNDA:0,save
FNDA:0,(anonymous_17)
FNDA:0,(anonymous_18)
DA:1,1
DA:4,1
DA:8,1
DA:10,0
DA:11,0
DA:12,0
DA:13,0
DA:14,0
DA:15,0
DA:16,0
DA:17,0
DA:18,0
DA:19,0
DA:20,0
DA:22,0
DA:26,1
DA:27,0
DA:28,0
DA:29,0
DA:30,0
DA:31,0
DA:32,0
DA:33,0
DA:34,0
DA:35,0
DA:36,0
DA:37,0
DA:38,0
DA:39,0
DA:40,0
DA:41,0
DA:42,0
DA:43,0
DA:44,0
DA:45,0
DA:46,0
DA:47,0
DA:56,0
DA:57,0
DA:60,1
DA:61,0
DA:62,0
DA:64,0
DA:65,0
DA:69,1
DA:70,0
DA:71,0
DA:72,0
DA:73,0
DA:74,0
DA:76,0
DA:79,1
DA:80,0
DA:83,1
DA:84,0
DA:85,0
DA:89,1
DA:90,0
DA:93,1
DA:94,0
DA:97,1
DA:98,0
DA:99,0
DA:100,0
DA:103,0
DA:106,1
DA:107,0
DA:108,0
DA:111,1
DA:112,0
DA:113,0
DA:114,0
DA:115,0
DA:118,0
DA:121,1
DA:122,0
DA:123,0
DA:130,0
DA:131,0
DA:132,0
DA:133,0
DA:135,0
DA:136,0
DA:138,0
DA:141,0
DA:142,0
DA:143,0
DA:144,0
DA:145,0
DA:146,0
DA:147,0
DA:148,0
DA:151,0
DA:152,0
LF:94
LH:14
BRDA:45,1,0,0
BRDA:45,1,1,0
BRDA:61,2,0,0
BRDA:61,2,1,0
BRDA:64,3,0,0
BRDA:64,3,1,0
BRDA:64,4,0,0
BRDA:64,4,1,0
BRDA:73,5,0,0
BRDA:73,5,1,0
BRDA:90,6,0,0
BRDA:90,6,1,0
BRDA:90,6,2,0
BRDA:90,6,3,0
BRDA:99,7,0,0
BRDA:99,7,1,0
BRDA:122,8,0,0
BRDA:122,8,1,0
BRDA:132,9,0,0
BRDA:132,9,1,0
BRDA:135,10,0,0
BRDA:135,10,1,0
BRDA:135,11,0,0
BRDA:135,11,1,0
BRDA:142,12,0,0
BRDA:142,12,1,0
BRDA:143,13,0,0
BRDA:143,13,1,0
BRDA:143,14,0,0
BRDA:143,14,1,0
BRDA:145,15,0,0
BRDA:145,15,1,0
BRDA:145,16,0,0
BRDA:145,16,1,0
BRDA:147,17,0,0
BRDA:147,17,1,0
BRDA:147,18,0,0
BRDA:147,18,1,0
BRDA:151,19,0,0
BRDA:151,19,1,0
BRF:40
BRH:0
end_of_record
TN:
SF:C:\Users\alarned\git\chpl-website\src\app\admin\components\cms\cms.directive.js
FN:1,(anonymous_1)
FN:6,(anonymous_2)
FN:21,CmsController
FN:30,activate
FN:49,(anonymous_5)
FN:54,(anonymous_6)
FN:60,(anonymous_7)
FN:63,(anonymous_8)
FN:69,(anonymous_9)
FN:84,getDownload
FN:86,(anonymous_11)
FN:92,(anonymous_12)
FNF:12
FNH:1
FNDA:1,(anonymous_1)
FNDA:0,(anonymous_2)
FNDA:0,CmsController
FNDA:0,activate
FNDA:0,(anonymous_5)
FNDA:0,(anonymous_6)
FNDA:0,(anonymous_7)
FNDA:0,(anonymous_8)
FNDA:0,(anonymous_9)
FNDA:0,getDownload
FNDA:0,(anonymous_11)
FNDA:0,(anonymous_12)
DA:1,1
DA:4,1
DA:7,0
DA:21,1
DA:22,0
DA:24,0
DA:26,0
DA:30,1
DA:31,0
DA:32,0
DA:33,0
DA:35,0
DA:44,0
DA:45,0
DA:47,0
DA:50,0
DA:51,0
DA:54,0
DA:55,0
DA:56,0
DA:57,0
DA:58,0
DA:60,0
DA:61,0
DA:63,0
DA:64,0
DA:65,0
DA:66,0
DA:67,0
DA:69,0
DA:70,0
DA:72,0
DA:73,0
DA:74,0
DA:75,0
DA:77,0
DA:78,0
DA:80,0
DA:81,0
DA:84,1
DA:85,0
DA:87,0
DA:88,0
DA:90,0
DA:91,0
DA:93,0
LF:46
LH:5
BRDA:44,1,0,0
BRDA:44,1,1,0
BRDA:73,2,0,0
BRDA:73,2,1,0
BRDA:73,3,0,0
BRDA:73,3,1,0
BRF:6
BRH:0
end_of_record
TN:
SF:C:\Users\alarned\git\chpl-website\src\app\admin\components\atl\atlManagement.directive.js
FN:1,(anonymous_1)
FN:9,aiAtlManagement
FN:25,AtlManagementController
FN:39,doWork
FN:46,activate
FN:53,activateAtl
FN:58,loadData
FN:60,(anonymous_8)
FN:65,createAtl
FN:74,(anonymous_10)
FN:75,(anonymous_11)
FN:76,(anonymous_12)
FN:79,(anonymous_13)
FN:81,(anonymous_14)
FN:88,editAtl
FN:97,(anonymous_16)
FN:98,(anonymous_17)
FN:99,(anonymous_18)
FN:102,(anonymous_19)
FN:108,(anonymous_20)
FN:115,(anonymous_21)
FN:119,(anonymous_22)
FN:121,(anonymous_23)
FN:126,(anonymous_24)
FNF:24
FNH:4
FNDA:1,(anonymous_1)
FNDA:2,aiAtlManagement
FNDA:4,AtlManagementController
FNDA:0,doWork
FNDA:4,activate
FNDA:0,activateAtl
FNDA:0,loadData
FNDA:0,(anonymous_8)
FNDA:0,createAtl
FNDA:0,(anonymous_10)
FNDA:0,(anonymous_11)
FNDA:0,(anonymous_12)
FNDA:0,(anonymous_13)
FNDA:0,(anonymous_14)
FNDA:0,editAtl
FNDA:0,(anonymous_16)
FNDA:0,(anonymous_17)
FNDA:0,(anonymous_18)
FNDA:0,(anonymous_19)
FNDA:0,(anonymous_20)
FNDA:0,(anonymous_21)
FNDA:0,(anonymous_22)
FNDA:0,(anonymous_23)
FNDA:0,(anonymous_24)
DA:1,1
DA:4,1
DA:9,1
DA:10,2
DA:25,1
DA:26,4
DA:28,4
DA:29,4
DA:30,4
DA:31,4
DA:32,4
DA:33,4
DA:35,4
DA:39,1
DA:40,0
DA:41,0
DA:43,0
DA:46,1
DA:47,4
DA:48,4
DA:49,4
DA:50,4
DA:53,1
DA:54,0
DA:55,0
DA:58,1
DA:59,0
DA:61,0
DA:65,1
DA:66,0
DA:74,0
DA:75,0
DA:76,0
DA:79,0
DA:80,0
DA:82,0
DA:83,0
DA:88,1
DA:89,0
DA:97,0
DA:98,0
DA:99,0
DA:102,0
DA:103,0
DA:104,0
DA:106,0
DA:109,0
DA:110,0
DA:115,4
DA:116,0
DA:119,4
DA:120,0
DA:122,0
DA:126,4
DA:127,0
DA:128,0
LF:56
LH:26
BRDA:40,1,0,0
BRDA:40,1,1,0
BRDA:82,2,0,0
BRDA:82,2,1,0
BRDA:103,3,0,0
BRDA:103,3,1,0
BRDA:109,4,0,0
BRDA:109,4,1,0
BRDA:127,5,0,0
BRDA:127,5,1,0
BRF:10
BRH:0
end_of_record
TN:
SF:C:\Users\alarned\git\chpl-website\src\app\admin\components\atl\atlEdit.controller.js
FN:1,(anonymous_1)
FN:8,EditAtlController
FN:24,activate
FN:30,save
FN:32,(anonymous_5)
FN:38,(anonymous_6)
FN:43,cancel
FN:47,create
FN:49,(anonymous_9)
FN:55,(anonymous_10)
FN:60,deleteAtl
FN:62,(anonymous_12)
FN:68,(anonymous_13)
FN:73,undeleteAtl
FN:75,(anonymous_15)
FN:81,(anonymous_16)
FNF:16
FNH:1
FNDA:1,(anonymous_1)
FNDA:0,EditAtlController
FNDA:0,activate
FNDA:0,save
FNDA:0,(anonymous_5)
FNDA:0,(anonymous_6)
FNDA:0,cancel
FNDA:0,create
FNDA:0,(anonymous_9)
FNDA:0,(anonymous_10)
FNDA:0,deleteAtl
FNDA:0,(anonymous_12)
FNDA:0,(anonymous_13)
FNDA:0,undeleteAtl
FNDA:0,(anonymous_15)
FNDA:0,(anonymous_16)
DA:1,1
DA:4,1
DA:8,1
DA:9,0
DA:10,0
DA:11,0
DA:12,0
DA:14,0
DA:15,0
DA:16,0
DA:17,0
DA:18,0
DA:20,0
DA:24,1
DA:25,0
DA:26,0
DA:30,1
DA:31,0
DA:33,0
DA:34,0
DA:36,0
DA:39,0
DA:43,1
DA:44,0
DA:47,1
DA:48,0
DA:50,0
DA:51,0
DA:53,0
DA:56,0
DA:60,1
DA:61,0
DA:63,0
DA:64,0
DA:66,0
DA:69,0
DA:73,1
DA:74,0
DA:76,0
DA:77,0
DA:79,0
DA:82,0
LF:42
LH:9
BRDA:25,1,0,0
BRDA:25,1,1,0
BRDA:33,2,0,0
BRDA:33,2,1,0
BRDA:33,3,0,0
BRDA:33,3,1,0
BRDA:50,4,0,0
BRDA:50,4,1,0
BRDA:50,5,0,0
BRDA:50,5,1,0
BRDA:63,6,0,0
BRDA:63,6,1,0
BRDA:63,7,0,0
BRDA:63,7,1,0
BRDA:76,8,0,0
BRDA:76,8,1,0
BRDA:76,9,0,0
BRDA:76,9,1,0
BRF:18
BRH:0
end_of_record
TN:
SF:C:\Users\alarned\git\chpl-website\src\app\admin\components\announcement\announcements.directive.js
FN:1,(anonymous_1)
FN:6,(anonymous_2)
FN:21,AnnouncementsController
FN:32,activate
FN:38,loadAnnouncements
FN:40,(anonymous_6)
FN:42,(anonymous_7)
FN:47,create
FN:56,(anonymous_9)
FN:57,(anonymous_10)
FN:58,(anonymous_11)
FN:61,(anonymous_12)
FN:67,(anonymous_13)
FN:75,edit
FN:84,(anonymous_15)
FN:85,(anonymous_16)
FN:86,(anonymous_17)
FN:89,(anonymous_18)
FN:96,(anonymous_19)
FNF:19
FNH:1
FNDA:1,(anonymous_1)
FNDA:0,(anonymous_2)
FNDA:0,AnnouncementsController
FNDA:0,activate
FNDA:0,loadAnnouncements
FNDA:0,(anonymous_6)
FNDA:0,(anonymous_7)
FNDA:0,create
FNDA:0,(anonymous_9)
FNDA:0,(anonymous_10)
FNDA:0,(anonymous_11)
FNDA:0,(anonymous_12)
FNDA:0,(anonymous_13)
FNDA:0,edit
FNDA:0,(anonymous_15)
FNDA:0,(anonymous_16)
FNDA:0,(anonymous_17)
FNDA:0,(anonymous_18)
FNDA:0,(anonymous_19)
DA:1,1
DA:4,1
DA:7,0
DA:21,1
DA:22,0
DA:24,0
DA:25,0
DA:26,0
DA:28,0
DA:32,1
DA:33,0
DA:34,0
DA:35,0
DA:38,1
DA:39,0
DA:41,0
DA:43,0
DA:47,1
DA:48,0
DA:56,0
DA:57,0
DA:58,0
DA:61,0
DA:62,0
DA:63,0
DA:65,0
DA:66,0
DA:68,0
DA:69,0
DA:70,0
DA:75,1
DA:76,0
DA:84,0
DA:85,0
DA:86,0
DA:89,0
DA:90,0
DA:91,0
DA:93,0
DA:95,0
DA:97,0
DA:98,0
DA:99,0
LF:43
LH:7
BRDA:62,1,0,0
BRDA:62,1,1,0
BRDA:68,2,0,0
BRDA:68,2,1,0
BRDA:90,3,0,0
BRDA:90,3,1,0
BRDA:97,4,0,0
BRDA:97,4,1,0
BRF:8
BRH:0
end_of_record
TN:
SF:C:\Users\alarned\git\chpl-website\src\app\admin\components\announcement\announcementEdit.controller.js
FN:1,(anonymous_1)
FN:8,AnnouncementEditController
FN:23,activate
FN:29,datesInvalid
FN:37,save
FN:39,(anonymous_6)
FN:45,(anonymous_7)
FN:50,cancel
FN:54,create
FN:56,(anonymous_10)
FN:62,(anonymous_11)
FN:67,deleteAnnouncement
FN:69,(anonymous_13)
FN:75,(anonymous_14)
FNF:14
FNH:1
FNDA:1,(anonymous_1)
FNDA:0,AnnouncementEditController
FNDA:0,activate
FNDA:0,datesInvalid
FNDA:0,save
FNDA:0,(anonymous_6)
FNDA:0,(anonymous_7)
FNDA:0,cancel
FNDA:0,create
FNDA:0,(anonymous_10)
FNDA:0,(anonymous_11)
FNDA:0,deleteAnnouncement
FNDA:0,(anonymous_13)
FNDA:0,(anonymous_14)
DA:1,1
DA:4,1
DA:8,1
DA:9,0
DA:10,0
DA:11,0
DA:13,0
DA:14,0
DA:15,0
DA:16,0
DA:17,0
DA:19,0
DA:23,1
DA:24,0
DA:25,0
DA:26,0
DA:29,1
DA:30,0
DA:31,0
DA:33,0
DA:37,1
DA:38,0
DA:40,0
DA:41,0
DA:43,0
DA:46,0
DA:50,1
DA:51,0
DA:54,1
DA:55,0
DA:57,0
DA:58,0
DA:60,0
DA:63,0
DA:67,1
DA:68,0
DA:70,0
DA:71,0
DA:73,0
DA:76,0
LF:40
LH:9
BRDA:30,1,0,0
BRDA:30,1,1,0
BRDA:30,2,0,0
BRDA:30,2,1,0
BRDA:40,3,0,0
BRDA:40,3,1,0
BRDA:40,4,0,0
BRDA:40,4,1,0
BRDA:57,5,0,0
BRDA:57,5,1,0
BRDA:57,6,0,0
BRDA:57,6,1,0
BRDA:70,7,0,0
BRDA:70,7,1,0
BRDA:70,8,0,0
BRDA:70,8,1,0
BRF:16
BRH:0
end_of_record
TN:
SF:C:\Users\alarned\git\chpl-website\src\app\admin\components\additionalSoftware\additionalSoftwareModal.controller.js
FN:1,(anonymous_1)
FN:8,EditAdditionalSoftwareController
FN:17,save
FN:21,cancel
FNF:4
FNH:1
FNDA:1,(anonymous_1)
FNDA:0,EditAdditionalSoftwareController
FNDA:0,save
FNDA:0,cancel
DA:1,1
DA:4,1
DA:8,1
DA:9,0
DA:10,0
DA:12,0
DA:13,0
DA:17,1
DA:18,0
DA:21,1
DA:22,0
LF:11
LH:5
BRF:0
BRH:0
end_of_record
TN:
SF:C:\Users\alarned\git\chpl-website\src\app\admin\components\additionalSoftware\additionalSoftware.directive.js
FN:1,(anonymous_1)
FN:6,(anonymous_2)
FN:22,AdditionalSoftwareController
FN:34,activate
FN:53,addItem
FN:62,(anonymous_6)
FN:65,(anonymous_7)
FN:70,(anonymous_8)
FN:77,editItem
FN:86,(anonymous_10)
FN:89,(anonymous_11)
FN:91,(anonymous_12)
FN:98,isAndOrOr
FN:107,removeItem
FNF:14
FNH:5
FNDA:1,(anonymous_1)
FNDA:3,(anonymous_2)
FNDA:3,AdditionalSoftwareController
FNDA:3,activate
FNDA:0,addItem
FNDA:0,(anonymous_6)
FNDA:0,(anonymous_7)
FNDA:0,(anonymous_8)
FNDA:0,editItem
FNDA:0,(anonymous_10)
FNDA:0,(anonymous_11)
FNDA:0,(anonymous_12)
FNDA:3,isAndOrOr
FNDA:0,removeItem
DA:1,1
DA:4,1
DA:7,3
DA:22,1
DA:23,3
DA:25,3
DA:26,3
DA:27,3
DA:28,3
DA:30,3
DA:34,1
DA:35,3
DA:36,3
DA:37,3
DA:38,0
DA:39,0
DA:40,0
DA:41,0
DA:43,0
DA:44,0
DA:45,0
DA:47,0
DA:53,1
DA:54,0
DA:62,0
DA:65,0
DA:66,0
DA:67,0
DA:69,0
DA:71,0
DA:72,0
DA:77,1
DA:78,0
DA:86,0
DA:89,0
DA:90,0
DA:92,0
DA:93,0
DA:98,1
DA:99,3
DA:100,1
DA:101,2
DA:102,1
DA:104,1
DA:107,1
DA:108,0
LF:46
LH:23
BRDA:37,1,0,0
BRDA:37,1,1,3
BRDA:39,2,0,0
BRDA:39,2,1,0
BRDA:43,3,0,0
BRDA:43,3,1,0
BRDA:66,4,0,0
BRDA:66,4,1,0
BRDA:71,5,0,0
BRDA:71,5,1,0
BRDA:92,6,0,0
BRDA:92,6,1,0
BRDA:99,7,0,1
BRDA:99,7,1,2
BRDA:101,8,0,1
BRDA:101,8,1,1
BRF:16
BRH:5
end_of_record
TN:
SF:C:\Users\alarned\git\chpl-website\src\app\admin\components\acb\acbManagement.directive.js
FN:1,(anonymous_1)
FN:9,aiAcbManagement
FN:25,AcbManagementController
FN:38,activate
FN:45,doWork
FN:52,activateAcb
FN:57,loadData
FN:59,(anonymous_8)
FN:64,createAcb
FN:73,(anonymous_10)
FN:74,(anonymous_11)
FN:75,(anonymous_12)
FN:78,(anonymous_13)
FN:80,(anonymous_14)
FN:87,editAcb
FN:96,(anonymous_16)
FN:97,(anonymous_17)
FN:98,(anonymous_18)
FN:101,(anonymous_19)
FN:107,(anonymous_20)
FN:114,(anonymous_21)
FN:118,(anonymous_22)
FN:120,(anonymous_23)
FN:125,(anonymous_24)
FNF:24
FNH:4
FNDA:1,(anonymous_1)
FNDA:2,aiAcbManagement
FNDA:4,AcbManagementController
FNDA:4,activate
FNDA:0,doWork
FNDA:0,activateAcb
FNDA:0,loadData
FNDA:0,(anonymous_8)
FNDA:0,createAcb
FNDA:0,(anonymous_10)
FNDA:0,(anonymous_11)
FNDA:0,(anonymous_12)
FNDA:0,(anonymous_13)
FNDA:0,(anonymous_14)
FNDA:0,editAcb
FNDA:0,(anonymous_16)
FNDA:0,(anonymous_17)
FNDA:0,(anonymous_18)
FNDA:0,(anonymous_19)
FNDA:0,(anonymous_20)
FNDA:0,(anonymous_21)
FNDA:0,(anonymous_22)
FNDA:0,(anonymous_23)
FNDA:0,(anonymous_24)
DA:1,1
DA:4,1
DA:9,1
DA:10,2
DA:25,1
DA:26,4
DA:28,4
DA:29,4
DA:30,4
DA:31,4
DA:32,4
DA:34,4
DA:38,1
DA:39,4
DA:40,4
DA:41,4
DA:42,4
DA:45,1
DA:46,0
DA:47,0
DA:49,0
DA:52,1
DA:53,0
DA:54,0
DA:57,1
DA:58,0
DA:60,0
DA:64,1
DA:65,0
DA:73,0
DA:74,0
DA:75,0
DA:78,0
DA:79,0
DA:81,0
DA:82,0
DA:87,1
DA:88,0
DA:96,0
DA:97,0
DA:98,0
DA:101,0
DA:102,0
DA:103,0
DA:105,0
DA:108,0
DA:109,0
DA:114,4
DA:115,0
DA:118,4
DA:119,0
DA:121,0
DA:125,4
DA:126,0
DA:127,0
LF:55
LH:25
BRDA:46,1,0,0
BRDA:46,1,1,0
BRDA:81,2,0,0
BRDA:81,2,1,0
BRDA:102,3,0,0
BRDA:102,3,1,0
BRDA:108,4,0,0
BRDA:108,4,1,0
BRDA:126,5,0,0
BRDA:126,5,1,0
BRF:10
BRH:0
end_of_record
TN:
SF:C:\Users\alarned\git\chpl-website\src\app\admin\components\acb\acbEdit.controller.js
FN:1,(anonymous_1)
FN:8,EditAcbController
FN:24,activate
FN:30,save
FN:32,(anonymous_5)
FN:38,(anonymous_6)
FN:43,cancel
FN:47,create
FN:49,(anonymous_9)
FN:55,(anonymous_10)
FN:60,deleteAcb
FN:62,(anonymous_12)
FN:68,(anonymous_13)
FN:73,undeleteAcb
FN:75,(anonymous_15)
FN:81,(anonymous_16)
FNF:16
FNH:1
FNDA:1,(anonymous_1)
FNDA:0,EditAcbController
FNDA:0,activate
FNDA:0,save
FNDA:0,(anonymous_5)
FNDA:0,(anonymous_6)
FNDA:0,cancel
FNDA:0,create
FNDA:0,(anonymous_9)
FNDA:0,(anonymous_10)
FNDA:0,deleteAcb
FNDA:0,(anonymous_12)
FNDA:0,(anonymous_13)
FNDA:0,undeleteAcb
FNDA:0,(anonymous_15)
FNDA:0,(anonymous_16)
DA:1,1
DA:4,1
DA:8,1
DA:9,0
DA:10,0
DA:11,0
DA:12,0
DA:14,0
DA:15,0
DA:16,0
DA:17,0
DA:18,0
DA:20,0
DA:24,1
DA:25,0
DA:26,0
DA:30,1
DA:31,0
DA:33,0
DA:34,0
DA:36,0
DA:39,0
DA:43,1
DA:44,0
DA:47,1
DA:48,0
DA:50,0
DA:51,0
DA:53,0
DA:56,0
DA:60,1
DA:61,0
DA:63,0
DA:64,0
DA:66,0
DA:69,0
DA:73,1
DA:74,0
DA:76,0
DA:77,0
DA:79,0
DA:82,0
LF:42
LH:9
BRDA:25,1,0,0
BRDA:25,1,1,0
BRDA:33,2,0,0
BRDA:33,2,1,0
BRDA:33,3,0,0
BRDA:33,3,1,0
BRDA:50,4,0,0
BRDA:50,4,1,0
BRDA:50,5,0,0
BRDA:50,5,1,0
BRDA:63,6,0,0
BRDA:63,6,1,0
BRDA:63,7,0,0
BRDA:63,7,1,0
BRDA:76,8,0,0
BRDA:76,8,1,0
BRDA:76,9,0,0
BRDA:76,9,1,0
BRF:18
BRH:0
end_of_record
TN:
SF:C:\Users\alarned\git\chpl-website\src\app\admin\admin.controller.js
FN:1,(anonymous_1)
FN:8,AdminController
FN:30,activate
FN:69,(anonymous_4)
FN:75,(anonymous_5)
FN:82,changeAcb
FN:88,changeAtl
FN:94,changeScreen
FN:98,(anonymous_9)
FN:106,(anonymous_10)
FN:115,changeSubNav
FN:120,clearProductId
FN:129,clearSubsection
FN:137,getUsername
FN:141,isAcbAdmin
FN:145,isAtlAdmin
FN:149,isAuthed
FN:153,isChplAdmin
FN:157,isCmsStaff
FN:161,isOncStaff
FN:165,refresh
FN:166,(anonymous_22)
FN:171,triggerRefresh
FN:173,(anonymous_24)
FN:174,(anonymous_25)
FNF:25
FNH:13
FNDA:1,(anonymous_1)
FNDA:14,AdminController
FNDA:14,activate
FNDA:14,(anonymous_4)
FNDA:14,(anonymous_5)
FNDA:0,changeAcb
FNDA:0,changeAtl
FNDA:1,changeScreen
FNDA:0,(anonymous_9)
FNDA:0,(anonymous_10)
FNDA:0,changeSubNav
FNDA:1,clearProductId
FNDA:1,clearSubsection
FNDA:1,getUsername
FNDA:0,isAcbAdmin
FNDA:0,isAtlAdmin
FNDA:0,isAuthed
FNDA:56,isChplAdmin
FNDA:0,isCmsStaff
FNDA:0,isOncStaff
FNDA:1,refresh
FNDA:1,(anonymous_22)
FNDA:2,triggerRefresh
FNDA:0,(anonymous_24)
FNDA:0,(anonymous_25)
DA:1,1
DA:4,1
DA:8,1
DA:9,14
DA:11,14
DA:12,14
DA:13,14
DA:14,14
DA:15,14
DA:16,14
DA:17,14
DA:18,14
DA:19,14
DA:20,14
DA:21,14
DA:22,14
DA:23,14
DA:24,14
DA:26,14
DA:30,1
DA:31,14
DA:32,14
DA:37,14
DA:38,14
DA:39,0
DA:40,0
DA:42,14
DA:43,0
DA:45,14
DA:49,14
DA:50,0
DA:52,14
DA:53,0
DA:54,0
DA:55,0
DA:58,14
DA:59,0
DA:61,14
DA:62,0
DA:63,0
DA:68,14
DA:70,14
DA:71,14
DA:72,14
DA:74,14
DA:76,14
DA:77,14
DA:78,14
DA:82,1
DA:83,0
DA:84,0
DA:85,0
DA:88,1
DA:89,0
DA:90,0
DA:91,0
DA:94,1
DA:95,1
DA:96,1
DA:97,0
DA:99,0
DA:100,0
DA:101,0
DA:104,1
DA:105,0
DA:107,0
DA:108,0
DA:109,0
DA:112,1
DA:115,1
DA:116,0
DA:117,0
DA:120,1
DA:121,1
DA:122,1
DA:123,0
DA:124,0
DA:126,1
DA:129,1
DA:130,1
DA:131,1
DA:132,0
DA:133,0
DA:137,1
DA:138,1
DA:141,1
DA:142,0
DA:145,1
DA:146,0
DA:149,1
DA:150,0
DA:153,1
DA:154,56
DA:157,1
DA:158,0
DA:161,1
DA:162,0
DA:165,1
DA:166,1
DA:167,1
DA:171,1
DA:172,2
DA:173,2
DA:174,0
DA:175,0
DA:178,2
LF:106
LH:69
BRDA:37,1,0,14
BRDA:37,1,1,0
BRDA:37,2,0,14
BRDA:37,2,1,0
BRDA:39,3,0,0
BRDA:39,3,1,0
BRDA:42,4,0,0
BRDA:42,4,1,14
BRDA:49,5,0,0
BRDA:49,5,1,14
BRDA:52,6,0,0
BRDA:52,6,1,14
BRDA:53,7,0,0
BRDA:53,7,1,0
BRDA:58,8,0,0
BRDA:58,8,1,14
BRDA:61,9,0,0
BRDA:61,9,1,14
BRDA:96,10,0,0
BRDA:96,10,1,1
BRDA:104,11,0,0
BRDA:104,11,1,1
BRDA:122,12,0,0
BRDA:122,12,1,1
BRDA:131,13,0,0
BRDA:131,13,1,1
BRF:26
BRH:11
end_of_record
