<?xml version="1.0"?>
<testsuite name="PhantomJS 1.9.8 (Windows 8 0.0.0)" package="unit" timestamp="2016-12-14T14:30:25" id="0" hostname="t440p-20141219" tests="142" errors="0" failures="0" time="2.769">
  <properties>
    <property name="browser.fullName" value="Mozilla/5.0 (Windows NT 6.2; WOW64) AppleWebKit/534.34 (KHTML, like Gecko) PhantomJS/1.9.8 Safari/534.34"/>
  </properties>
  <testcase name="chpl.admin controller should exist" time="0.066" classname="PhantomJS_1_9_8_(Windows_8_0_0_0).unit.chpl.admin"/>
  <testcase name="chpl.admin controller should know the logged in user' name" time="0.019" classname="PhantomJS_1_9_8_(Windows_8_0_0_0).unit.chpl.admin"/>
  <testcase name="chpl.admin controller should have a default screen set up" time="0.01" classname="PhantomJS_1_9_8_(Windows_8_0_0_0).unit.chpl.admin"/>
  <testcase name="chpl.admin controller should know if the user is an ACB admin" time="0.016" classname="PhantomJS_1_9_8_(Windows_8_0_0_0).unit.chpl.admin"/>
  <testcase name="chpl.admin controller should know if the user is a CHPL admin" time="0.011" classname="PhantomJS_1_9_8_(Windows_8_0_0_0).unit.chpl.admin"/>
  <testcase name="chpl.admin controller should know if the user is logged in" time="0.023" classname="PhantomJS_1_9_8_(Windows_8_0_0_0).unit.chpl.admin"/>
  <testcase name="chpl.admin controller should store state of navigation" time="0.008" classname="PhantomJS_1_9_8_(Windows_8_0_0_0).unit.chpl.admin"/>
  <testcase name="chpl.admin controller should have a way to change screens" time="0.01" classname="PhantomJS_1_9_8_(Windows_8_0_0_0).unit.chpl.admin"/>
  <testcase name="chpl.admin controller should change to a different screen when called" time="0.015" classname="PhantomJS_1_9_8_(Windows_8_0_0_0).unit.chpl.admin"/>
  <testcase name="chpl.admin controller should have a function to change subnavigation screens" time="0.011" classname="PhantomJS_1_9_8_(Windows_8_0_0_0).unit.chpl.admin"/>
  <testcase name="chpl.admin controller should have a function to register handlers" time="0.013" classname="PhantomJS_1_9_8_(Windows_8_0_0_0).unit.chpl.admin"/>
  <testcase name="chpl.admin controller should add a handler function is one is passed in" time="0.01" classname="PhantomJS_1_9_8_(Windows_8_0_0_0).unit.chpl.admin"/>
  <testcase name="chpl.admin controller should have a function to trigger handlers" time="0.033" classname="PhantomJS_1_9_8_(Windows_8_0_0_0).unit.chpl.admin"/>
  <testcase name="chpl.admin controller should call handler functions when triggered" time="0.015" classname="PhantomJS_1_9_8_(Windows_8_0_0_0).unit.chpl.admin"/>
  <testcase name="chpl.admin.acbManagement.directive controller should exist" time="0.059" classname="PhantomJS_1_9_8_(Windows_8_0_0_0).unit.chpl.admin.acbManagement.directive"/>
  <testcase name="chpl.admin.acbManagement.directive controller should know if the logged in user is ACB and/or CHPL admin" time="0.025" classname="PhantomJS_1_9_8_(Windows_8_0_0_0).unit.chpl.admin.acbManagement.directive"/>
  <testcase name="admin.additionalSoftware should be compiled" time="0.024" classname="PhantomJS_1_9_8_(Windows_8_0_0_0).unit.admin.additionalSoftware"/>
  <testcase name="admin.additionalSoftware should have isolate scope object with instanciate members" time="0.043" classname="PhantomJS_1_9_8_(Windows_8_0_0_0).unit.admin.additionalSoftware"/>
  <testcase name="admin.additionalSoftware should know if it should be &quot;and&quot; or &quot;or&quot;" time="0.014" classname="PhantomJS_1_9_8_(Windows_8_0_0_0).unit.admin.additionalSoftware"/>
  <testcase name="chpl.admin.atlManagement.directive controller should exist" time="0.027" classname="PhantomJS_1_9_8_(Windows_8_0_0_0).unit.chpl.admin.atlManagement.directive"/>
  <testcase name="chpl.admin.atlManagement.directive controller should know if the logged in user is ATL and/or CHPL admin" time="0.032" classname="PhantomJS_1_9_8_(Windows_8_0_0_0).unit.chpl.admin.atlManagement.directive"/>
  <testcase name="chpl.admin.vpManagement.directive controller should exist" time="0.082" classname="PhantomJS_1_9_8_(Windows_8_0_0_0).unit.chpl.admin.vpManagement.directive"/>
  <testcase name="chpl.admin.vpManagement.directive controller should have developers at load" time="0.038" classname="PhantomJS_1_9_8_(Windows_8_0_0_0).unit.chpl.admin.vpManagement.directive"/>
  <testcase name="chpl.admin.vpManagement.directive controller shouldn't do anything if no developer is selected" time="0.04" classname="PhantomJS_1_9_8_(Windows_8_0_0_0).unit.chpl.admin.vpManagement.directive"/>
  <testcase name="chpl.admin.vpManagement.directive controller should set the activeDeveloper and call getProductsByDeveloper if there's one selected developer" time="0.045" classname="PhantomJS_1_9_8_(Windows_8_0_0_0).unit.chpl.admin.vpManagement.directive"/>
  <testcase name="chpl.admin.vpManagement.directive controller should create a mergeDeveloper if more than one developer is selected" time="0.038" classname="PhantomJS_1_9_8_(Windows_8_0_0_0).unit.chpl.admin.vpManagement.directive"/>
  <testcase name="chpl.admin.vpManagement.directive controller shouldn't do anything if no product is selected" time="0.089" classname="PhantomJS_1_9_8_(Windows_8_0_0_0).unit.chpl.admin.vpManagement.directive"/>
  <testcase name="chpl.admin.vpManagement.directive controller should set the activeProduct and call getVersionsByProduct if there's one selected product" time="0.036" classname="PhantomJS_1_9_8_(Windows_8_0_0_0).unit.chpl.admin.vpManagement.directive"/>
  <testcase name="chpl.admin.vpManagement.directive controller should create a mergeProduct if more than one product is selected" time="0.034" classname="PhantomJS_1_9_8_(Windows_8_0_0_0).unit.chpl.admin.vpManagement.directive"/>
  <testcase name="chpl.admin.login.directive controller should exist" time="0.025" classname="PhantomJS_1_9_8_(Windows_8_0_0_0).unit.chpl.admin.login.directive"/>
  <testcase name="chpl.admin.login.directive controller should have a function to log in" time="0.029" classname="PhantomJS_1_9_8_(Windows_8_0_0_0).unit.chpl.admin.login.directive"/>
  <testcase name="chpl.admin.login.directive controller should call commonService.login with correct parameters" time="0.037" classname="PhantomJS_1_9_8_(Windows_8_0_0_0).unit.chpl.admin.login.directive"/>
  <testcase name="chpl.admin.login.directive controller should have an error message if login credentials are bad" time="0" classname="PhantomJS_1_9_8_(Windows_8_0_0_0).unit.chpl.admin.login.directive">
    <skipped/>
  </testcase>
  <testcase name="chpl.admin.reports.directive controller should have loaded activity" time="0.1" classname="PhantomJS_1_9_8_(Windows_8_0_0_0).unit.chpl.admin.reports.directive"/>
  <testcase name="chpl.admin.reports.directive controller should know if the logged in user is ACB and/or CHPL admin" time="0.034" classname="PhantomJS_1_9_8_(Windows_8_0_0_0).unit.chpl.admin.reports.directive"/>
  <testcase name="chpl.admin.userManagement.directive controller should exist" time="0.016" classname="PhantomJS_1_9_8_(Windows_8_0_0_0).unit.chpl.admin.userManagement.directive"/>
  <testcase name="chpl.admin.userManagement.directive controller should have CRUD user functions" time="0.014" classname="PhantomJS_1_9_8_(Windows_8_0_0_0).unit.chpl.admin.userManagement.directive"/>
  <testcase name="chpl.admin.userManagement.directive controller should have an invite user function" time="0.019" classname="PhantomJS_1_9_8_(Windows_8_0_0_0).unit.chpl.admin.userManagement.directive"/>
  <testcase name="chpl.common.services should return editions" time="0.009" classname="PhantomJS_1_9_8_(Windows_8_0_0_0).unit.chpl.common.services"/>
  <testcase name="chpl.common.services should return developers" time="0.008" classname="PhantomJS_1_9_8_(Windows_8_0_0_0).unit.chpl.common.services"/>
  <testcase name="chpl.common.services should return practices" time="0.009" classname="PhantomJS_1_9_8_(Windows_8_0_0_0).unit.chpl.common.services"/>
  <testcase name="chpl.common.services should return certification bodies" time="0.009" classname="PhantomJS_1_9_8_(Windows_8_0_0_0).unit.chpl.common.services"/>
  <testcase name="chpl.common.util should have a function to add an option to a select" time="0.007" classname="PhantomJS_1_9_8_(Windows_8_0_0_0).unit.chpl.common.util"/>
  <testcase name="chpl.common.util should update the options when a new item is changed" time="0.008" classname="PhantomJS_1_9_8_(Windows_8_0_0_0).unit.chpl.common.util"/>
  <testcase name="chpl.common.util shouldn't add a new object if one was already added" time="0.008" classname="PhantomJS_1_9_8_(Windows_8_0_0_0).unit.chpl.common.util"/>
  <testcase name="chpl.common.util should be able to sort certs" time="0.008" classname="PhantomJS_1_9_8_(Windows_8_0_0_0).unit.chpl.common.util"/>
  <testcase name="chpl.common.util should be able to sort cqms" time="0.006" classname="PhantomJS_1_9_8_(Windows_8_0_0_0).unit.chpl.common.util"/>
  <testcase name="chpl.common.util should be able to sort requirements" time="0.008" classname="PhantomJS_1_9_8_(Windows_8_0_0_0).unit.chpl.common.util"/>
  <testcase name="chpl.common.util should be able to sort nonconformity types" time="0.007" classname="PhantomJS_1_9_8_(Windows_8_0_0_0).unit.chpl.common.util"/>
  <testcase name="chpl.compare.compare should exist" time="0.011" classname="PhantomJS_1_9_8_(Windows_8_0_0_0).unit.chpl.compare.compare"/>
  <testcase name="chpl.compare.compare should know if an element is open, and toggle open status" time="0.007" classname="PhantomJS_1_9_8_(Windows_8_0_0_0).unit.chpl.compare.compare"/>
  <testcase name="chpl.compare.compare should not allow more than one element to be open at once" time="0.007" classname="PhantomJS_1_9_8_(Windows_8_0_0_0).unit.chpl.compare.compare"/>
  <testcase name="chpl.compare.compare should track products to compare" time="0.007" classname="PhantomJS_1_9_8_(Windows_8_0_0_0).unit.chpl.compare.compare"/>
  <testcase name="chpl.certs.directive should be compiled" time="0.115" classname="PhantomJS_1_9_8_(Windows_8_0_0_0).unit.chpl.certs.directive"/>
  <testcase name="chpl.certs.directive should have isolate scope object with instanciate members" time="0.033" classname="PhantomJS_1_9_8_(Windows_8_0_0_0).unit.chpl.certs.directive"/>
  <testcase name="chpl.a.directive controller should exist" time="0.02" classname="PhantomJS_1_9_8_(Windows_8_0_0_0).unit.chpl.a.directive"/>
  <testcase name="chpl.a.directive controller should prepend with &quot;http&quot; if it isn't already" time="0.021" classname="PhantomJS_1_9_8_(Windows_8_0_0_0).unit.chpl.a.directive"/>
  <testcase name="chpl.a.directive controller should not prepend if &quot;http&quot; is already there" time="0.024" classname="PhantomJS_1_9_8_(Windows_8_0_0_0).unit.chpl.a.directive"/>
  <testcase name="chpl.array.directive controller should exist" time="0.033" classname="PhantomJS_1_9_8_(Windows_8_0_0_0).unit.chpl.array.directive"/>
  <testcase name="chpl.array.directive controller should have an empty array of items if none are passed in" time="0.033" classname="PhantomJS_1_9_8_(Windows_8_0_0_0).unit.chpl.array.directive"/>
  <testcase name="chpl.array.directive controller should have the items available if they're passed in" time="0.053" classname="PhantomJS_1_9_8_(Windows_8_0_0_0).unit.chpl.array.directive"/>
  <testcase name="chpl.array.directive controller should have a local id" time="0.039" classname="PhantomJS_1_9_8_(Windows_8_0_0_0).unit.chpl.array.directive"/>
  <testcase name="chpl.array.directive controller should have a function to remove items" time="0.109" classname="PhantomJS_1_9_8_(Windows_8_0_0_0).unit.chpl.array.directive"/>
  <testcase name="chpl.array.directive controller should remove items when told to do so" time="0.024" classname="PhantomJS_1_9_8_(Windows_8_0_0_0).unit.chpl.array.directive"/>
  <testcase name="chpl.array.directive controller should have a function to add items" time="0.02" classname="PhantomJS_1_9_8_(Windows_8_0_0_0).unit.chpl.array.directive"/>
  <testcase name="chpl.array.directive controller should add an item when told to" time="0.026" classname="PhantomJS_1_9_8_(Windows_8_0_0_0).unit.chpl.array.directive"/>
  <testcase name="chpl.array.directive controller adding two keyed objects should add a second item when told to" time="0.022" classname="PhantomJS_1_9_8_(Windows_8_0_0_0).unit.chpl.array.directive"/>
  <testcase name="chpl.array.directive controller adding two keyed objects should clear the fields if an item is added" time="0.029" classname="PhantomJS_1_9_8_(Windows_8_0_0_0).unit.chpl.array.directive"/>
  <testcase name="decertifications.developers.controller should exist" time="0.008" classname="PhantomJS_1_9_8_(Windows_8_0_0_0).unit.decertifications.developers.controller"/>
  <testcase name="decertifications.developers.controller should have called the commonService to load decertified Developers" time="0.006" classname="PhantomJS_1_9_8_(Windows_8_0_0_0).unit.decertifications.developers.controller"/>
  <testcase name="decertifications.developers.controller should know how many decertified Developers there are" time="0.007" classname="PhantomJS_1_9_8_(Windows_8_0_0_0).unit.decertifications.developers.controller"/>
  <testcase name="decertifications.developers.controller should set the displayed Developers to match the found ones" time="0.008" classname="PhantomJS_1_9_8_(Windows_8_0_0_0).unit.decertifications.developers.controller"/>
  <testcase name="decertifications.developers.controller should load the ACBs at page load" time="0.009" classname="PhantomJS_1_9_8_(Windows_8_0_0_0).unit.decertifications.developers.controller"/>
  <testcase name="decertifications.developers.controller should load the developer statuses at page load" time="0.01" classname="PhantomJS_1_9_8_(Windows_8_0_0_0).unit.decertifications.developers.controller"/>
  <testcase name="decertifications.developers.controller should generate the smart-table fields" time="0.007" classname="PhantomJS_1_9_8_(Windows_8_0_0_0).unit.decertifications.developers.controller"/>
  <testcase name="decertifications.products.controller should exist" time="0.018" classname="PhantomJS_1_9_8_(Windows_8_0_0_0).unit.decertifications.products.controller"/>
  <testcase name="decertifications.products.controller should have called the commonService to load decertified Products" time="0.007" classname="PhantomJS_1_9_8_(Windows_8_0_0_0).unit.decertifications.products.controller"/>
  <testcase name="decertifications.products.controller should know how many decertified Products there are" time="0.006" classname="PhantomJS_1_9_8_(Windows_8_0_0_0).unit.decertifications.products.controller"/>
  <testcase name="decertifications.products.controller should set the displayed Products to match the found ones" time="0.01" classname="PhantomJS_1_9_8_(Windows_8_0_0_0).unit.decertifications.products.controller"/>
  <testcase name="decertifications.products.controller should load the ACBs at page load" time="0.01" classname="PhantomJS_1_9_8_(Windows_8_0_0_0).unit.decertifications.products.controller"/>
  <testcase name="decertifications.products.controller should load the product statuses at page load" time="0.008" classname="PhantomJS_1_9_8_(Windows_8_0_0_0).unit.decertifications.products.controller"/>
  <testcase name="decertifications.products.controller should generate the smart-table fields" time="0.009" classname="PhantomJS_1_9_8_(Windows_8_0_0_0).unit.decertifications.products.controller"/>
  <testcase name="chpl.loginServices authorization services should parse a JWT Token" time="0.006" classname="PhantomJS_1_9_8_(Windows_8_0_0_0).unit.chpl.loginServices"/>
  <testcase name="chpl.loginServices authorization services should save a JWT Token" time="0.009" classname="PhantomJS_1_9_8_(Windows_8_0_0_0).unit.chpl.loginServices"/>
  <testcase name="chpl.navigation authInterceptor should have a defined Interceptor" time="0.006" classname="PhantomJS_1_9_8_(Windows_8_0_0_0).unit.chpl.navigation"/>
  <testcase name="chpl.navigation authInterceptor should have the interceptor as an interceptor" time="0.006" classname="PhantomJS_1_9_8_(Windows_8_0_0_0).unit.chpl.navigation"/>
  <testcase name="chpl.navigation authInterceptor should not put a token in the headers if there isn't one" time="0.008" classname="PhantomJS_1_9_8_(Windows_8_0_0_0).unit.chpl.navigation"/>
  <testcase name="chpl.navigation authInterceptor should put a token in the headers when there is one, and the API location matches" time="0.008" classname="PhantomJS_1_9_8_(Windows_8_0_0_0).unit.chpl.navigation"/>
  <testcase name="chpl.navigation authInterceptor should not put a token in the headers when there is one, but the API location is not correct" time="0.008" classname="PhantomJS_1_9_8_(Windows_8_0_0_0).unit.chpl.navigation"/>
  <testcase name="chpl.navigation authInterceptor should pass the response through unchanged if it' not coming from the defined URL" time="0.006" classname="PhantomJS_1_9_8_(Windows_8_0_0_0).unit.chpl.navigation"/>
  <testcase name="chpl.navigation authInterceptor should set the token if one is found, from the correct URL" time="0.096" classname="PhantomJS_1_9_8_(Windows_8_0_0_0).unit.chpl.navigation"/>
  <testcase name="chpl.navigation authInterceptor should JSON parse a &quot;string&quot; data object" time="0.005" classname="PhantomJS_1_9_8_(Windows_8_0_0_0).unit.chpl.navigation"/>
  <testcase name="chpl.navigation controller should exist" time="0.013" classname="PhantomJS_1_9_8_(Windows_8_0_0_0).unit.chpl.navigation"/>
  <testcase name="chpl.navigation controller should return the user name of the logged in user" time="0.011" classname="PhantomJS_1_9_8_(Windows_8_0_0_0).unit.chpl.navigation"/>
  <testcase name="chpl.navigation controller should call the authService to check if the user is authenticated" time="0.007" classname="PhantomJS_1_9_8_(Windows_8_0_0_0).unit.chpl.navigation"/>
  <testcase name="chpl.navigation controller should know what page is active" time="0.01" classname="PhantomJS_1_9_8_(Windows_8_0_0_0).unit.chpl.navigation"/>
  <testcase name="chpl.product.controller should exist" time="0.01" classname="PhantomJS_1_9_8_(Windows_8_0_0_0).unit.chpl.product.controller"/>
  <testcase name="chpl.registration.apiKey.directive controller should exist" time="0.016" classname="PhantomJS_1_9_8_(Windows_8_0_0_0).unit.chpl.registration.apiKey.directive"/>
  <testcase name="chpl.registration.apiKey.directive controller should have no key on load" time="0.013" classname="PhantomJS_1_9_8_(Windows_8_0_0_0).unit.chpl.registration.apiKey.directive"/>
  <testcase name="chpl.registration.apiKey.directive controller should call the common service to load users" time="0.013" classname="PhantomJS_1_9_8_(Windows_8_0_0_0).unit.chpl.registration.apiKey.directive"/>
  <testcase name="chpl.registration.apiKey.directive controller should load users" time="0.02" classname="PhantomJS_1_9_8_(Windows_8_0_0_0).unit.chpl.registration.apiKey.directive"/>
  <testcase name="chpl.registration.apiKey.directive controller should log an error if getApiUsers fails" time="0.014" classname="PhantomJS_1_9_8_(Windows_8_0_0_0).unit.chpl.registration.apiKey.directive"/>
  <testcase name="chpl.registration.apiKey.directive controller should register a user if they have valid components" time="0.013" classname="PhantomJS_1_9_8_(Windows_8_0_0_0).unit.chpl.registration.apiKey.directive"/>
  <testcase name="chpl.registration.apiKey.directive controller should log an error if registerApi fails" time="0.02" classname="PhantomJS_1_9_8_(Windows_8_0_0_0).unit.chpl.registration.apiKey.directive"/>
  <testcase name="chpl.registration.apiKey.directive controller should not call registerApi if name or email is blank" time="0.019" classname="PhantomJS_1_9_8_(Windows_8_0_0_0).unit.chpl.registration.apiKey.directive"/>
  <testcase name="chpl.registration.apiKey.directive controller should revoke a user with valid components and refresh" time="0.023" classname="PhantomJS_1_9_8_(Windows_8_0_0_0).unit.chpl.registration.apiKey.directive"/>
  <testcase name="chpl.registration.apiKey.directive controller should log an error if revokeApi fails" time="0.022" classname="PhantomJS_1_9_8_(Windows_8_0_0_0).unit.chpl.registration.apiKey.directive"/>
  <testcase name="chpl.registration.apiKey.directive controller should not call revokeApi if name or email is blank" time="0.029" classname="PhantomJS_1_9_8_(Windows_8_0_0_0).unit.chpl.registration.apiKey.directive"/>
  <testcase name="chpl.registration controller should exist" time="0.01" classname="PhantomJS_1_9_8_(Windows_8_0_0_0).unit.chpl.registration"/>
  <testcase name="chpl.registration controller should have a &quot;confirm user&quot; function" time="0.007" classname="PhantomJS_1_9_8_(Windows_8_0_0_0).unit.chpl.registration"/>
  <testcase name="chpl.registration controller should have the hash as the string to confirm with" time="0.005" classname="PhantomJS_1_9_8_(Windows_8_0_0_0).unit.chpl.registration"/>
  <testcase name="chpl.registration controller should exist" time="0.008" classname="PhantomJS_1_9_8_(Windows_8_0_0_0).unit.chpl.registration"/>
  <testcase name="chpl.registration controller should have a &quot;create user&quot; function" time="0.006" classname="PhantomJS_1_9_8_(Windows_8_0_0_0).unit.chpl.registration"/>
  <testcase name="chpl.registration controller should have the hash as part of the userDetails object" time="0.006" classname="PhantomJS_1_9_8_(Windows_8_0_0_0).unit.chpl.registration"/>
  <testcase name="chpl.registration controller should not call createUser if the details aren't complete" time="0.01" classname="PhantomJS_1_9_8_(Windows_8_0_0_0).unit.chpl.registration"/>
  <testcase name="chpl.registration controller should have an isAuthed function" time="0.008" classname="PhantomJS_1_9_8_(Windows_8_0_0_0).unit.chpl.registration"/>
  <testcase name="chpl.registration controller should call createUser if the details are complete" time="0" classname="PhantomJS_1_9_8_(Windows_8_0_0_0).unit.chpl.registration">
    <skipped/>
  </testcase>
  <testcase name="chpl.registration controller should require password and verify password to be equal" time="0.006" classname="PhantomJS_1_9_8_(Windows_8_0_0_0).unit.chpl.registration"/>
  <testcase name="chpl.registration controller should call &quot;authorizeUser&quot; if the user tries to log in" time="0" classname="PhantomJS_1_9_8_(Windows_8_0_0_0).unit.chpl.registration">
    <skipped/>
  </testcase>
  <testcase name="chpl.registration controller should redirect to /admin after createUser is finished" time="0" classname="PhantomJS_1_9_8_(Windows_8_0_0_0).unit.chpl.registration">
    <skipped/>
  </testcase>
  <testcase name="chpl.registration controller should redirect to /admin after authorizeUser is finished" time="0" classname="PhantomJS_1_9_8_(Windows_8_0_0_0).unit.chpl.registration">
    <skipped/>
  </testcase>
  <testcase name="chpl.resources controller should exist" time="0.012" classname="PhantomJS_1_9_8_(Windows_8_0_0_0).unit.chpl.resources"/>
  <testcase name="chpl.resources controller should load have a swaggerUI at start" time="0.011" classname="PhantomJS_1_9_8_(Windows_8_0_0_0).unit.chpl.resources"/>
  <testcase name="chpl.search.controller should exist" time="0.021" classname="PhantomJS_1_9_8_(Windows_8_0_0_0).unit.chpl.search.controller"/>
  <testcase name="chpl.search.controller should know if it has results" time="0.112" classname="PhantomJS_1_9_8_(Windows_8_0_0_0).unit.chpl.search.controller"/>
  <testcase name="chpl.search.controller should know which elements are selected for comparison" time="0.008" classname="PhantomJS_1_9_8_(Windows_8_0_0_0).unit.chpl.search.controller"/>
  <testcase name="chpl.search.controller should know if it has results" time="0.008" classname="PhantomJS_1_9_8_(Windows_8_0_0_0).unit.chpl.search.controller"/>
  <testcase name="chpl.search.controller should perform a simple string search" time="0.01" classname="PhantomJS_1_9_8_(Windows_8_0_0_0).unit.chpl.search.controller"/>
  <testcase name="chpl.search.controller should perform a simple search on an object" time="0.009" classname="PhantomJS_1_9_8_(Windows_8_0_0_0).unit.chpl.search.controller"/>
  <testcase name="chpl.search.controller should perform an advanced search" time="0.008" classname="PhantomJS_1_9_8_(Windows_8_0_0_0).unit.chpl.search.controller"/>
  <testcase name="chpl.search.controller should redirect to /compare when &quot;compare&quot; is clicked" time="0.008" classname="PhantomJS_1_9_8_(Windows_8_0_0_0).unit.chpl.search.controller"/>
  <testcase name="chpl.search.controller should not redirect to /compare unless there are at least 2 ids to compare" time="0.008" classname="PhantomJS_1_9_8_(Windows_8_0_0_0).unit.chpl.search.controller"/>
  <testcase name="chpl.search.controller should have a way to clear search terms and results" time="0.007" classname="PhantomJS_1_9_8_(Windows_8_0_0_0).unit.chpl.search.controller"/>
  <testcase name="chpl.search.controller filters should change the filter to be the correct filter object" time="0.007" classname="PhantomJS_1_9_8_(Windows_8_0_0_0).unit.chpl.search.controller"/>
  <testcase name="chpl.search.controller filters should have a way to tell if a filter has changed from the default" time="0.007" classname="PhantomJS_1_9_8_(Windows_8_0_0_0).unit.chpl.search.controller"/>
  <testcase name="chpl.search.controller filters should have a way to tell if a filter category has any change from the default" time="0.008" classname="PhantomJS_1_9_8_(Windows_8_0_0_0).unit.chpl.search.controller"/>
  <testcase name="chpl.search.controller filters certificationStatus filters should have a filter to filter out certificationStatuses" time="0.007" classname="PhantomJS_1_9_8_(Windows_8_0_0_0).unit.chpl.search.controller"/>
  <testcase name="chpl.search.controller filters certificationStatus filters should return false if the selected status has 0 objects" time="0.008" classname="PhantomJS_1_9_8_(Windows_8_0_0_0).unit.chpl.search.controller"/>
  <testcase name="chpl.search.controller filters certificationStatus filters should return true if the selected status has 1 or more objects" time="0.007" classname="PhantomJS_1_9_8_(Windows_8_0_0_0).unit.chpl.search.controller"/>
  <testcase name="chpl.search.controller filters certificationStatus filters should return true if the object has no statuses" time="0.008" classname="PhantomJS_1_9_8_(Windows_8_0_0_0).unit.chpl.search.controller"/>
  <testcase name="chpl.search.controller filters certificationStatus filters should have a function to get the right icon for a status" time="0.007" classname="PhantomJS_1_9_8_(Windows_8_0_0_0).unit.chpl.search.controller"/>
  <testcase name="chpl.search.controller filters certificationStatus filters should get the right icon for various statuses" time="0.008" classname="PhantomJS_1_9_8_(Windows_8_0_0_0).unit.chpl.search.controller"/>
  <system-out>
    <![CDATA[
]]>
  </system-out>
  <system-err/>
</testsuite>